[35m[1mScanning dependencies of target cpp_sub_spiral[0m
[ 50%] Built target cpp_pub_spiral
[ 75%] [32mBuilding CXX object CMakeFiles/cpp_sub_spiral.dir/src/cpp_sub_spiral.cpp.o[0m
[01m[K/home/xcy/ros2_ws/src/cpp_topic/src/cpp_sub_spiral.cpp:[m[K In member function ‘[01m[Kvoid MinimalSubscriber::topic_callback(onix_backend_messages::msg::SystemConfig_<std::allocator<void> >::SharedPtr)[m[K’:
[01m[K/home/xcy/ros2_ws/src/cpp_topic/src/cpp_sub_spiral.cpp:27:75:[m[K [01;31m[Kerror: [m[Kno matching function for call to ‘[01m[Kstof(onix_backend_messages::msg::SystemConfig_<std::allocator<void> >::_controller_temp_type&)[m[K’
   27 |         status_data_msg_->controller_temp = std::stof(msg->controller_temp[01;31m[K)[m[K;
      |                                                                           [01;31m[K^[m[K
In file included from [01m[K/usr/include/c++/9/string:55[m[K,
                 from [01m[K/usr/include/c++/9/stdexcept:39[m[K,
                 from [01m[K/usr/include/c++/9/array:39[m[K,
                 from [01m[K/usr/include/c++/9/tuple:39[m[K,
                 from [01m[K/usr/include/c++/9/bits/unique_ptr.h:37[m[K,
                 from [01m[K/usr/include/c++/9/memory:80[m[K,
                 from [01m[K/home/xcy/ros2_ws/src/cpp_topic/src/cpp_sub_spiral.cpp:1[m[K:
[01m[K/usr/include/c++/9/bits/basic_string.h:6532:3:[m[K [01;36m[Knote: [m[Kcandidate: ‘[01m[Kfloat std::__cxx11::stof(const string&, std::size_t*)[m[K’
 6532 |   [01;36m[Kstof[m[K(const string& __str, size_t* __idx = 0)
      |   [01;36m[K^~~~[m[K
[01m[K/usr/include/c++/9/bits/basic_string.h:6532:22:[m[K [01;36m[Knote: [m[K  no known conversion for argument 1 from ‘[01m[Konix_backend_messages::msg::SystemConfig_<std::allocator<void> >::_controller_temp_type[m[K’ {aka ‘[01m[Kfloat[m[K’} to ‘[01m[Kconst string&[m[K’ {aka ‘[01m[Kconst std::__cxx11::basic_string<char>&[m[K’}
 6532 |   stof([01;36m[Kconst string& __str[m[K, size_t* __idx = 0)
      |        [01;36m[K~~~~~~~~~~~~~~^~~~~[m[K
[01m[K/usr/include/c++/9/bits/basic_string.h:6638:3:[m[K [01;36m[Knote: [m[Kcandidate: ‘[01m[Kfloat std::__cxx11::stof(const wstring&, std::size_t*)[m[K’
 6638 |   [01;36m[Kstof[m[K(const wstring& __str, size_t* __idx = 0)
      |   [01;36m[K^~~~[m[K
[01m[K/usr/include/c++/9/bits/basic_string.h:6638:23:[m[K [01;36m[Knote: [m[K  no known conversion for argument 1 from ‘[01m[Konix_backend_messages::msg::SystemConfig_<std::allocator<void> >::_controller_temp_type[m[K’ {aka ‘[01m[Kfloat[m[K’} to ‘[01m[Kconst wstring&[m[K’ {aka ‘[01m[Kconst std::__cxx11::basic_string<wchar_t>&[m[K’}
 6638 |   stof([01;36m[Kconst wstring& __str[m[K, size_t* __idx = 0)
      |        [01;36m[K~~~~~~~~~~~~~~~^~~~~[m[K
make[2]: *** [CMakeFiles/cpp_sub_spiral.dir/build.make:63: CMakeFiles/cpp_sub_spiral.dir/src/cpp_sub_spiral.cpp.o] Error 1
make[1]: *** [CMakeFiles/Makefile2:80: CMakeFiles/cpp_sub_spiral.dir/all] Error 2
make: *** [Makefile:141: all] Error 2
