-- Found ament_cmake: 0.9.12 (/opt/ros/foxy/share/ament_cmake/cmake)
-- Using PYTHON_EXECUTABLE: /usr/bin/python3
-- Override CMake install command with custom implementation using symlinks instead of copying resources
-- Found rclcpp: 2.4.3 (/opt/ros/foxy/share/rclcpp/cmake)
-- Using all available rosidl_typesupport_c: rosidl_typesupport_fastrtps_c;rosidl_typesupport_introspection_c
-- Found rosidl_adapter: 1.3.1 (/opt/ros/foxy/share/rosidl_adapter/cmake)
-- Using all available rosidl_typesupport_cpp: rosidl_typesupport_fastrtps_cpp;rosidl_typesupport_introspection_cpp
-- Found rmw_implementation_cmake: 1.0.4 (/opt/ros/foxy/share/rmw_implementation_cmake/cmake)
-- Using RMW implementation 'rmw_fastrtps_cpp' as default
-- Found geometry_msgs: 2.0.5 (/opt/ros/foxy/share/geometry_msgs/cmake)
-- Found onix_backend_messages: 1.0.0 (/home/xcy/ros2_ws3/install/onix_backend_messages/share/onix_backend_messages/cmake)
-- Configuring done
-- Generating done
-- Build files have been written to: /home/xcy/ros2_ws/build/cpp_topic
[35m[1mScanning dependencies of target cpp_sub_spiral[0m
[35m[1mScanning dependencies of target robot_motion_sub[0m
[ 50%] [32mBuilding CXX object CMakeFiles/cpp_sub_spiral.dir/src/cpp_sub_spiral.cpp.o[0m
[ 50%] [32mBuilding CXX object CMakeFiles/robot_motion_sub.dir/src/robot_motion_sub.cpp.o[0m
[ 75%] [32m[1mLinking CXX executable robot_motion_sub[0m
[ 75%] Built target robot_motion_sub
[100%] [32m[1mLinking CXX executable cpp_sub_spiral[0m
[100%] Built target cpp_sub_spiral
-- Install configuration: ""
-- Execute custom install script
-- Symlinking: /home/xcy/ros2_ws/install/cpp_topic/lib/cpp_topic/cpp_sub_spiral
-- Symlinking: /home/xcy/ros2_ws/install/cpp_topic/lib/cpp_topic/robot_motion_sub
-- Symlinking: /home/xcy/ros2_ws/install/cpp_topic/share/ament_index/resource_index/package_run_dependencies/cpp_topic
-- Symlinking: /home/xcy/ros2_ws/install/cpp_topic/share/ament_index/resource_index/parent_prefix_path/cpp_topic
-- Symlinking: /home/xcy/ros2_ws/install/cpp_topic/share/cpp_topic/environment/ament_prefix_path.sh
-- Symlinking: /home/xcy/ros2_ws/install/cpp_topic/share/cpp_topic/environment/ament_prefix_path.dsv
-- Symlinking: /home/xcy/ros2_ws/install/cpp_topic/share/cpp_topic/environment/path.sh
-- Symlinking: /home/xcy/ros2_ws/install/cpp_topic/share/cpp_topic/environment/path.dsv
-- Symlinking: /home/xcy/ros2_ws/install/cpp_topic/share/cpp_topic/local_setup.bash
-- Symlinking: /home/xcy/ros2_ws/install/cpp_topic/share/cpp_topic/local_setup.sh
-- Symlinking: /home/xcy/ros2_ws/install/cpp_topic/share/cpp_topic/local_setup.zsh
-- Symlinking: /home/xcy/ros2_ws/install/cpp_topic/share/cpp_topic/local_setup.dsv
-- Symlinking: /home/xcy/ros2_ws/install/cpp_topic/share/cpp_topic/package.dsv
-- Symlinking: /home/xcy/ros2_ws/install/cpp_topic/share/ament_index/resource_index/packages/cpp_topic
-- Symlinking: /home/xcy/ros2_ws/install/cpp_topic/share/cpp_topic/cmake/cpp_topicConfig.cmake
-- Symlinking: /home/xcy/ros2_ws/install/cpp_topic/share/cpp_topic/cmake/cpp_topicConfig-version.cmake
-- Symlinking: /home/xcy/ros2_ws/install/cpp_topic/share/cpp_topic/package.xml
