[0.231s] Invoking command in '/home/xcy/ros2_ws/build/cpp_topic': CMAKE_PREFIX_PATH=${CMAKE_PREFIX_PATH}:/home/xcy/ros2_ws3/install/py_topic:/home/xcy/ros2_ws2/install/py_srvcli:/opt/ros/foxy /usr/bin/cmake /home/xcy/ros2_ws/src/cpp_topic -DCMAKE_INSTALL_PREFIX=/home/xcy/ros2_ws/install/cpp_topic
[0.245s] -- Found ament_cmake: 0.9.12 (/opt/ros/foxy/share/ament_cmake/cmake)
[0.262s] -- Using PYTHON_EXECUTABLE: /usr/bin/python3
[0.404s] -- Override CMake install command with custom implementation using symlinks instead of copying resources
[0.410s] -- Found rclcpp: 2.4.3 (/opt/ros/foxy/share/rclcpp/cmake)
[0.440s] -- Using all available rosidl_typesupport_c: rosidl_typesupport_fastrtps_c;rosidl_typesupport_introspection_c
[0.443s] -- Found rosidl_adapter: 1.3.1 (/opt/ros/foxy/share/rosidl_adapter/cmake)
[0.529s] -- Using all available rosidl_typesupport_cpp: rosidl_typesupport_fastrtps_cpp;rosidl_typesupport_introspection_cpp
[0.576s] -- Found rmw_implementation_cmake: 1.0.4 (/opt/ros/foxy/share/rmw_implementation_cmake/cmake)
[0.576s] -- Using RMW implementation 'rmw_fastrtps_cpp' as default
[0.700s] -- Found geometry_msgs: 2.0.5 (/opt/ros/foxy/share/geometry_msgs/cmake)
[0.731s] -- Found onix_backend_messages: 1.0.0 (/home/xcy/ros2_ws3/install/onix_backend_messages/share/onix_backend_messages/cmake)
[0.794s] -- Configuring done
[0.804s] -- Generating done
[0.805s] -- Build files have been written to: /home/xcy/ros2_ws/build/cpp_topic
[0.810s] Invoked command in '/home/xcy/ros2_ws/build/cpp_topic' returned '0': CMAKE_PREFIX_PATH=${CMAKE_PREFIX_PATH}:/home/xcy/ros2_ws3/install/py_topic:/home/xcy/ros2_ws2/install/py_srvcli:/opt/ros/foxy /usr/bin/cmake /home/xcy/ros2_ws/src/cpp_topic -DCMAKE_INSTALL_PREFIX=/home/xcy/ros2_ws/install/cpp_topic
[0.813s] Invoking command in '/home/xcy/ros2_ws/build/cpp_topic': CMAKE_PREFIX_PATH=${CMAKE_PREFIX_PATH}:/home/xcy/ros2_ws3/install/py_topic:/home/xcy/ros2_ws2/install/py_srvcli:/opt/ros/foxy /usr/bin/cmake --build /home/xcy/ros2_ws/build/cpp_topic -- -j8 -l8
[0.850s] [35m[1mScanning dependencies of target cpp_sub_spiral[0m
[0.850s] [35m[1mScanning dependencies of target robot_motion_sub[0m
[0.879s] [ 50%] [32mBuilding CXX object CMakeFiles/cpp_sub_spiral.dir/src/cpp_sub_spiral.cpp.o[0m
[0.879s] [ 50%] [32mBuilding CXX object CMakeFiles/robot_motion_sub.dir/src/robot_motion_sub.cpp.o[0m
[6.059s] [ 75%] [32m[1mLinking CXX executable robot_motion_sub[0m
[6.303s] [ 75%] Built target robot_motion_sub
[7.662s] [100%] [32m[1mLinking CXX executable cpp_sub_spiral[0m
[7.945s] [100%] Built target cpp_sub_spiral
[7.958s] Invoked command in '/home/xcy/ros2_ws/build/cpp_topic' returned '0': CMAKE_PREFIX_PATH=${CMAKE_PREFIX_PATH}:/home/xcy/ros2_ws3/install/py_topic:/home/xcy/ros2_ws2/install/py_srvcli:/opt/ros/foxy /usr/bin/cmake --build /home/xcy/ros2_ws/build/cpp_topic -- -j8 -l8
[7.995s] Invoking command in '/home/xcy/ros2_ws/build/cpp_topic': CMAKE_PREFIX_PATH=${CMAKE_PREFIX_PATH}:/home/xcy/ros2_ws3/install/py_topic:/home/xcy/ros2_ws2/install/py_srvcli:/opt/ros/foxy /usr/bin/cmake --install /home/xcy/ros2_ws/build/cpp_topic
[8.003s] -- Install configuration: ""
[8.004s] -- Execute custom install script
[8.004s] -- Symlinking: /home/xcy/ros2_ws/install/cpp_topic/lib/cpp_topic/cpp_sub_spiral
[8.014s] -- Symlinking: /home/xcy/ros2_ws/install/cpp_topic/lib/cpp_topic/robot_motion_sub
[8.024s] -- Symlinking: /home/xcy/ros2_ws/install/cpp_topic/share/ament_index/resource_index/package_run_dependencies/cpp_topic
[8.033s] -- Symlinking: /home/xcy/ros2_ws/install/cpp_topic/share/ament_index/resource_index/parent_prefix_path/cpp_topic
[8.043s] -- Symlinking: /home/xcy/ros2_ws/install/cpp_topic/share/cpp_topic/environment/ament_prefix_path.sh
[8.051s] -- Symlinking: /home/xcy/ros2_ws/install/cpp_topic/share/cpp_topic/environment/ament_prefix_path.dsv
[8.062s] -- Symlinking: /home/xcy/ros2_ws/install/cpp_topic/share/cpp_topic/environment/path.sh
[8.072s] -- Symlinking: /home/xcy/ros2_ws/install/cpp_topic/share/cpp_topic/environment/path.dsv
[8.081s] -- Symlinking: /home/xcy/ros2_ws/install/cpp_topic/share/cpp_topic/local_setup.bash
[8.091s] -- Symlinking: /home/xcy/ros2_ws/install/cpp_topic/share/cpp_topic/local_setup.sh
[8.099s] -- Symlinking: /home/xcy/ros2_ws/install/cpp_topic/share/cpp_topic/local_setup.zsh
[8.110s] -- Symlinking: /home/xcy/ros2_ws/install/cpp_topic/share/cpp_topic/local_setup.dsv
[8.118s] -- Symlinking: /home/xcy/ros2_ws/install/cpp_topic/share/cpp_topic/package.dsv
[8.128s] -- Symlinking: /home/xcy/ros2_ws/install/cpp_topic/share/ament_index/resource_index/packages/cpp_topic
[8.137s] -- Symlinking: /home/xcy/ros2_ws/install/cpp_topic/share/cpp_topic/cmake/cpp_topicConfig.cmake
[8.146s] -- Symlinking: /home/xcy/ros2_ws/install/cpp_topic/share/cpp_topic/cmake/cpp_topicConfig-version.cmake
[8.154s] -- Symlinking: /home/xcy/ros2_ws/install/cpp_topic/share/cpp_topic/package.xml
[8.166s] Invoked command in '/home/xcy/ros2_ws/build/cpp_topic' returned '0': CMAKE_PREFIX_PATH=${CMAKE_PREFIX_PATH}:/home/xcy/ros2_ws3/install/py_topic:/home/xcy/ros2_ws2/install/py_srvcli:/opt/ros/foxy /usr/bin/cmake --install /home/xcy/ros2_ws/build/cpp_topic
