[0.182s] Invoking command in '/home/xcy/ros2_ws/build/cpp_topic': CMAKE_PREFIX_PATH=${CMAKE_PREFIX_PATH}:/home/xcy/ros2_ws3/install/py_topic:/opt/ros/foxy /usr/bin/cmake --build /home/xcy/ros2_ws/build/cpp_topic -- -j8 -l8
[0.218s] [35m[1mScanning dependencies of target cpp_sub_spiral[0m
[0.238s] [ 66%] Built target cpp_pub_spiral
[0.239s] [ 66%] Built target robot_motion_sub
[0.249s] [ 83%] [32mBuilding CXX object CMakeFiles/cpp_sub_spiral.dir/src/cpp_sub_spiral.cpp.o[0m
[7.169s] [100%] [32m[1mLinking CXX executable cpp_sub_spiral[0m
[7.498s] [100%] Built target cpp_sub_spiral
[7.509s] Invoked command in '/home/xcy/ros2_ws/build/cpp_topic' returned '0': CMAKE_PREFIX_PATH=${CMAKE_PREFIX_PATH}:/home/xcy/ros2_ws3/install/py_topic:/opt/ros/foxy /usr/bin/cmake --build /home/xcy/ros2_ws/build/cpp_topic -- -j8 -l8
[7.544s] Invoking command in '/home/xcy/ros2_ws/build/cpp_topic': CMAKE_PREFIX_PATH=${CMAKE_PREFIX_PATH}:/home/xcy/ros2_ws3/install/py_topic:/opt/ros/foxy /usr/bin/cmake --install /home/xcy/ros2_ws/build/cpp_topic
[7.552s] -- Install configuration: "Debug"
[7.552s] -- Up-to-date: /home/xcy/ros2_ws/install/cpp_topic/lib/cpp_topic/cpp_pub_spiral
[7.552s] -- Installing: /home/xcy/ros2_ws/install/cpp_topic/lib/cpp_topic/cpp_sub_spiral
[7.560s] -- Set runtime path of "/home/xcy/ros2_ws/install/cpp_topic/lib/cpp_topic/cpp_sub_spiral" to ""
[7.561s] -- Up-to-date: /home/xcy/ros2_ws/install/cpp_topic/lib/cpp_topic/robot_motion_sub
[7.561s] -- Up-to-date: /home/xcy/ros2_ws/install/cpp_topic/share/ament_index/resource_index/package_run_dependencies/cpp_topic
[7.561s] -- Up-to-date: /home/xcy/ros2_ws/install/cpp_topic/share/ament_index/resource_index/parent_prefix_path/cpp_topic
[7.561s] -- Up-to-date: /home/xcy/ros2_ws/install/cpp_topic/share/cpp_topic/environment/ament_prefix_path.sh
[7.561s] -- Up-to-date: /home/xcy/ros2_ws/install/cpp_topic/share/cpp_topic/environment/ament_prefix_path.dsv
[7.561s] -- Up-to-date: /home/xcy/ros2_ws/install/cpp_topic/share/cpp_topic/environment/path.sh
[7.561s] -- Up-to-date: /home/xcy/ros2_ws/install/cpp_topic/share/cpp_topic/environment/path.dsv
[7.561s] -- Up-to-date: /home/xcy/ros2_ws/install/cpp_topic/share/cpp_topic/local_setup.bash
[7.561s] -- Up-to-date: /home/xcy/ros2_ws/install/cpp_topic/share/cpp_topic/local_setup.sh
[7.561s] -- Up-to-date: /home/xcy/ros2_ws/install/cpp_topic/share/cpp_topic/local_setup.zsh
[7.562s] -- Up-to-date: /home/xcy/ros2_ws/install/cpp_topic/share/cpp_topic/local_setup.dsv
[7.562s] -- Installing: /home/xcy/ros2_ws/install/cpp_topic/share/cpp_topic/package.dsv
[7.562s] -- Up-to-date: /home/xcy/ros2_ws/install/cpp_topic/share/ament_index/resource_index/packages/cpp_topic
[7.562s] -- Up-to-date: /home/xcy/ros2_ws/install/cpp_topic/share/cpp_topic/cmake/cpp_topicConfig.cmake
[7.562s] -- Up-to-date: /home/xcy/ros2_ws/install/cpp_topic/share/cpp_topic/cmake/cpp_topicConfig-version.cmake
[7.562s] -- Up-to-date: /home/xcy/ros2_ws/install/cpp_topic/share/cpp_topic/package.xml
[7.563s] Invoked command in '/home/xcy/ros2_ws/build/cpp_topic' returned '0': CMAKE_PREFIX_PATH=${CMAKE_PREFIX_PATH}:/home/xcy/ros2_ws3/install/py_topic:/opt/ros/foxy /usr/bin/cmake --install /home/xcy/ros2_ws/build/cpp_topic
