[0.235s] Invoking command in '/home/xcy/ros2_ws/build/cpp_topic': CMAKE_PREFIX_PATH=${CMAKE_PREFIX_PATH}:/home/xcy/ros2_ws3/install/py_topic:/home/xcy/ros2_ws2/install/py_srvcli:/opt/ros/foxy /usr/bin/cmake --build /home/xcy/ros2_ws/build/cpp_topic -- -j8 -l8
[0.255s] -- Found ament_cmake: 0.9.12 (/opt/ros/foxy/share/ament_cmake/cmake)
[0.272s] -- Using PYTHON_EXECUTABLE: /usr/bin/python3
[0.418s] -- Override CMake install command with custom implementation using symlinks instead of copying resources
[0.425s] -- Found rclcpp: 2.4.3 (/opt/ros/foxy/share/rclcpp/cmake)
[0.453s] -- Using all available rosidl_typesupport_c: rosidl_typesupport_fastrtps_c;rosidl_typesupport_introspection_c
[0.456s] -- Found rosidl_adapter: 1.3.1 (/opt/ros/foxy/share/rosidl_adapter/cmake)
[0.540s] -- Using all available rosidl_typesupport_cpp: rosidl_typesupport_fastrtps_cpp;rosidl_typesupport_introspection_cpp
[0.582s] -- Found rmw_implementation_cmake: 1.0.4 (/opt/ros/foxy/share/rmw_implementation_cmake/cmake)
[0.583s] -- Using RMW implementation 'rmw_fastrtps_cpp' as default
[0.711s] -- Found geometry_msgs: 2.0.5 (/opt/ros/foxy/share/geometry_msgs/cmake)
[0.748s] -- Found onix_backend_messages: 1.0.0 (/home/xcy/ros2_ws3/install/onix_backend_messages/share/onix_backend_messages/cmake)
[0.805s] -- Configuring done
[0.811s] -- Generating done
[0.813s] -- Build files have been written to: /home/xcy/ros2_ws/build/cpp_topic
[0.856s] [100%] Built target cpp_sub_spiral
[0.867s] Invoked command in '/home/xcy/ros2_ws/build/cpp_topic' returned '0': CMAKE_PREFIX_PATH=${CMAKE_PREFIX_PATH}:/home/xcy/ros2_ws3/install/py_topic:/home/xcy/ros2_ws2/install/py_srvcli:/opt/ros/foxy /usr/bin/cmake --build /home/xcy/ros2_ws/build/cpp_topic -- -j8 -l8
[0.903s] Invoking command in '/home/xcy/ros2_ws/build/cpp_topic': CMAKE_PREFIX_PATH=${CMAKE_PREFIX_PATH}:/home/xcy/ros2_ws3/install/py_topic:/home/xcy/ros2_ws2/install/py_srvcli:/opt/ros/foxy /usr/bin/cmake --install /home/xcy/ros2_ws/build/cpp_topic
[0.911s] -- Install configuration: ""
[0.912s] -- Execute custom install script
[0.912s] -- Up-to-date symlink: /home/xcy/ros2_ws/install/cpp_topic/lib/cpp_topic/cpp_sub_spiral
[0.912s] -- Up-to-date symlink: /home/xcy/ros2_ws/install/cpp_topic/share/ament_index/resource_index/package_run_dependencies/cpp_topic
[0.913s] -- Up-to-date symlink: /home/xcy/ros2_ws/install/cpp_topic/share/ament_index/resource_index/parent_prefix_path/cpp_topic
[0.913s] -- Up-to-date symlink: /home/xcy/ros2_ws/install/cpp_topic/share/cpp_topic/environment/ament_prefix_path.sh
[0.913s] -- Up-to-date symlink: /home/xcy/ros2_ws/install/cpp_topic/share/cpp_topic/environment/ament_prefix_path.dsv
[0.914s] -- Up-to-date symlink: /home/xcy/ros2_ws/install/cpp_topic/share/cpp_topic/environment/path.sh
[0.914s] -- Up-to-date symlink: /home/xcy/ros2_ws/install/cpp_topic/share/cpp_topic/environment/path.dsv
[0.914s] -- Up-to-date symlink: /home/xcy/ros2_ws/install/cpp_topic/share/cpp_topic/local_setup.bash
[0.914s] -- Up-to-date symlink: /home/xcy/ros2_ws/install/cpp_topic/share/cpp_topic/local_setup.sh
[0.915s] -- Up-to-date symlink: /home/xcy/ros2_ws/install/cpp_topic/share/cpp_topic/local_setup.zsh
[0.915s] -- Up-to-date symlink: /home/xcy/ros2_ws/install/cpp_topic/share/cpp_topic/local_setup.dsv
[0.915s] -- Symlinking: /home/xcy/ros2_ws/install/cpp_topic/share/cpp_topic/package.dsv
[0.925s] -- Up-to-date symlink: /home/xcy/ros2_ws/install/cpp_topic/share/ament_index/resource_index/packages/cpp_topic
[0.925s] -- Up-to-date symlink: /home/xcy/ros2_ws/install/cpp_topic/share/cpp_topic/cmake/cpp_topicConfig.cmake
[0.926s] -- Up-to-date symlink: /home/xcy/ros2_ws/install/cpp_topic/share/cpp_topic/cmake/cpp_topicConfig-version.cmake
[0.926s] -- Up-to-date symlink: /home/xcy/ros2_ws/install/cpp_topic/share/cpp_topic/package.xml
[0.928s] Invoked command in '/home/xcy/ros2_ws/build/cpp_topic' returned '0': CMAKE_PREFIX_PATH=${CMAKE_PREFIX_PATH}:/home/xcy/ros2_ws3/install/py_topic:/home/xcy/ros2_ws2/install/py_srvcli:/opt/ros/foxy /usr/bin/cmake --install /home/xcy/ros2_ws/build/cpp_topic
