[0.208s] Invoking command in '/home/xcy/ros2_ws/build/cpp_topic': CMAKE_PREFIX_PATH=${CMAKE_PREFIX_PATH}:/home/xcy/ros2_workspace/install/robot_push:/home/xcy/ros2_workspace/install/py_topic:/opt/ros/foxy /usr/bin/cmake /home/xcy/ros2_ws/src/cpp_topic -DCMAKE_INSTALL_PREFIX=/home/xcy/ros2_ws/install/cpp_topic
[0.378s] -- The C compiler identification is GNU 9.4.0
[0.503s] -- The CXX compiler identification is GNU 9.4.0
[0.507s] -- Check for working C compiler: /usr/bin/cc
[0.561s] -- Check for working C compiler: /usr/bin/cc -- works
[0.562s] -- Detecting C compiler ABI info
[0.621s] -- Detecting C compiler ABI info - done
[0.633s] -- Detecting C compile features
[0.634s] -- Detecting C compile features - done
[0.636s] -- Check for working CXX compiler: /usr/bin/c++
[0.701s] -- Check for working CXX compiler: /usr/bin/c++ -- works
[0.702s] -- Detecting CXX compiler ABI info
[0.765s] -- Detecting CXX compiler ABI info - done
[0.775s] -- Detecting CXX compile features
[0.776s] -- Detecting CXX compile features - done
[0.778s] -- Found ament_cmake: 0.9.12 (/opt/ros/foxy/share/ament_cmake/cmake)
[0.802s] -- Found PythonInterp: /usr/bin/python3 (found suitable version "3.8.10", minimum required is "3") 
[0.802s] -- Using PYTHON_EXECUTABLE: /usr/bin/python3
[0.967s] -- Found rclcpp: 2.4.3 (/opt/ros/foxy/share/rclcpp/cmake)
[1.006s] -- Using all available rosidl_typesupport_c: rosidl_typesupport_fastrtps_c;rosidl_typesupport_introspection_c
[1.012s] -- Found rosidl_adapter: 1.3.1 (/opt/ros/foxy/share/rosidl_adapter/cmake)
[1.069s] -- Found OpenSSL: /usr/lib/x86_64-linux-gnu/libcrypto.so (found version "1.1.1f")  
[1.090s] -- Found FastRTPS: /opt/ros/foxy/include  
[1.152s] -- Using all available rosidl_typesupport_cpp: rosidl_typesupport_fastrtps_cpp;rosidl_typesupport_introspection_cpp
[1.202s] -- Found rmw_implementation_cmake: 1.0.4 (/opt/ros/foxy/share/rmw_implementation_cmake/cmake)
[1.204s] -- Using RMW implementation 'rmw_fastrtps_cpp' as default
[1.205s] -- Looking for pthread.h
[1.262s] -- Looking for pthread.h - found
[1.262s] -- Performing Test CMAKE_HAVE_LIBC_PTHREAD
[1.324s] -- Performing Test CMAKE_HAVE_LIBC_PTHREAD - Failed
[1.324s] -- Looking for pthread_create in pthreads
[1.381s] -- Looking for pthread_create in pthreads - not found
[1.381s] -- Looking for pthread_create in pthread
[1.450s] -- Looking for pthread_create in pthread - found
[1.451s] -- Found Threads: TRUE  
[1.596s] -- Found geometry_msgs: 2.0.5 (/opt/ros/foxy/share/geometry_msgs/cmake)
[1.630s] -- Found ament_lint_auto: 0.9.8 (/opt/ros/foxy/share/ament_lint_auto/cmake)
[1.695s] -- Added test 'copyright' to check source files copyright and LICENSE
[1.695s] -- Added test 'cppcheck' to perform static code analysis on C / C++ code
[1.696s] -- Configured cppcheck include dirs: 
[1.696s] -- Configured cppcheck exclude dirs and/or files: 
[1.696s] -- Added test 'cpplint' to check C / C++ code against the Google style
[1.696s] -- Configured cpplint exclude dirs and/or files: 
[1.697s] -- Added test 'lint_cmake' to check CMake code style
[1.698s] -- Added test 'uncrustify' to check C / C++ code style
[1.698s] -- Configured uncrustify additional arguments: 
[1.698s] -- Added test 'xmllint' to check XML markup files
[1.701s] -- Configuring done
[1.701s] CMake Error at CMakeLists.txt:31 (add_executable):
[1.701s]   Cannot find source file:
[1.701s] 
[1.701s]     src/cpp_sub_spiral.cpp
[1.701s] 
[1.701s]   Tried extensions .c .C .c++ .cc .cpp .cxx .cu .m .M .mm .h .hh .h++ .hm
[1.702s]   .hpp .hxx .in .txx
[1.702s] 
[1.702s] 
[1.702s] CMake Error at CMakeLists.txt:31 (add_executable):
[1.702s]   No SOURCES given to target: cpp_sub_spiral
[1.702s] 
[1.702s] 
[1.702s] CMake Generate step failed.  Build files cannot be regenerated correctly.
[1.707s] Invoked command in '/home/xcy/ros2_ws/build/cpp_topic' returned '1': CMAKE_PREFIX_PATH=${CMAKE_PREFIX_PATH}:/home/xcy/ros2_workspace/install/robot_push:/home/xcy/ros2_workspace/install/py_topic:/opt/ros/foxy /usr/bin/cmake /home/xcy/ros2_ws/src/cpp_topic -DCMAKE_INSTALL_PREFIX=/home/xcy/ros2_ws/install/cpp_topic
