[01m[K/home/xcy/ros2_ws/src/cpp_topic/src/cpp_sub_spiral.cpp:3:51:[m[K [01;31m[Kerror: [m[Kstray ‘[01m[K#[m[K’ in program
    3 | from onix_backend_messages.msg import StatusData  [01;31m[K#[m[K Adjust the import
      |                                                   [01;31m[K^[m[K
[01m[K/home/xcy/ros2_ws/src/cpp_topic/src/cpp_sub_spiral.cpp:8:26:[m[K [01;35m[Kwarning: [m[Kcharacter constant too long for its type
    8 |         super().__init__([01;35m[K'minimal_subscriber'[m[K)
      |                          [01;35m[K^~~~~~~~~~~~~~~~~~~~[m[K
[01m[K/home/xcy/ros2_ws/src/cpp_topic/src/cpp_sub_spiral.cpp:10:26:[m[K [01;31m[Kerror: [m[Kstray ‘[01m[K#[m[K’ in program
   10 |             StatusData,  [01;31m[K#[m[K Adjust the message type
      |                          [01;31m[K^[m[K
[01m[K/home/xcy/ros2_ws/src/cpp_topic/src/cpp_sub_spiral.cpp:11:13:[m[K [01;35m[Kwarning: [m[Kcharacter constant too long for its type
   11 |             [01;35m[K'topic'[m[K,
      |             [01;35m[K^~~~~~~[m[K
[01m[K/home/xcy/ros2_ws/src/cpp_topic/src/cpp_sub_spiral.cpp:14:46:[m[K [01;31m[Kerror: [m[Kstray ‘[01m[K#[m[K’ in program
   14 |         self.status_data_msg = StatusData()  [01;31m[K#[m[K Initialize the StatusData message
      |                                              [01;31m[K^[m[K
[01m[K/home/xcy/ros2_ws/src/cpp_topic/src/cpp_sub_spiral.cpp:17:11:[m[K [01;31m[Kerror: [m[Kinvalid preprocessing directive #Store
   17 |         # [01;31m[KStore[m[K received values in the StatusData message
      |           [01;31m[K^~~~~[m[K
[01m[K/home/xcy/ros2_ws/src/cpp_topic/src/cpp_sub_spiral.cpp:26:11:[m[K [01;31m[Kerror: [m[Kinvalid preprocessing directive #Add
   26 |         # [01;31m[KAdd[m[K other fields as needed
      |           [01;31m[K^~~[m[K
[01m[K/home/xcy/ros2_ws/src/cpp_topic/src/cpp_sub_spiral.cpp:28:11:[m[K [01;31m[Kerror: [m[Kinvalid preprocessing directive #Save
   28 |         # [01;31m[KSave[m[K or process the data as needed
      |           [01;31m[K^~~~[m[K
[01m[K/home/xcy/ros2_ws/src/cpp_topic/src/cpp_sub_spiral.cpp:37:16:[m[K [01;35m[Kwarning: [m[Kcharacter constant too long for its type
   37 | if __name__ == [01;35m[K'__main__'[m[K:
      |                [01;35m[K^~~~~~~~~~[m[K
[01m[K/home/xcy/ros2_ws/src/cpp_topic/src/cpp_sub_spiral.cpp:1:1:[m[K [01;31m[Kerror: [m[K‘[01m[Kimport[m[K’ does not name a type
    1 | [01;31m[Kimport[m[K rclpy
      | [01;31m[K^~~~~~[m[K
make[2]: *** [CMakeFiles/cpp_sub_spiral.dir/build.make:63: CMakeFiles/cpp_sub_spiral.dir/src/cpp_sub_spiral.cpp.o] Error 1
make[1]: *** [CMakeFiles/Makefile2:80: CMakeFiles/cpp_sub_spiral.dir/all] Error 2
make: *** [Makefile:141: all] Error 2
