[0.192s] Invoking command in '/home/xcy/ros2_ws/build/cpp_topic': CMAKE_PREFIX_PATH=${CMAKE_PREFIX_PATH}:/home/xcy/ros2_ws3/install/py_topic:/opt/ros/foxy /usr/bin/cmake --build /home/xcy/ros2_ws/build/cpp_topic -- -j8 -l8
[0.228s] [35m[1mScanning dependencies of target robot_motion_sub[0m
[0.244s] [ 16%] [32mBuilding CXX object CMakeFiles/cpp_sub_spiral.dir/src/cpp_sub_spiral.cpp.o[0m
[0.248s] [ 50%] Built target cpp_pub_spiral
[0.256s] [ 66%] [32mBuilding CXX object CMakeFiles/robot_motion_sub.dir/src/robot_motion_sub.cpp.o[0m
[1.775s] [01m[K/home/xcy/ros2_ws/src/cpp_topic/src/cpp_sub_spiral.cpp:[m[K In constructor ‘[01m[KMinimalSubscriber::MinimalSubscriber()[m[K’:
[1.776s] [01m[K/home/xcy/ros2_ws/src/cpp_topic/src/cpp_sub_spiral.cpp:20:67:[m[K [01;31m[Kerror: [m[Kno matching function for call to ‘[01m[Kstd::chrono::duration<long int>::duration(double)[m[K’
[1.776s]    20 |         timer_ = this->create_wall_timer(std::chrono::seconds(0.33[01;31m[K)[m[K,
[1.776s]       |                                                                   [01;31m[K^[m[K
[1.776s] In file included from [01m[K/usr/include/c++/9/mutex:39[m[K,
[1.776s]                  from [01m[K/usr/include/c++/9/future:38[m[K,
[1.776s]                  from [01m[K/opt/ros/foxy/include/rclcpp/executors.hpp:18[m[K,
[1.776s]                  from [01m[K/opt/ros/foxy/include/rclcpp/rclcpp.hpp:146[m[K,
[1.776s]                  from [01m[K/home/xcy/ros2_ws/src/cpp_topic/src/cpp_sub_spiral.cpp:2[m[K:
[1.776s] [01m[K/usr/include/c++/9/chrono:338:14:[m[K [01;36m[Knote: [m[Kcandidate: ‘[01m[Ktemplate<class _Rep2, class _Period2, class> constexpr std::chrono::duration<_Rep, _Period>::duration(const std::chrono::duration<_Rep, _Period>&)[m[K’
[1.776s]   338 |    constexpr [01;36m[Kduration[m[K(const duration<_Rep2, _Period2>& __d)
[1.776s]       |              [01;36m[K^~~~~~~~[m[K
[1.777s] [01m[K/usr/include/c++/9/chrono:338:14:[m[K [01;36m[Knote: [m[K  template argument deduction/substitution failed:
[1.777s] [01m[K/home/xcy/ros2_ws/src/cpp_topic/src/cpp_sub_spiral.cpp:20:67:[m[K [01;36m[Knote: [m[K  mismatched types ‘[01m[Kconst std::chrono::duration<_Rep1, _Period1>[m[K’ and ‘[01m[Kdouble[m[K’
[1.777s]    20 |         timer_ = this->create_wall_timer(std::chrono::seconds(0.33[01;36m[K)[m[K,
[1.777s]       |                                                                   [01;36m[K^[m[K
[1.777s] In file included from [01m[K/usr/include/c++/9/mutex:39[m[K,
[1.777s]                  from [01m[K/usr/include/c++/9/future:38[m[K,
[1.777s]                  from [01m[K/opt/ros/foxy/include/rclcpp/executors.hpp:18[m[K,
[1.777s]                  from [01m[K/opt/ros/foxy/include/rclcpp/rclcpp.hpp:146[m[K,
[1.777s]                  from [01m[K/home/xcy/ros2_ws/src/cpp_topic/src/cpp_sub_spiral.cpp:2[m[K:
[1.777s] [01m[K/usr/include/c++/9/chrono:331:23:[m[K [01;36m[Knote: [m[Kcandidate: ‘[01m[Ktemplate<class _Rep2, class> constexpr std::chrono::duration<_Rep, _Period>::duration(const _Rep2&)[m[K’
[1.777s]   331 |    constexpr explicit [01;36m[Kduration[m[K(const _Rep2& __rep)
[1.777s]       |                       [01;36m[K^~~~~~~~[m[K
[1.777s] [01m[K/usr/include/c++/9/chrono:331:23:[m[K [01;36m[Knote: [m[K  template argument deduction/substitution failed:
[1.778s] In file included from [01m[K/usr/include/c++/9/bits/move.h:55[m[K,
[1.778s]                  from [01m[K/usr/include/c++/9/bits/stl_pair.h:59[m[K,
[1.778s]                  from [01m[K/usr/include/c++/9/bits/stl_algobase.h:64[m[K,
[1.778s]                  from [01m[K/usr/include/c++/9/memory:62[m[K,
[1.778s]                  from [01m[K/home/xcy/ros2_ws/src/cpp_topic/src/cpp_sub_spiral.cpp:1[m[K:
[1.778s] /usr/include/c++/9/type_traits: In substitution of ‘[01m[Ktemplate<class ... _Cond> using _Require = typename std::enable_if<std::__and_< <template-parameter-1-1> >::value>::type [with _Cond = {std::is_convertible<const double&, long int>, std::__or_<std::chrono::treat_as_floating_point<long int>, std::__not_<std::chrono::treat_as_floating_point<double> > >}][m[K’:
[1.778s] [01m[K/usr/include/c++/9/chrono:328:27:[m[K   required from here
[1.778s] [01m[K/usr/include/c++/9/type_traits:2048:11:[m[K [01;31m[Kerror: [m[Kno type named ‘[01m[Ktype[m[K’ in ‘[01m[Kstruct std::enable_if<false, void>[m[K’
[1.778s]  2048 |     using [01;31m[K_Require[m[K = typename enable_if<__and_<_Cond...>::value>::type;
[1.778s]       |           [01;31m[K^~~~~~~~[m[K
[1.778s] In file included from [01m[K/usr/include/c++/9/mutex:39[m[K,
[1.778s]                  from [01m[K/usr/include/c++/9/future:38[m[K,
[1.778s]                  from [01m[K/opt/ros/foxy/include/rclcpp/executors.hpp:18[m[K,
[1.779s]                  from [01m[K/opt/ros/foxy/include/rclcpp/rclcpp.hpp:146[m[K,
[1.779s]                  from [01m[K/home/xcy/ros2_ws/src/cpp_topic/src/cpp_sub_spiral.cpp:2[m[K:
[1.779s] [01m[K/usr/include/c++/9/chrono:324:2:[m[K [01;36m[Knote: [m[Kcandidate: ‘[01m[Kconstexpr std::chrono::duration<_Rep, _Period>::duration(const std::chrono::duration<_Rep, _Period>&) [with _Rep = long int; _Period = std::ratio<1>][m[K’
[1.779s]   324 |  [01;36m[Kduration[m[K(const duration&) = default;
[1.779s]       |  [01;36m[K^~~~~~~~[m[K
[1.779s] [01m[K/usr/include/c++/9/chrono:324:11:[m[K [01;36m[Knote: [m[K  no known conversion for argument 1 from ‘[01m[Kdouble[m[K’ to ‘[01m[Kconst std::chrono::duration<long int>&[m[K’
[1.779s]   324 |  duration([01;36m[Kconst duration&[m[K) = default;
[1.779s]       |           [01;36m[K^~~~~~~~~~~~~~~[m[K
[1.779s] [01m[K/usr/include/c++/9/chrono:322:12:[m[K [01;36m[Knote: [m[Kcandidate: ‘[01m[Kstd::chrono::duration<_Rep, _Period>::duration() [with _Rep = long int; _Period = std::ratio<1>][m[K’
[1.779s]   322 |  constexpr [01;36m[Kduration[m[K() = default;
[1.779s]       |            [01;36m[K^~~~~~~~[m[K
[1.779s] [01m[K/usr/include/c++/9/chrono:322:12:[m[K [01;36m[Knote: [m[K  candidate expects 0 arguments, 1 provided
[1.843s] [01m[K/home/xcy/ros2_ws/src/cpp_topic/src/robot_motion_sub.cpp:[m[K In member function ‘[01m[Kvoid MinimalSubscriber::topic_callback(onix_backend_messages::msg::LocationInformations_<std::allocator<void> >::SharedPtr)[m[K’:
[1.843s] [01m[K/home/xcy/ros2_ws/src/cpp_topic/src/robot_motion_sub.cpp:32:65:[m[K [01;31m[Kerror: [m[Kno matching function for call to ‘[01m[Kstof(onix_backend_messages::msg::LocationInformations_<std::allocator<void> >::_confidence_type&)[m[K’
[1.844s]    32 |         status_data_msg_->confidence = std::stof(msg->confidence[01;31m[K)[m[K;
[1.844s]       |                                                                 [01;31m[K^[m[K
[1.844s] In file included from [01m[K/usr/include/c++/9/string:55[m[K,
[1.844s]                  from [01m[K/usr/include/c++/9/stdexcept:39[m[K,
[1.844s]                  from [01m[K/usr/include/c++/9/array:39[m[K,
[1.844s]                  from [01m[K/usr/include/c++/9/tuple:39[m[K,
[1.844s]                  from [01m[K/usr/include/c++/9/bits/unique_ptr.h:37[m[K,
[1.844s]                  from [01m[K/usr/include/c++/9/memory:80[m[K,
[1.844s]                  from [01m[K/home/xcy/ros2_ws/src/cpp_topic/src/robot_motion_sub.cpp:1[m[K:
[1.844s] [01m[K/usr/include/c++/9/bits/basic_string.h:6532:3:[m[K [01;36m[Knote: [m[Kcandidate: ‘[01m[Kfloat std::__cxx11::stof(const string&, std::size_t*)[m[K’
[1.844s]  6532 |   [01;36m[Kstof[m[K(const string& __str, size_t* __idx = 0)
[1.844s]       |   [01;36m[K^~~~[m[K
[1.844s] [01m[K/usr/include/c++/9/bits/basic_string.h:6532:22:[m[K [01;36m[Knote: [m[K  no known conversion for argument 1 from ‘[01m[Konix_backend_messages::msg::LocationInformations_<std::allocator<void> >::_confidence_type[m[K’ {aka ‘[01m[Kfloat[m[K’} to ‘[01m[Kconst string&[m[K’ {aka ‘[01m[Kconst std::__cxx11::basic_string<char>&[m[K’}
[1.845s]  6532 |   stof([01;36m[Kconst string& __str[m[K, size_t* __idx = 0)
[1.845s]       |        [01;36m[K~~~~~~~~~~~~~~^~~~~[m[K
[1.845s] [01m[K/usr/include/c++/9/bits/basic_string.h:6638:3:[m[K [01;36m[Knote: [m[Kcandidate: ‘[01m[Kfloat std::__cxx11::stof(const wstring&, std::size_t*)[m[K’
[1.845s]  6638 |   [01;36m[Kstof[m[K(const wstring& __str, size_t* __idx = 0)
[1.845s]       |   [01;36m[K^~~~[m[K
[1.845s] [01m[K/usr/include/c++/9/bits/basic_string.h:6638:23:[m[K [01;36m[Knote: [m[K  no known conversion for argument 1 from ‘[01m[Konix_backend_messages::msg::LocationInformations_<std::allocator<void> >::_confidence_type[m[K’ {aka ‘[01m[Kfloat[m[K’} to ‘[01m[Kconst wstring&[m[K’ {aka ‘[01m[Kconst std::__cxx11::basic_string<wchar_t>&[m[K’}
[1.845s]  6638 |   stof([01;36m[Kconst wstring& __str[m[K, size_t* __idx = 0)
[1.845s]       |        [01;36m[K~~~~~~~~~~~~~~~^~~~~[m[K
[1.845s] In file included from [01m[K/opt/ros/foxy/include/rclcpp/client.hpp:40[m[K,
[1.845s]                  from [01m[K/opt/ros/foxy/include/rclcpp/callback_group.hpp:23[m[K,
[1.845s]                  from [01m[K/opt/ros/foxy/include/rclcpp/any_executable.hpp:20[m[K,
[1.845s]                  from [01m[K/opt/ros/foxy/include/rclcpp/memory_strategy.hpp:24[m[K,
[1.845s]                  from [01m[K/opt/ros/foxy/include/rclcpp/memory_strategies.hpp:18[m[K,
[1.846s]                  from [01m[K/opt/ros/foxy/include/rclcpp/executor_options.hpp:20[m[K,
[1.846s]                  from [01m[K/opt/ros/foxy/include/rclcpp/executor.hpp:33[m[K,
[1.846s]                  from [01m[K/opt/ros/foxy/include/rclcpp/executors/multi_threaded_executor.hpp:26[m[K,
[1.846s]                  from [01m[K/opt/ros/foxy/include/rclcpp/executors.hpp:21[m[K,
[1.846s]                  from [01m[K/opt/ros/foxy/include/rclcpp/rclcpp.hpp:146[m[K,
[1.846s]                  from [01m[K/home/xcy/ros2_ws/src/cpp_topic/src/robot_motion_sub.cpp:2[m[K:
[1.846s] [01m[K/home/xcy/ros2_ws/src/cpp_topic/src/robot_motion_sub.cpp:38:41:[m[K [01;31m[Kerror: [m[Krequest for member ‘[01m[Kc_str[m[K’ in ‘[01m[K((std::__shared_ptr_access<onix_backend_messages::msg::StatusData_<std::allocator<void> >, __gnu_cxx::_S_atomic, false, false>*)(&((MinimalSubscriber*)this)->MinimalSubscriber::status_data_msg_))->std::__shared_ptr_access<onix_backend_messages::msg::StatusData_<std::allocator<void> >, __gnu_cxx::_S_atomic, false, false>::operator->()->onix_backend_messages::msg::StatusData_<std::allocator<void> >::x[m[K’, which is of non-class type ‘[01m[Konix_backend_messages::msg::StatusData_<std::allocator<void> >::_x_type[m[K’ {aka ‘[01m[Kfloat[m[K’}
[1.846s]    38 |                     status_data_msg_->x.[01;31m[Kc_str[m[K(), status_data_msg_->y.c_str(),
[1.846s]       |                                         [01;31m[K^~~~~[m[K
[1.846s] [01m[K/home/xcy/ros2_ws/src/cpp_topic/src/robot_motion_sub.cpp:38:70:[m[K [01;31m[Kerror: [m[Krequest for member ‘[01m[Kc_str[m[K’ in ‘[01m[K((std::__shared_ptr_access<onix_backend_messages::msg::StatusData_<std::allocator<void> >, __gnu_cxx::_S_atomic, false, false>*)(&((MinimalSubscriber*)this)->MinimalSubscriber::status_data_msg_))->std::__shared_ptr_access<onix_backend_messages::msg::StatusData_<std::allocator<void> >, __gnu_cxx::_S_atomic, false, false>::operator->()->onix_backend_messages::msg::StatusData_<std::allocator<void> >::y[m[K’, which is of non-class type ‘[01m[Konix_backend_messages::msg::StatusData_<std::allocator<void> >::_y_type[m[K’ {aka ‘[01m[Kfloat[m[K’}
[1.846s]    38 |                     status_data_msg_->x.c_str(), status_data_msg_->y.[01;31m[Kc_str[m[K(),
[1.846s]       |                                                                      [01;31m[K^~~~~[m[K
[3.182s] make[2]: *** [CMakeFiles/cpp_sub_spiral.dir/build.make:63: CMakeFiles/cpp_sub_spiral.dir/src/cpp_sub_spiral.cpp.o] Error 1
[3.182s] make[1]: *** [CMakeFiles/Makefile2:109: CMakeFiles/cpp_sub_spiral.dir/all] Error 2
[3.182s] make[1]: *** Waiting for unfinished jobs....
[3.296s] make[2]: *** [CMakeFiles/robot_motion_sub.dir/build.make:63: CMakeFiles/robot_motion_sub.dir/src/robot_motion_sub.cpp.o] Error 1
[3.296s] make[1]: *** [CMakeFiles/Makefile2:82: CMakeFiles/robot_motion_sub.dir/all] Error 2
[3.296s] make: *** [Makefile:141: all] Error 2
[3.298s] Invoked command in '/home/xcy/ros2_ws/build/cpp_topic' returned '2': CMAKE_PREFIX_PATH=${CMAKE_PREFIX_PATH}:/home/xcy/ros2_ws3/install/py_topic:/opt/ros/foxy /usr/bin/cmake --build /home/xcy/ros2_ws/build/cpp_topic -- -j8 -l8
