[0.129s] Invoking command in '/home/xcy/ros2_ws/build/cpp_topic': CMAKE_PREFIX_PATH=/opt/ros/foxy /usr/bin/cmake --build /home/xcy/ros2_ws/build/cpp_topic -- -j8 -l8
[0.156s] -- Found ament_cmake: 0.9.12 (/opt/ros/foxy/share/ament_cmake/cmake)
[0.178s] -- Using PYTHON_EXECUTABLE: /usr/bin/python3
[0.329s] -- Found rclcpp: 2.4.3 (/opt/ros/foxy/share/rclcpp/cmake)
[0.362s] -- Using all available rosidl_typesupport_c: rosidl_typesupport_fastrtps_c;rosidl_typesupport_introspection_c
[0.365s] -- Found rosidl_adapter: 1.3.1 (/opt/ros/foxy/share/rosidl_adapter/cmake)
[0.450s] -- Using all available rosidl_typesupport_cpp: rosidl_typesupport_fastrtps_cpp;rosidl_typesupport_introspection_cpp
[0.498s] -- Found rmw_implementation_cmake: 1.0.4 (/opt/ros/foxy/share/rmw_implementation_cmake/cmake)
[0.499s] -- Using RMW implementation 'rmw_fastrtps_cpp' as default
[0.643s] -- Found geometry_msgs: 2.0.5 (/opt/ros/foxy/share/geometry_msgs/cmake)
[0.676s] -- Found onix_backend_messages: 1.0.0 (/home/xcy/ros2_ws3/install/onix_backend_messages/share/onix_backend_messages/cmake)
[0.732s] -- Configuring done
[0.746s] -- Generating done
[0.747s] -- Build files have been written to: /home/xcy/ros2_ws/build/cpp_topic
[0.774s] [35m[1mScanning dependencies of target cpp_sub_spiral[0m
[0.792s] [ 50%] Built target cpp_pub_spiral
[0.800s] [ 75%] [32mBuilding CXX object CMakeFiles/cpp_sub_spiral.dir/src/cpp_sub_spiral.cpp.o[0m
[2.160s] In file included from [01m[K/opt/ros/foxy/include/rclcpp/client.hpp:40[m[K,
[2.160s]                  from [01m[K/opt/ros/foxy/include/rclcpp/callback_group.hpp:23[m[K,
[2.161s]                  from [01m[K/opt/ros/foxy/include/rclcpp/any_executable.hpp:20[m[K,
[2.161s]                  from [01m[K/opt/ros/foxy/include/rclcpp/memory_strategy.hpp:24[m[K,
[2.161s]                  from [01m[K/opt/ros/foxy/include/rclcpp/memory_strategies.hpp:18[m[K,
[2.161s]                  from [01m[K/opt/ros/foxy/include/rclcpp/executor_options.hpp:20[m[K,
[2.161s]                  from [01m[K/opt/ros/foxy/include/rclcpp/executor.hpp:33[m[K,
[2.161s]                  from [01m[K/opt/ros/foxy/include/rclcpp/executors/multi_threaded_executor.hpp:26[m[K,
[2.161s]                  from [01m[K/opt/ros/foxy/include/rclcpp/executors.hpp:21[m[K,
[2.161s]                  from [01m[K/opt/ros/foxy/include/rclcpp/rclcpp.hpp:146[m[K,
[2.161s]                  from [01m[K/home/xcy/ros2_ws/src/cpp_topic/src/cpp_sub_spiral.cpp:2[m[K:
[2.161s] [01m[K/home/xcy/ros2_ws/src/cpp_topic/src/cpp_sub_spiral.cpp:[m[K In member function ‘[01m[Kvoid MinimalSubscriber::topic_callback(onix_backend_messages::msg::SystemConfig_<std::allocator<void> >::SharedPtr) const[m[K’:
[2.161s] [01m[K/home/xcy/ros2_ws/src/cpp_topic/src/cpp_sub_spiral.cpp:21:71:[m[K [01;31m[Kerror: [m[Krequest for member ‘[01m[Kc_str[m[K’ in ‘[01m[K((const std::__shared_ptr_access<onix_backend_messages::msg::SystemConfig_<std::allocator<void> >, __gnu_cxx::_S_atomic, false, false>*)(& msg))->std::__shared_ptr_access<onix_backend_messages::msg::SystemConfig_<std::allocator<void> >, __gnu_cxx::_S_atomic, false, false>::operator->()->onix_backend_messages::msg::SystemConfig_<std::allocator<void> >::controller_temp[m[K’, which is of non-class type ‘[01m[Konix_backend_messages::msg::SystemConfig_<std::allocator<void> >::_controller_temp_type[m[K’ {aka ‘[01m[Kfloat[m[K’}
[2.161s]    21 |                     msg->total_run_time.c_str(), msg->controller_temp.[01;31m[Kc_str[m[K(), msg->ssid.c_str(),
[2.161s]       |                                                                       [01;31m[K^~~~~[m[K
[3.467s] make[2]: *** [CMakeFiles/cpp_sub_spiral.dir/build.make:63: CMakeFiles/cpp_sub_spiral.dir/src/cpp_sub_spiral.cpp.o] Error 1
[3.467s] make[1]: *** [CMakeFiles/Makefile2:80: CMakeFiles/cpp_sub_spiral.dir/all] Error 2
[3.467s] make: *** [Makefile:141: all] Error 2
[3.471s] Invoked command in '/home/xcy/ros2_ws/build/cpp_topic' returned '2': CMAKE_PREFIX_PATH=/opt/ros/foxy /usr/bin/cmake --build /home/xcy/ros2_ws/build/cpp_topic -- -j8 -l8
