[0.191s] Invoking command in '/home/xcy/ros2_ws/build/cpp_topic': CMAKE_PREFIX_PATH=${CMAKE_PREFIX_PATH}:/home/xcy/ros2_workspace/install/robot_push:/home/xcy/ros2_workspace/install/py_topic:/opt/ros/foxy /usr/bin/cmake /home/xcy/ros2_ws/src/cpp_topic -DCMAKE_INSTALL_PREFIX=/home/xcy/ros2_ws/install/cpp_topic
[0.202s] -- Found ament_cmake: 0.9.12 (/opt/ros/foxy/share/ament_cmake/cmake)
[0.223s] -- Using PYTHON_EXECUTABLE: /usr/bin/python3
[0.371s] -- Found rclcpp: 2.4.3 (/opt/ros/foxy/share/rclcpp/cmake)
[0.396s] -- Using all available rosidl_typesupport_c: rosidl_typesupport_fastrtps_c;rosidl_typesupport_introspection_c
[0.399s] -- Found rosidl_adapter: 1.3.1 (/opt/ros/foxy/share/rosidl_adapter/cmake)
[0.482s] -- Using all available rosidl_typesupport_cpp: rosidl_typesupport_fastrtps_cpp;rosidl_typesupport_introspection_cpp
[0.522s] -- Found rmw_implementation_cmake: 1.0.4 (/opt/ros/foxy/share/rmw_implementation_cmake/cmake)
[0.523s] -- Using RMW implementation 'rmw_fastrtps_cpp' as default
[0.646s] -- Found geometry_msgs: 2.0.5 (/opt/ros/foxy/share/geometry_msgs/cmake)
[0.675s] -- Found ament_lint_auto: 0.9.8 (/opt/ros/foxy/share/ament_lint_auto/cmake)
[0.726s] -- Added test 'copyright' to check source files copyright and LICENSE
[0.727s] -- Added test 'cppcheck' to perform static code analysis on C / C++ code
[0.727s] -- Configured cppcheck include dirs: 
[0.727s] -- Configured cppcheck exclude dirs and/or files: 
[0.727s] -- Added test 'cpplint' to check C / C++ code against the Google style
[0.727s] -- Configured cpplint exclude dirs and/or files: 
[0.728s] -- Added test 'lint_cmake' to check CMake code style
[0.728s] -- Added test 'uncrustify' to check C / C++ code style
[0.728s] -- Configured uncrustify additional arguments: 
[0.729s] -- Added test 'xmllint' to check XML markup files
[0.731s] -- Configuring done
[0.732s] CMake Error at CMakeLists.txt:31 (add_executable):
[0.732s]   Cannot find source file:
[0.732s] 
[0.732s]     src/cpp_sub_spiral.cpp
[0.732s] 
[0.732s]   Tried extensions .c .C .c++ .cc .cpp .cxx .cu .m .M .mm .h .hh .h++ .hm
[0.732s]   .hpp .hxx .in .txx
[0.732s] 
[0.732s] 
[0.733s] CMake Error at CMakeLists.txt:31 (add_executable):
[0.733s]   No SOURCES given to target: cpp_sub_spiral
[0.733s] 
[0.733s] 
[0.733s] CMake Generate step failed.  Build files cannot be regenerated correctly.
[0.738s] Invoked command in '/home/xcy/ros2_ws/build/cpp_topic' returned '1': CMAKE_PREFIX_PATH=${CMAKE_PREFIX_PATH}:/home/xcy/ros2_workspace/install/robot_push:/home/xcy/ros2_workspace/install/py_topic:/opt/ros/foxy /usr/bin/cmake /home/xcy/ros2_ws/src/cpp_topic -DCMAKE_INSTALL_PREFIX=/home/xcy/ros2_ws/install/cpp_topic
