[0.185s] Invoking command in '/home/xcy/ros2_ws/build/cpp_topic': CMAKE_PREFIX_PATH=${CMAKE_PREFIX_PATH}:/home/xcy/ros2_ws2/install/py_srvcli:/opt/ros/foxy /usr/bin/cmake /home/xcy/ros2_ws/src/cpp_topic -DCMAKE_INSTALL_PREFIX=/home/xcy/ros2_ws/install/cpp_topic
[0.196s] -- Found ament_cmake: 0.9.12 (/opt/ros/foxy/share/ament_cmake/cmake)
[0.213s] -- Using PYTHON_EXECUTABLE: /usr/bin/python3
[0.352s] -- Override CMake install command with custom implementation using symlinks instead of copying resources
[0.358s] -- Found rclcpp: 2.4.3 (/opt/ros/foxy/share/rclcpp/cmake)
[0.383s] -- Using all available rosidl_typesupport_c: rosidl_typesupport_fastrtps_c;rosidl_typesupport_introspection_c
[0.386s] -- Found rosidl_adapter: 1.3.1 (/opt/ros/foxy/share/rosidl_adapter/cmake)
[0.478s] -- Using all available rosidl_typesupport_cpp: rosidl_typesupport_fastrtps_cpp;rosidl_typesupport_introspection_cpp
[0.519s] -- Found rmw_implementation_cmake: 1.0.4 (/opt/ros/foxy/share/rmw_implementation_cmake/cmake)
[0.520s] -- Using RMW implementation 'rmw_fastrtps_cpp' as default
[0.646s] -- Found geometry_msgs: 2.0.5 (/opt/ros/foxy/share/geometry_msgs/cmake)
[0.681s] CMake Error at CMakeLists.txt:16 (find_package):
[0.682s]   By not providing "Findonix_backend_messages.cmake" in CMAKE_MODULE_PATH
[0.682s]   this project has asked CMake to find a package configuration file provided
[0.682s]   by "onix_backend_messages", but CMake did not find one.
[0.682s] 
[0.682s]   Could not find a package configuration file provided by
[0.682s]   "onix_backend_messages" with any of the following names:
[0.682s] 
[0.682s]     onix_backend_messagesConfig.cmake
[0.682s]     onix_backend_messages-config.cmake
[0.682s] 
[0.682s]   Add the installation prefix of "onix_backend_messages" to CMAKE_PREFIX_PATH
[0.682s]   or set "onix_backend_messages_DIR" to a directory containing one of the
[0.682s]   above files.  If "onix_backend_messages" provides a separate development
[0.682s]   package or SDK, be sure it has been installed.
[0.682s] 
[0.682s] 
[0.683s] -- Configuring incomplete, errors occurred!
[0.683s] See also "/home/xcy/ros2_ws/build/cpp_topic/CMakeFiles/CMakeOutput.log".
[0.683s] See also "/home/xcy/ros2_ws/build/cpp_topic/CMakeFiles/CMakeError.log".
[0.688s] Invoked command in '/home/xcy/ros2_ws/build/cpp_topic' returned '1': CMAKE_PREFIX_PATH=${CMAKE_PREFIX_PATH}:/home/xcy/ros2_ws2/install/py_srvcli:/opt/ros/foxy /usr/bin/cmake /home/xcy/ros2_ws/src/cpp_topic -DCMAKE_INSTALL_PREFIX=/home/xcy/ros2_ws/install/cpp_topic
