[0.120s] Invoking command in '/home/xcy/ros2_ws/build/cpp_topic': CMAKE_PREFIX_PATH=/opt/ros/foxy /usr/bin/cmake --build /home/xcy/ros2_ws/build/cpp_topic -- -j8 -l8
[0.144s] -- Found ament_cmake: 0.9.12 (/opt/ros/foxy/share/ament_cmake/cmake)
[0.160s] -- Using PYTHON_EXECUTABLE: /usr/bin/python3
[0.298s] -- Override CMake install command with custom implementation using symlinks instead of copying resources
[0.306s] -- Found rclcpp: 2.4.3 (/opt/ros/foxy/share/rclcpp/cmake)
[0.345s] -- Using all available rosidl_typesupport_c: rosidl_typesupport_fastrtps_c;rosidl_typesupport_introspection_c
[0.348s] -- Found rosidl_adapter: 1.3.1 (/opt/ros/foxy/share/rosidl_adapter/cmake)
[0.431s] -- Using all available rosidl_typesupport_cpp: rosidl_typesupport_fastrtps_cpp;rosidl_typesupport_introspection_cpp
[0.480s] -- Found rmw_implementation_cmake: 1.0.4 (/opt/ros/foxy/share/rmw_implementation_cmake/cmake)
[0.481s] -- Using RMW implementation 'rmw_fastrtps_cpp' as default
[0.624s] -- Found geometry_msgs: 2.0.5 (/opt/ros/foxy/share/geometry_msgs/cmake)
[0.658s] -- Found onix_backend_messages: 1.0.0 (/home/xcy/ros2_ws3/install/onix_backend_messages/share/onix_backend_messages/cmake)
[0.714s] -- Configuring done
[0.723s] -- Generating done
[0.724s] -- Build files have been written to: /home/xcy/ros2_ws/build/cpp_topic
[0.755s] [35m[1mScanning dependencies of target cpp_sub_spiral[0m
[0.784s] [ 50%] [32mBuilding CXX object CMakeFiles/cpp_sub_spiral.dir/src/cpp_sub_spiral.cpp.o[0m
[2.137s] [01m[K/home/xcy/ros2_ws/src/cpp_topic/src/cpp_sub_spiral.cpp:181:79:[m[K [01;31m[Kerror: [m[Kredeclaration of ‘[01m[Krclcpp::Subscription<onix_backend_messages::msg::SystemConfig_<std::allocator<void> > >::SharedPtr CombinedSubscriber::system_config_subscription_[m[K’
[2.137s]   181 |     rclcpp::Subscription<onix_backend_messages::msg::SystemConfig>::SharedPtr [01;31m[Ksystem_config_subscription_[m[K;
[2.137s]       |                                                                               [01;31m[K^~~~~~~~~~~~~~~~~~~~~~~~~~~[m[K
[2.137s] [01m[K/home/xcy/ros2_ws/src/cpp_topic/src/cpp_sub_spiral.cpp:180:85:[m[K [01;36m[Knote: [m[Kprevious declaration ‘[01m[Krclcpp::Subscription<onix_backend_messages::msg::MotionInformations_<std::allocator<void> > >::SharedPtr CombinedSubscriber::system_config_subscription_[m[K’
[2.137s]   180 |     rclcpp::Subscription<onix_backend_messages::msg::MotionInformations>::SharedPtr [01;36m[Ksystem_config_subscription_[m[K;
[2.137s]       |                                                                                     [01;36m[K^~~~~~~~~~~~~~~~~~~~~~~~~~~[m[K
[2.148s] [01m[K/home/xcy/ros2_ws/src/cpp_topic/src/cpp_sub_spiral.cpp:182:77:[m[K [01;31m[Kerror: [m[Ktype ‘[01m[Krclcpp::Subscription<onix_backend_messages::msg::LocationInformations_<std::allocator<void> > >[m[K’ is not a base type for type ‘[01m[KCombinedSubscriber[m[K’
[2.148s]   182 |     rclcpp::Subscription<onix_backend_messages::msg::LocationInformations>::[01;31m[KShamotion[m[K;
[2.148s]       |                                                                             [01;31m[K^~~~~~~~~[m[K
[2.164s] [01m[K/home/xcy/ros2_ws/src/cpp_topic/src/cpp_sub_spiral.cpp:[m[K In constructor ‘[01m[KCombinedSubscriber::CombinedSubscriber()[m[K’:
[2.165s] [01m[K/home/xcy/ros2_ws/src/cpp_topic/src/cpp_sub_spiral.cpp:53:109:[m[K [01;31m[Kerror: [m[Kno match for ‘[01m[Koperator=[m[K’ (operand types are ‘[01m[Krclcpp::Subscription<onix_backend_messages::msg::MotionInformations_<std::allocator<void> > >::SharedPtr[m[K’ {aka ‘[01m[Kstd::shared_ptr<rclcpp::Subscription<onix_backend_messages::msg::MotionInformations_<std::allocator<void> > > >[m[K’} and ‘[01m[Kstd::shared_ptr<rclcpp::Subscription<onix_backend_messages::msg::SystemConfig_<std::allocator<void> > > >[m[K’)
[2.165s]    53 |             "topic", 10, std::bind(&CombinedSubscriber::system_config_callback, this, std::placeholders::_1)[01;31m[K)[m[K;
[2.165s]       |                                                                                                             [01;31m[K^[m[K
[2.165s] In file included from [01m[K/usr/include/c++/9/memory:81[m[K,
[2.165s]                  from [01m[K/home/xcy/ros2_ws/src/cpp_topic/src/cpp_sub_spiral.cpp:1[m[K:
[2.165s] [01m[K/usr/include/c++/9/bits/shared_ptr.h:309:19:[m[K [01;36m[Knote: [m[Kcandidate: ‘[01m[Kstd::shared_ptr<_Tp>& std::shared_ptr<_Tp>::operator=(const std::shared_ptr<_Tp>&) [with _Tp = rclcpp::Subscription<onix_backend_messages::msg::MotionInformations_<std::allocator<void> > >][m[K’
[2.165s]   309 |       shared_ptr& [01;36m[Koperator[m[K=(const shared_ptr&) noexcept = default;
[2.165s]       |                   [01;36m[K^~~~~~~~[m[K
[2.165s] [01m[K/usr/include/c++/9/bits/shared_ptr.h:309:29:[m[K [01;36m[Knote: [m[K  no known conversion for argument 1 from ‘[01m[Kstd::shared_ptr<rclcpp::Subscription<onix_backend_messages::msg::SystemConfig_<std::allocator<void> > > >[m[K’ to ‘[01m[Kconst std::shared_ptr<rclcpp::Subscription<onix_backend_messages::msg::MotionInformations_<std::allocator<void> > > >&[m[K’
[2.165s]   309 |       shared_ptr& operator=([01;36m[Kconst shared_ptr&[m[K) noexcept = default;
[2.165s]       |                             [01;36m[K^~~~~~~~~~~~~~~~~[m[K
[2.165s] [01m[K/usr/include/c++/9/bits/shared_ptr.h:313:2:[m[K [01;36m[Knote: [m[Kcandidate: ‘[01m[Ktemplate<class _Yp> std::shared_ptr<_Tp>::_Assignable<const std::shared_ptr<_Yp>&> std::shared_ptr<_Tp>::operator=(const std::shared_ptr<_Yp>&) [with _Yp = _Yp; _Tp = rclcpp::Subscription<onix_backend_messages::msg::MotionInformations_<std::allocator<void> > >][m[K’
[2.166s]   313 |  [01;36m[Koperator[m[K=(const shared_ptr<_Yp>& __r) noexcept
[2.166s]       |  [01;36m[K^~~~~~~~[m[K
[2.166s] [01m[K/usr/include/c++/9/bits/shared_ptr.h:313:2:[m[K [01;36m[Knote: [m[K  template argument deduction/substitution failed:
[2.166s] /usr/include/c++/9/bits/shared_ptr.h: In substitution of ‘[01m[Ktemplate<class _Tp> template<class _Arg> using _Assignable = typename std::enable_if<std::is_assignable<std::__shared_ptr<_Tp>&, _Arg>::value, std::shared_ptr<_Tp>&>::type [with _Arg = const std::shared_ptr<rclcpp::Subscription<onix_backend_messages::msg::SystemConfig_<std::allocator<void> > > >&; _Tp = rclcpp::Subscription<onix_backend_messages::msg::MotionInformations_<std::allocator<void> > >][m[K’:
[2.166s] [01m[K/usr/include/c++/9/bits/shared_ptr.h:313:2:[m[K   required by substitution of ‘[01m[Ktemplate<class _Yp> std::shared_ptr<rclcpp::Subscription<onix_backend_messages::msg::MotionInformations_<std::allocator<void> > > >::_Assignable<const std::shared_ptr<_Tp>&> std::shared_ptr<rclcpp::Subscription<onix_backend_messages::msg::MotionInformations_<std::allocator<void> > > >::operator=<_Yp>(const std::shared_ptr<_Tp>&) [with _Yp = rclcpp::Subscription<onix_backend_messages::msg::SystemConfig_<std::allocator<void> > >][m[K’
[2.166s] [01m[K/home/xcy/ros2_ws/src/cpp_topic/src/cpp_sub_spiral.cpp:53:109:[m[K   required from here
[2.166s] [01m[K/usr/include/c++/9/bits/shared_ptr.h:111:8:[m[K [01;31m[Kerror: [m[Kno type named ‘[01m[Ktype[m[K’ in ‘[01m[Kstruct std::enable_if<false, std::shared_ptr<rclcpp::Subscription<onix_backend_messages::msg::MotionInformations_<std::allocator<void> > > >&>[m[K’
[2.166s]   111 |  using [01;31m[K_Assignable[m[K = typename enable_if<
[2.166s]       |        [01;31m[K^~~~~~~~~~~[m[K
[2.166s] [01m[K/usr/include/c++/9/bits/shared_ptr.h:324:2:[m[K [01;36m[Knote: [m[Kcandidate: ‘[01m[Ktemplate<class _Yp> std::shared_ptr<_Tp>::_Assignable<std::auto_ptr<_Up> > std::shared_ptr<_Tp>::operator=(std::auto_ptr<_Up>&&) [with _Yp = _Yp; _Tp = rclcpp::Subscription<onix_backend_messages::msg::MotionInformations_<std::allocator<void> > >][m[K’
[2.166s]   324 |  [01;36m[Koperator[m[K=(auto_ptr<_Yp>&& __r)
[2.166s]       |  [01;36m[K^~~~~~~~[m[K
[2.166s] [01m[K/usr/include/c++/9/bits/shared_ptr.h:324:2:[m[K [01;36m[Knote: [m[K  template argument deduction/substitution failed:
[2.166s] [01m[K/home/xcy/ros2_ws/src/cpp_topic/src/cpp_sub_spiral.cpp:53:109:[m[K [01;36m[Knote: [m[K  ‘[01m[Kstd::shared_ptr<rclcpp::Subscription<onix_backend_messages::msg::SystemConfig_<std::allocator<void> > > >[m[K’ is not derived from ‘[01m[Kstd::auto_ptr<_Up>[m[K’
[2.166s]    53 |             "topic", 10, std::bind(&CombinedSubscriber::system_config_callback, this, std::placeholders::_1)[01;36m[K)[m[K;
[2.166s]       |                                                                                                             [01;36m[K^[m[K
[2.167s] In file included from [01m[K/usr/include/c++/9/memory:81[m[K,
[2.167s]                  from [01m[K/home/xcy/ros2_ws/src/cpp_topic/src/cpp_sub_spiral.cpp:1[m[K:
[2.167s] [01m[K/usr/include/c++/9/bits/shared_ptr.h:333:7:[m[K [01;36m[Knote: [m[Kcandidate: ‘[01m[Kstd::shared_ptr<_Tp>& std::shared_ptr<_Tp>::operator=(std::shared_ptr<_Tp>&&) [with _Tp = rclcpp::Subscription<onix_backend_messages::msg::MotionInformations_<std::allocator<void> > >][m[K’
[2.167s]   333 |       [01;36m[Koperator[m[K=(shared_ptr&& __r) noexcept
[2.167s]       |       [01;36m[K^~~~~~~~[m[K
[2.167s] [01m[K/usr/include/c++/9/bits/shared_ptr.h:333:30:[m[K [01;36m[Knote: [m[K  no known conversion for argument 1 from ‘[01m[Kstd::shared_ptr<rclcpp::Subscription<onix_backend_messages::msg::SystemConfig_<std::allocator<void> > > >[m[K’ to ‘[01m[Kstd::shared_ptr<rclcpp::Subscription<onix_backend_messages::msg::MotionInformations_<std::allocator<void> > > >&&[m[K’
[2.167s]   333 |       operator=([01;36m[Kshared_ptr&& __r[m[K) noexcept
[2.167s]       |                 [01;36m[K~~~~~~~~~~~~~^~~[m[K
[2.167s] [01m[K/usr/include/c++/9/bits/shared_ptr.h:341:2:[m[K [01;36m[Knote: [m[Kcandidate: ‘[01m[Ktemplate<class _Yp> std::shared_ptr<_Tp>::_Assignable<std::shared_ptr<_Yp> > std::shared_ptr<_Tp>::operator=(std::shared_ptr<_Yp>&&) [with _Yp = _Yp; _Tp = rclcpp::Subscription<onix_backend_messages::msg::MotionInformations_<std::allocator<void> > >][m[K’
[2.167s]   341 |  [01;36m[Koperator[m[K=(shared_ptr<_Yp>&& __r) noexcept
[2.167s]       |  [01;36m[K^~~~~~~~[m[K
[2.167s] [01m[K/usr/include/c++/9/bits/shared_ptr.h:341:2:[m[K [01;36m[Knote: [m[K  template argument deduction/substitution failed:
[2.167s] /usr/include/c++/9/bits/shared_ptr.h: In substitution of ‘[01m[Ktemplate<class _Tp> template<class _Arg> using _Assignable = typename std::enable_if<std::is_assignable<std::__shared_ptr<_Tp>&, _Arg>::value, std::shared_ptr<_Tp>&>::type [with _Arg = std::shared_ptr<rclcpp::Subscription<onix_backend_messages::msg::SystemConfig_<std::allocator<void> > > >; _Tp = rclcpp::Subscription<onix_backend_messages::msg::MotionInformations_<std::allocator<void> > >][m[K’:
[2.167s] [01m[K/usr/include/c++/9/bits/shared_ptr.h:341:2:[m[K   required by substitution of ‘[01m[Ktemplate<class _Yp> std::shared_ptr<rclcpp::Subscription<onix_backend_messages::msg::MotionInformations_<std::allocator<void> > > >::_Assignable<std::shared_ptr<_Tp> > std::shared_ptr<rclcpp::Subscription<onix_backend_messages::msg::MotionInformations_<std::allocator<void> > > >::operator=<_Yp>(std::shared_ptr<_Tp>&&) [with _Yp = rclcpp::Subscription<onix_backend_messages::msg::SystemConfig_<std::allocator<void> > >][m[K’
[2.168s] [01m[K/home/xcy/ros2_ws/src/cpp_topic/src/cpp_sub_spiral.cpp:53:109:[m[K   required from here
[2.168s] [01m[K/usr/include/c++/9/bits/shared_ptr.h:111:8:[m[K [01;31m[Kerror: [m[Kno type named ‘[01m[Ktype[m[K’ in ‘[01m[Kstruct std::enable_if<false, std::shared_ptr<rclcpp::Subscription<onix_backend_messages::msg::MotionInformations_<std::allocator<void> > > >&>[m[K’
[2.168s]   111 |  using [01;31m[K_Assignable[m[K = typename enable_if<
[2.168s]       |        [01;31m[K^~~~~~~~~~~[m[K
[2.168s] [01m[K/usr/include/c++/9/bits/shared_ptr.h:349:2:[m[K [01;36m[Knote: [m[Kcandidate: ‘[01m[Ktemplate<class _Yp, class _Del> std::shared_ptr<_Tp>::_Assignable<std::unique_ptr<_Up, _Ep> > std::shared_ptr<_Tp>::operator=(std::unique_ptr<_Up, _Ep>&&) [with _Yp = _Yp; _Del = _Del; _Tp = rclcpp::Subscription<onix_backend_messages::msg::MotionInformations_<std::allocator<void> > >][m[K’
[2.168s]   349 |  [01;36m[Koperator[m[K=(unique_ptr<_Yp, _Del>&& __r)
[2.168s]       |  [01;36m[K^~~~~~~~[m[K
[2.168s] [01m[K/usr/include/c++/9/bits/shared_ptr.h:349:2:[m[K [01;36m[Knote: [m[K  template argument deduction/substitution failed:
[2.168s] [01m[K/home/xcy/ros2_ws/src/cpp_topic/src/cpp_sub_spiral.cpp:53:109:[m[K [01;36m[Knote: [m[K  ‘[01m[Kstd::shared_ptr<rclcpp::Subscription<onix_backend_messages::msg::SystemConfig_<std::allocator<void> > > >[m[K’ is not derived from ‘[01m[Kstd::unique_ptr<_Tp, _Dp>[m[K’
[2.168s]    53 |             "topic", 10, std::bind(&CombinedSubscriber::system_config_callback, this, std::placeholders::_1)[01;36m[K)[m[K;
[2.168s]       |                                                                                                             [01;36m[K^[m[K
[2.170s] [01m[K/home/xcy/ros2_ws/src/cpp_topic/src/cpp_sub_spiral.cpp:55:9:[m[K [01;31m[Kerror: [m[K‘[01m[Klocation_subscription_[m[K’ was not declared in this scope; did you mean ‘[01m[Kcreate_subscription[m[K’?
[2.170s]    55 |         [01;31m[Klocation_subscription_[m[K = this->create_subscription<onix_backend_messages::msg::LocationInformations>(
[2.171s]       |         [01;31m[K^~~~~~~~~~~~~~~~~~~~~~[m[K
[2.171s]       |         [32m[Kcreate_subscription[m[K
[2.183s] [01m[K/home/xcy/ros2_ws/src/cpp_topic/src/cpp_sub_spiral.cpp:58:9:[m[K [01;31m[Kerror: [m[K‘[01m[Kmotion_subscription_[m[K’ was not declared in this scope; did you mean ‘[01m[Krcl_subscription_t[m[K’?
[2.183s]    58 |         [01;31m[Kmotion_subscription_[m[K = this->create_subscription<onix_backend_messages::msg::MotionInformations>(
[2.183s]       |         [01;31m[K^~~~~~~~~~~~~~~~~~~~[m[K
[2.183s]       |         [32m[Krcl_subscription_t[m[K
[2.201s] [01m[K/home/xcy/ros2_ws/src/cpp_topic/src/cpp_sub_spiral.cpp:[m[K In member function ‘[01m[Kvoid CombinedSubscriber::motion_callback(onix_backend_messages::msg::MotionInformations_<std::allocator<void> >::SharedPtr)[m[K’:
[2.201s] [01m[K/home/xcy/ros2_ws/src/cpp_topic/src/cpp_sub_spiral.cpp:99:34:[m[K [01;31m[Kerror: [m[K‘[01m[Kconst SharedPtr[m[K’ {aka ‘[01m[Kconst class std::shared_ptr<onix_backend_messages::msg::MotionInformations_<std::allocator<void> > >[m[K’} has no member named ‘[01m[Kvx[m[K’
[2.201s]    99 |         g_combined_data.vx = msg.[01;31m[Kvx[m[K;
[2.201s]       |                                  [01;31m[K^~[m[K
[2.201s] [01m[K/home/xcy/ros2_ws/src/cpp_topic/src/cpp_sub_spiral.cpp:100:34:[m[K [01;31m[Kerror: [m[K‘[01m[Kconst SharedPtr[m[K’ {aka ‘[01m[Kconst class std::shared_ptr<onix_backend_messages::msg::MotionInformations_<std::allocator<void> > >[m[K’} has no member named ‘[01m[Kvy[m[K’
[2.201s]   100 |         g_combined_data.vy = msg.[01;31m[Kvy[m[K;
[2.202s]       |                                  [01;31m[K^~[m[K
[2.202s] [01m[K/home/xcy/ros2_ws/src/cpp_topic/src/cpp_sub_spiral.cpp:101:33:[m[K [01;31m[Kerror: [m[K‘[01m[Kconst SharedPtr[m[K’ {aka ‘[01m[Kconst class std::shared_ptr<onix_backend_messages::msg::MotionInformations_<std::allocator<void> > >[m[K’} has no member named ‘[01m[Kw[m[K’
[2.202s]   101 |         g_combined_data.w = msg.[01;31m[Kw[m[K;
[2.202s]       |                                 [01;31m[K^[m[K
[2.202s] [01m[K/home/xcy/ros2_ws/src/cpp_topic/src/cpp_sub_spiral.cpp:102:37:[m[K [01;31m[Kerror: [m[K‘[01m[Kconst SharedPtr[m[K’ {aka ‘[01m[Kconst class std::shared_ptr<onix_backend_messages::msg::MotionInformations_<std::allocator<void> > >[m[K’} has no member named ‘[01m[Ksteer[m[K’
[2.202s]   102 |         g_combined_data.steer = msg.[01;31m[Ksteer[m[K;
[2.202s]       |                                     [01;31m[K^~~~~[m[K
[2.202s] [01m[K/home/xcy/ros2_ws/src/cpp_topic/src/cpp_sub_spiral.cpp:103:36:[m[K [01;31m[Kerror: [m[K‘[01m[Kconst SharedPtr[m[K’ {aka ‘[01m[Kconst class std::shared_ptr<onix_backend_messages::msg::MotionInformations_<std::allocator<void> > >[m[K’} has no member named ‘[01m[Kspin[m[K’
[2.202s]   103 |         g_combined_data.spin = msg.[01;31m[Kspin[m[K;
[2.202s]       |                                    [01;31m[K^~~~[m[K
[2.202s] [01m[K/home/xcy/ros2_ws/src/cpp_topic/src/cpp_sub_spiral.cpp:104:36:[m[K [01;31m[Kerror: [m[K‘[01m[Kconst SharedPtr[m[K’ {aka ‘[01m[Kconst class std::shared_ptr<onix_backend_messages::msg::MotionInformations_<std::allocator<void> > >[m[K’} has no member named ‘[01m[Kr_vx[m[K’
[2.202s]   104 |         g_combined_data.r_vx = msg.[01;31m[Kr_vx[m[K;
[2.202s]       |                                    [01;31m[K^~~~[m[K
[2.202s] [01m[K/home/xcy/ros2_ws/src/cpp_topic/src/cpp_sub_spiral.cpp:105:36:[m[K [01;31m[Kerror: [m[K‘[01m[Kconst SharedPtr[m[K’ {aka ‘[01m[Kconst class std::shared_ptr<onix_backend_messages::msg::MotionInformations_<std::allocator<void> > >[m[K’} has no member named ‘[01m[Kr_vy[m[K’
[2.202s]   105 |         g_combined_data.r_vy = msg.[01;31m[Kr_vy[m[K;
[2.202s]       |                                    [01;31m[K^~~~[m[K
[2.202s] [01m[K/home/xcy/ros2_ws/src/cpp_topic/src/cpp_sub_spiral.cpp:106:35:[m[K [01;31m[Kerror: [m[K‘[01m[Kconst SharedPtr[m[K’ {aka ‘[01m[Kconst class std::shared_ptr<onix_backend_messages::msg::MotionInformations_<std::allocator<void> > >[m[K’} has no member named ‘[01m[Kr_w[m[K’
[2.203s]   106 |         g_combined_data.r_w = msg.[01;31m[Kr_w[m[K;
[2.203s]       |                                   [01;31m[K^~~[m[K
[2.203s] [01m[K/home/xcy/ros2_ws/src/cpp_topic/src/cpp_sub_spiral.cpp:107:39:[m[K [01;31m[Kerror: [m[K‘[01m[Kconst SharedPtr[m[K’ {aka ‘[01m[Kconst class std::shared_ptr<onix_backend_messages::msg::MotionInformations_<std::allocator<void> > >[m[K’} has no member named ‘[01m[Kr_steer[m[K’
[2.203s]   107 |         g_combined_data.r_steer = msg.[01;31m[Kr_steer[m[K;
[2.203s]       |                                       [01;31m[K^~~~~~~[m[K
[2.203s] [01m[K/home/xcy/ros2_ws/src/cpp_topic/src/cpp_sub_spiral.cpp:108:38:[m[K [01;31m[Kerror: [m[K‘[01m[Kconst SharedPtr[m[K’ {aka ‘[01m[Kconst class std::shared_ptr<onix_backend_messages::msg::MotionInformations_<std::allocator<void> > >[m[K’} has no member named ‘[01m[Kr_spin[m[K’
[2.203s]   108 |         g_combined_data.r_spin = msg.[01;31m[Kr_spin[m[K;
[2.203s]       |                                      [01;31m[K^~~~~~[m[K
[2.203s] [01m[K/home/xcy/ros2_ws/src/cpp_topic/src/cpp_sub_spiral.cpp:109:44:[m[K [01;31m[Kerror: [m[K‘[01m[Kconst SharedPtr[m[K’ {aka ‘[01m[Kconst class std::shared_ptr<onix_backend_messages::msg::MotionInformations_<std::allocator<void> > >[m[K’} has no member named ‘[01m[Ksteer_angles[m[K’
[2.203s]   109 |         g_combined_data.steer_angles = msg.[01;31m[Ksteer_angles[m[K;
[2.203s]       |                                            [01;31m[K^~~~~~~~~~~~[m[K
[2.203s] [01m[K/home/xcy/ros2_ws/src/cpp_topic/src/cpp_sub_spiral.cpp:110:46:[m[K [01;31m[Kerror: [m[K‘[01m[Kconst SharedPtr[m[K’ {aka ‘[01m[Kconst class std::shared_ptr<onix_backend_messages::msg::MotionInformations_<std::allocator<void> > >[m[K’} has no member named ‘[01m[Kr_steer_angles[m[K’
[2.204s]   110 |         g_combined_data.r_steer_angles = msg.[01;31m[Kr_steer_angles[m[K;
[2.204s]       |                                              [01;31m[K^~~~~~~~~~~~~~[m[K
[2.204s] [01m[K/home/xcy/ros2_ws/src/cpp_topic/src/cpp_sub_spiral.cpp:111:39:[m[K [01;31m[Kerror: [m[K‘[01m[Kconst SharedPtr[m[K’ {aka ‘[01m[Kconst class std::shared_ptr<onix_backend_messages::msg::MotionInformations_<std::allocator<void> > >[m[K’} has no member named ‘[01m[Kis_stop[m[K’
[2.204s]   111 |         g_combined_data.is_stop = msg.[01;31m[Kis_stop[m[K;
[2.204s]       |                                       [01;31m[K^~~~~~~[m[K
[2.204s] [01m[K/home/xcy/ros2_ws/src/cpp_topic/src/cpp_sub_spiral.cpp:112:35:[m[K [01;31m[Kerror: [m[K‘[01m[Kconst SharedPtr[m[K’ {aka ‘[01m[Kconst class std::shared_ptr<onix_backend_messages::msg::MotionInformations_<std::allocator<void> > >[m[K’} has no member named ‘[01m[Kodo[m[K’
[2.204s]   112 |         g_combined_data.odo = msg.[01;31m[Kodo[m[K;
[2.204s]       |                                   [01;31m[K^~~[m[K
[2.204s] [01m[K/home/xcy/ros2_ws/src/cpp_topic/src/cpp_sub_spiral.cpp:113:41:[m[K [01;31m[Kerror: [m[K‘[01m[Kconst SharedPtr[m[K’ {aka ‘[01m[Kconst class std::shared_ptr<onix_backend_messages::msg::MotionInformations_<std::allocator<void> > >[m[K’} has no member named ‘[01m[Ktoday_odo[m[K’
[2.204s]   113 |         g_combined_data.today_odo = msg.[01;31m[Ktoday_odo[m[K;
[2.204s]       |                                         [01;31m[K^~~~~~~~~[m[K
[2.204s] [01m[K/home/xcy/ros2_ws/src/cpp_topic/src/cpp_sub_spiral.cpp:114:41:[m[K [01;31m[Kerror: [m[K‘[01m[Kconst SharedPtr[m[K’ {aka ‘[01m[Kconst class std::shared_ptr<onix_backend_messages::msg::MotionInformations_<std::allocator<void> > >[m[K’} has no member named ‘[01m[Ktime[m[K’
[2.204s]   114 |         g_combined_data.odom_time = msg.[01;31m[Ktime[m[K;
[2.204s]       |                                         [01;31m[K^~~~[m[K
[2.204s] [01m[K/home/xcy/ros2_ws/src/cpp_topic/src/cpp_sub_spiral.cpp:115:46:[m[K [01;31m[Kerror: [m[K‘[01m[Kconst SharedPtr[m[K’ {aka ‘[01m[Kconst class std::shared_ptr<onix_backend_messages::msg::MotionInformations_<std::allocator<void> > >[m[K’} has no member named ‘[01m[Ktotal_run_time[m[K’
[2.204s]   115 |         g_combined_data.total_run_time = msg.[01;31m[Ktotal_run_time[m[K;
[2.204s]       |                                              [01;31m[K^~~~~~~~~~~~~~[m[K
[2.205s] [01m[K/home/xcy/ros2_ws/src/cpp_topic/src/cpp_sub_spiral.cpp:[m[K In member function ‘[01m[Kvoid CombinedSubscriber::timer_callback()[m[K’:
[2.205s] [01m[K/home/xcy/ros2_ws/src/cpp_topic/src/cpp_sub_spiral.cpp:140:25:[m[K [01;31m[Kerror: [m[K‘[01m[Kusing StatusData = struct onix_backend_messages::msg::StatusData_<std::allocator<void> >[m[K’ {aka ‘[01m[Kstruct onix_backend_messages::msg::StatusData_<std::allocator<void> >[m[K’} has no member named ‘[01m[Ksteer[m[K’; did you mean ‘[01m[Kr_steer[m[K’?
[2.205s]   140 |         status_data_msg.[01;31m[Ksteer[m[K = g_combined_data.steer;
[2.205s]       |                         [01;31m[K^~~~~[m[K
[2.205s]       |                         [32m[Kr_steer[m[K
[2.205s] [01m[K/home/xcy/ros2_ws/src/cpp_topic/src/cpp_sub_spiral.cpp:147:25:[m[K [01;31m[Kerror: [m[K‘[01m[Kusing StatusData = struct onix_backend_messages::msg::StatusData_<std::allocator<void> >[m[K’ {aka ‘[01m[Kstruct onix_backend_messages::msg::StatusData_<std::allocator<void> >[m[K’} has no member named ‘[01m[Ksteer_angles[m[K’; did you mean ‘[01m[Ksteer_angle[m[K’?
[2.205s]   147 |         status_data_msg.[01;31m[Ksteer_angles[m[K = g_combined_data.steer_angles;
[2.205s]       |                         [01;31m[K^~~~~~~~~~~~[m[K
[2.205s]       |                         [32m[Ksteer_angle[m[K
[2.205s] [01m[K/home/xcy/ros2_ws/src/cpp_topic/src/cpp_sub_spiral.cpp:148:25:[m[K [01;31m[Kerror: [m[K‘[01m[Kusing StatusData = struct onix_backend_messages::msg::StatusData_<std::allocator<void> >[m[K’ {aka ‘[01m[Kstruct onix_backend_messages::msg::StatusData_<std::allocator<void> >[m[K’} has no member named ‘[01m[Kr_steer_angles[m[K’; did you mean ‘[01m[Kr_steer_angle[m[K’?
[2.205s]   148 |         status_data_msg.[01;31m[Kr_steer_angles[m[K = g_combined_data.r_steer_angles;
[2.205s]       |                         [01;31m[K^~~~~~~~~~~~~~[m[K
[2.205s]       |                         [32m[Kr_steer_angle[m[K
[2.205s] [01m[K/home/xcy/ros2_ws/src/cpp_topic/src/cpp_sub_spiral.cpp:151:25:[m[K [01;31m[Kerror: [m[K‘[01m[Kusing StatusData = struct onix_backend_messages::msg::StatusData_<std::allocator<void> >[m[K’ {aka ‘[01m[Kstruct onix_backend_messages::msg::StatusData_<std::allocator<void> >[m[K’} has no member named ‘[01m[Ktoday_odo[m[K’; did you mean ‘[01m[Ktodays_odo[m[K’?
[2.205s]   151 |         status_data_msg.[01;31m[Ktoday_odo[m[K = g_combined_data.today_odo;
[2.206s]       |                         [01;31m[K^~~~~~~~~[m[K
[2.206s]       |                         [32m[Ktodays_odo[m[K
[2.206s] [01m[K/home/xcy/ros2_ws/src/cpp_topic/src/cpp_sub_spiral.cpp:153:25:[m[K [01;31m[Kerror: [m[K‘[01m[Kusing StatusData = struct onix_backend_messages::msg::StatusData_<std::allocator<void> >[m[K’ {aka ‘[01m[Kstruct onix_backend_messages::msg::StatusData_<std::allocator<void> >[m[K’} has no member named ‘[01m[Ktotal_run_time[m[K’; did you mean ‘[01m[Ktotal_time[m[K’?
[2.206s]   153 |         status_data_msg.[01;31m[Ktotal_run_time[m[K = g_combined_data.total_run_time;
[2.206s]       |                         [01;31m[K^~~~~~~~~~~~~~[m[K
[2.206s]       |                         [32m[Ktotal_time[m[K
[4.040s] make[2]: *** [CMakeFiles/cpp_sub_spiral.dir/build.make:63: CMakeFiles/cpp_sub_spiral.dir/src/cpp_sub_spiral.cpp.o] Error 1
[4.041s] make[1]: *** [CMakeFiles/Makefile2:78: CMakeFiles/cpp_sub_spiral.dir/all] Error 2
[4.041s] make: *** [Makefile:141: all] Error 2
[4.048s] Invoked command in '/home/xcy/ros2_ws/build/cpp_topic' returned '2': CMAKE_PREFIX_PATH=/opt/ros/foxy /usr/bin/cmake --build /home/xcy/ros2_ws/build/cpp_topic -- -j8 -l8
