[1.950s] DEBUG:colcon:Command line arguments: ['/usr/bin/colcon', 'build']
[1.950s] DEBUG:colcon:Parsed command line arguments: Namespace(allow_overriding=[], ament_cmake_args=None, base_paths=['.'], build_base='build', catkin_cmake_args=None, catkin_skip_building_tests=False, cmake_args=None, cmake_clean_cache=False, cmake_clean_first=False, cmake_force_configure=False, cmake_target=None, cmake_target_skip_unavailable=False, continue_on_error=False, event_handlers=None, executor='parallel', ignore_user_meta=False, install_base='install', log_base=None, log_level=None, main=<bound method BuildVerb.main of <colcon_core.verb.build.BuildVerb object at 0x7f3639f85700>>, merge_install=False, metas=['./colcon.meta'], packages_above=None, packages_above_and_dependencies=None, packages_above_depth=None, packages_end=None, packages_ignore=None, packages_ignore_regex=None, packages_select=None, packages_select_build_failed=False, packages_select_by_dep=None, packages_select_regex=None, packages_select_test_failures=False, packages_skip=None, packages_skip_build_finished=False, packages_skip_by_dep=None, packages_skip_regex=None, packages_skip_test_passed=False, packages_skip_up_to=None, packages_start=None, packages_up_to=None, packages_up_to_regex=None, parallel_workers=8, paths=None, symlink_install=False, test_result_base=None, verb_extension=<colcon_core.verb.build.BuildVerb object at 0x7f3639f85700>, verb_name='build', verb_parser=<colcon_defaults.argument_parser.defaults.DefaultArgumentsDecorator object at 0x7f3639f85be0>)
[2.032s] Level 1:colcon.colcon_core.package_discovery:discover_packages(colcon_meta) check parameters
[2.033s] Level 1:colcon.colcon_core.package_discovery:discover_packages(recursive) check parameters
[2.033s] Level 1:colcon.colcon_core.package_discovery:discover_packages(ignore) check parameters
[2.033s] Level 1:colcon.colcon_core.package_discovery:discover_packages(path) check parameters
[2.033s] Level 1:colcon.colcon_core.package_discovery:discover_packages(colcon_meta) discover
[2.033s] Level 1:colcon.colcon_core.package_discovery:discover_packages(recursive) discover
[2.033s] INFO:colcon.colcon_core.package_discovery:Crawling recursively for packages in '/home/xcy/ros2_ws'
[2.033s] Level 1:colcon.colcon_core.package_identification:_identify(.) by extensions ['ignore', 'ignore_ament_install']
[2.033s] Level 1:colcon.colcon_core.package_identification:_identify(.) by extension 'ignore'
[2.033s] Level 1:colcon.colcon_core.package_identification:_identify(.) by extension 'ignore_ament_install'
[2.033s] Level 1:colcon.colcon_core.package_identification:_identify(.) by extensions ['colcon_pkg']
[2.033s] Level 1:colcon.colcon_core.package_identification:_identify(.) by extension 'colcon_pkg'
[2.033s] Level 1:colcon.colcon_core.package_identification:_identify(.) by extensions ['colcon_meta']
[2.033s] Level 1:colcon.colcon_core.package_identification:_identify(.) by extension 'colcon_meta'
[2.033s] Level 1:colcon.colcon_core.package_identification:_identify(.) by extensions ['ros']
[2.033s] Level 1:colcon.colcon_core.package_identification:_identify(.) by extension 'ros'
[2.042s] Level 1:colcon.colcon_core.package_identification:_identify(.) by extensions ['cmake', 'python']
[2.043s] Level 1:colcon.colcon_core.package_identification:_identify(.) by extension 'cmake'
[2.043s] Level 1:colcon.colcon_core.package_identification:_identify(.) by extension 'python'
[2.043s] Level 1:colcon.colcon_core.package_identification:_identify(.) by extensions ['python_setup_py']
[2.043s] Level 1:colcon.colcon_core.package_identification:_identify(.) by extension 'python_setup_py'
[2.043s] Level 1:colcon.colcon_core.package_identification:_identify(build) by extensions ['ignore', 'ignore_ament_install']
[2.043s] Level 1:colcon.colcon_core.package_identification:_identify(build) by extension 'ignore'
[2.043s] Level 1:colcon.colcon_core.package_identification:_identify(build) ignored
[2.043s] Level 1:colcon.colcon_core.package_identification:_identify(install) by extensions ['ignore', 'ignore_ament_install']
[2.043s] Level 1:colcon.colcon_core.package_identification:_identify(install) by extension 'ignore'
[2.043s] Level 1:colcon.colcon_core.package_identification:_identify(install) ignored
[2.043s] Level 1:colcon.colcon_core.package_identification:_identify(log) by extensions ['ignore', 'ignore_ament_install']
[2.043s] Level 1:colcon.colcon_core.package_identification:_identify(log) by extension 'ignore'
[2.043s] Level 1:colcon.colcon_core.package_identification:_identify(log) ignored
[2.043s] Level 1:colcon.colcon_core.package_identification:_identify(src) by extensions ['ignore', 'ignore_ament_install']
[2.044s] Level 1:colcon.colcon_core.package_identification:_identify(src) by extension 'ignore'
[2.044s] Level 1:colcon.colcon_core.package_identification:_identify(src) by extension 'ignore_ament_install'
[2.044s] Level 1:colcon.colcon_core.package_identification:_identify(src) by extensions ['colcon_pkg']
[2.044s] Level 1:colcon.colcon_core.package_identification:_identify(src) by extension 'colcon_pkg'
[2.044s] Level 1:colcon.colcon_core.package_identification:_identify(src) by extensions ['colcon_meta']
[2.044s] Level 1:colcon.colcon_core.package_identification:_identify(src) by extension 'colcon_meta'
[2.044s] Level 1:colcon.colcon_core.package_identification:_identify(src) by extensions ['ros']
[2.044s] Level 1:colcon.colcon_core.package_identification:_identify(src) by extension 'ros'
[2.044s] Level 1:colcon.colcon_core.package_identification:_identify(src) by extensions ['cmake', 'python']
[2.044s] Level 1:colcon.colcon_core.package_identification:_identify(src) by extension 'cmake'
[2.044s] Level 1:colcon.colcon_core.package_identification:_identify(src) by extension 'python'
[2.044s] Level 1:colcon.colcon_core.package_identification:_identify(src) by extensions ['python_setup_py']
[2.044s] Level 1:colcon.colcon_core.package_identification:_identify(src) by extension 'python_setup_py'
[2.044s] Level 1:colcon.colcon_core.package_identification:_identify(src/cpp_topic) by extensions ['ignore', 'ignore_ament_install']
[2.044s] Level 1:colcon.colcon_core.package_identification:_identify(src/cpp_topic) by extension 'ignore'
[2.044s] Level 1:colcon.colcon_core.package_identification:_identify(src/cpp_topic) by extension 'ignore_ament_install'
[2.044s] Level 1:colcon.colcon_core.package_identification:_identify(src/cpp_topic) by extensions ['colcon_pkg']
[2.044s] Level 1:colcon.colcon_core.package_identification:_identify(src/cpp_topic) by extension 'colcon_pkg'
[2.044s] Level 1:colcon.colcon_core.package_identification:_identify(src/cpp_topic) by extensions ['colcon_meta']
[2.044s] Level 1:colcon.colcon_core.package_identification:_identify(src/cpp_topic) by extension 'colcon_meta'
[2.044s] Level 1:colcon.colcon_core.package_identification:_identify(src/cpp_topic) by extensions ['ros']
[2.044s] Level 1:colcon.colcon_core.package_identification:_identify(src/cpp_topic) by extension 'ros'
[2.047s] DEBUG:colcon.colcon_core.package_identification:Package 'src/cpp_topic' with type 'ros.ament_cmake' and name 'cpp_topic'
[2.047s] Level 1:colcon.colcon_core.package_discovery:discover_packages(recursive) using defaults
[2.047s] Level 1:colcon.colcon_core.package_discovery:discover_packages(ignore) discover
[2.047s] Level 1:colcon.colcon_core.package_discovery:discover_packages(ignore) using defaults
[2.047s] Level 1:colcon.colcon_core.package_discovery:discover_packages(path) discover
[2.047s] Level 1:colcon.colcon_core.package_discovery:discover_packages(path) using defaults
[2.228s] Level 1:colcon.colcon_core.package_discovery:discover_packages(prefix_path) check parameters
[2.228s] Level 1:colcon.colcon_core.package_discovery:discover_packages(prefix_path) discover
[2.304s] DEBUG:colcon.colcon_installed_package_information.package_discovery:Found 2 installed packages in /home/xcy/ros2_ws3/install
[2.337s] DEBUG:colcon.colcon_installed_package_information.package_discovery:Found 1 installed packages in /home/xcy/ros2_ws/install
[2.370s] DEBUG:colcon.colcon_installed_package_information.package_discovery:Found 1 installed packages in /home/xcy/ros2_ws2/install
[2.403s] DEBUG:colcon.colcon_installed_package_information.package_discovery:Found 258 installed packages in /opt/ros/foxy
[2.404s] Level 1:colcon.colcon_core.package_discovery:discover_packages(prefix_path) using defaults
[2.562s] Level 5:colcon.colcon_core.verb:set package 'cpp_topic' build argument 'cmake_args' from command line to 'None'
[2.562s] Level 5:colcon.colcon_core.verb:set package 'cpp_topic' build argument 'cmake_target' from command line to 'None'
[2.562s] Level 5:colcon.colcon_core.verb:set package 'cpp_topic' build argument 'cmake_target_skip_unavailable' from command line to 'False'
[2.562s] Level 5:colcon.colcon_core.verb:set package 'cpp_topic' build argument 'cmake_clean_cache' from command line to 'False'
[2.562s] Level 5:colcon.colcon_core.verb:set package 'cpp_topic' build argument 'cmake_clean_first' from command line to 'False'
[2.562s] Level 5:colcon.colcon_core.verb:set package 'cpp_topic' build argument 'cmake_force_configure' from command line to 'False'
[2.562s] Level 5:colcon.colcon_core.verb:set package 'cpp_topic' build argument 'ament_cmake_args' from command line to 'None'
[2.562s] Level 5:colcon.colcon_core.verb:set package 'cpp_topic' build argument 'catkin_cmake_args' from command line to 'None'
[2.562s] Level 5:colcon.colcon_core.verb:set package 'cpp_topic' build argument 'catkin_skip_building_tests' from command line to 'False'
[2.562s] DEBUG:colcon.colcon_core.verb:Building package 'cpp_topic' with the following arguments: {'ament_cmake_args': None, 'build_base': '/home/xcy/ros2_ws/build/cpp_topic', 'catkin_cmake_args': None, 'catkin_skip_building_tests': False, 'cmake_args': None, 'cmake_clean_cache': False, 'cmake_clean_first': False, 'cmake_force_configure': False, 'cmake_target': None, 'cmake_target_skip_unavailable': False, 'install_base': '/home/xcy/ros2_ws/install/cpp_topic', 'merge_install': False, 'path': '/home/xcy/ros2_ws/src/cpp_topic', 'symlink_install': False, 'test_result_base': None}
[2.595s] INFO:colcon.colcon_core.executor:Executing jobs using 'parallel' executor
[2.627s] DEBUG:colcon.colcon_parallel_executor.executor.parallel:run_until_complete
[2.627s] INFO:colcon.colcon_ros.task.ament_cmake.build:Building ROS package in '/home/xcy/ros2_ws/src/cpp_topic' with build type 'ament_cmake'
[2.628s] INFO:colcon.colcon_cmake.task.cmake.build:Building CMake package in '/home/xcy/ros2_ws/src/cpp_topic'
[2.665s] INFO:colcon.colcon_core.plugin_system:Skipping extension 'colcon_core.shell.bat': Not used on non-Windows systems
[2.665s] INFO:colcon.colcon_core.shell:Skip shell extension 'powershell' for command environment: Not usable outside of PowerShell
[2.665s] DEBUG:colcon.colcon_core.shell:Skip shell extension 'dsv' for command environment
[2.852s] DEBUG:colcon.colcon_core.event_handler.log_command:Invoking command in '/home/xcy/ros2_ws/build/cpp_topic': CMAKE_PREFIX_PATH=${CMAKE_PREFIX_PATH}:/home/xcy/ros2_ws3/install/py_topic:/home/xcy/ros2_ws2/install/py_srvcli:/opt/ros/foxy /usr/bin/cmake --build /home/xcy/ros2_ws/build/cpp_topic -- -j8 -l8
[9.404s] DEBUG:colcon.colcon_core.event_handler.log_command:Invoked command in '/home/xcy/ros2_ws/build/cpp_topic' returned '0': CMAKE_PREFIX_PATH=${CMAKE_PREFIX_PATH}:/home/xcy/ros2_ws3/install/py_topic:/home/xcy/ros2_ws2/install/py_srvcli:/opt/ros/foxy /usr/bin/cmake --build /home/xcy/ros2_ws/build/cpp_topic -- -j8 -l8
[9.439s] DEBUG:colcon.colcon_core.event_handler.log_command:Invoking command in '/home/xcy/ros2_ws/build/cpp_topic': CMAKE_PREFIX_PATH=${CMAKE_PREFIX_PATH}:/home/xcy/ros2_ws3/install/py_topic:/home/xcy/ros2_ws2/install/py_srvcli:/opt/ros/foxy /usr/bin/cmake --install /home/xcy/ros2_ws/build/cpp_topic
[9.462s] Level 1:colcon.colcon_core.environment:create_environment_scripts_only(cpp_topic)
[9.463s] DEBUG:colcon.colcon_core.event_handler.log_command:Invoked command in '/home/xcy/ros2_ws/build/cpp_topic' returned '0': CMAKE_PREFIX_PATH=${CMAKE_PREFIX_PATH}:/home/xcy/ros2_ws3/install/py_topic:/home/xcy/ros2_ws2/install/py_srvcli:/opt/ros/foxy /usr/bin/cmake --install /home/xcy/ros2_ws/build/cpp_topic
[9.505s] Level 1:colcon.colcon_core.environment:checking '/home/xcy/ros2_ws/install/cpp_topic' for CMake module files
[9.505s] Level 1:colcon.colcon_core.environment:checking '/home/xcy/ros2_ws/install/cpp_topic' for CMake config files
[9.506s] Level 1:colcon.colcon_core.shell:create_environment_hook('cpp_topic', 'cmake_prefix_path')
[9.538s] INFO:colcon.colcon_core.shell:Creating environment hook '/home/xcy/ros2_ws/install/cpp_topic/share/cpp_topic/hook/cmake_prefix_path.ps1'
[9.539s] INFO:colcon.colcon_core.shell:Creating environment descriptor '/home/xcy/ros2_ws/install/cpp_topic/share/cpp_topic/hook/cmake_prefix_path.dsv'
[9.539s] INFO:colcon.colcon_core.shell:Creating environment hook '/home/xcy/ros2_ws/install/cpp_topic/share/cpp_topic/hook/cmake_prefix_path.sh'
[9.540s] Level 1:colcon.colcon_core.environment:checking '/home/xcy/ros2_ws/install/cpp_topic/lib'
[9.540s] Level 1:colcon.colcon_core.environment:checking '/home/xcy/ros2_ws/install/cpp_topic/bin'
[9.540s] Level 1:colcon.colcon_core.environment:checking '/home/xcy/ros2_ws/install/cpp_topic/lib/pkgconfig/cpp_topic.pc'
[9.540s] Level 1:colcon.colcon_core.environment:checking '/home/xcy/ros2_ws/install/cpp_topic/lib/python3.8/site-packages'
[9.540s] Level 1:colcon.colcon_core.environment:checking '/home/xcy/ros2_ws/install/cpp_topic/bin'
[9.575s] INFO:colcon.colcon_core.shell:Creating package script '/home/xcy/ros2_ws/install/cpp_topic/share/cpp_topic/package.ps1'
[9.576s] INFO:colcon.colcon_core.shell:Creating package descriptor '/home/xcy/ros2_ws/install/cpp_topic/share/cpp_topic/package.dsv'
[9.576s] INFO:colcon.colcon_core.shell:Creating package script '/home/xcy/ros2_ws/install/cpp_topic/share/cpp_topic/package.sh'
[9.577s] INFO:colcon.colcon_core.shell:Creating package script '/home/xcy/ros2_ws/install/cpp_topic/share/cpp_topic/package.bash'
[9.577s] INFO:colcon.colcon_core.shell:Creating package script '/home/xcy/ros2_ws/install/cpp_topic/share/cpp_topic/package.zsh'
[9.578s] Level 1:colcon.colcon_core.environment:create_file_with_runtime_dependencies(/home/xcy/ros2_ws/install/cpp_topic/share/colcon-core/packages/cpp_topic)
[9.631s] Level 1:colcon.colcon_core.environment:create_environment_scripts_only(cpp_topic)
[9.666s] Level 1:colcon.colcon_core.environment:checking '/home/xcy/ros2_ws/install/cpp_topic' for CMake module files
[9.666s] Level 1:colcon.colcon_core.environment:checking '/home/xcy/ros2_ws/install/cpp_topic' for CMake config files
[9.666s] Level 1:colcon.colcon_core.shell:create_environment_hook('cpp_topic', 'cmake_prefix_path')
[9.700s] INFO:colcon.colcon_core.shell:Creating environment hook '/home/xcy/ros2_ws/install/cpp_topic/share/cpp_topic/hook/cmake_prefix_path.ps1'
[9.700s] INFO:colcon.colcon_core.shell:Creating environment descriptor '/home/xcy/ros2_ws/install/cpp_topic/share/cpp_topic/hook/cmake_prefix_path.dsv'
[9.700s] INFO:colcon.colcon_core.shell:Creating environment hook '/home/xcy/ros2_ws/install/cpp_topic/share/cpp_topic/hook/cmake_prefix_path.sh'
[9.701s] Level 1:colcon.colcon_core.environment:checking '/home/xcy/ros2_ws/install/cpp_topic/lib'
[9.701s] Level 1:colcon.colcon_core.environment:checking '/home/xcy/ros2_ws/install/cpp_topic/bin'
[9.701s] Level 1:colcon.colcon_core.environment:checking '/home/xcy/ros2_ws/install/cpp_topic/lib/pkgconfig/cpp_topic.pc'
[9.701s] Level 1:colcon.colcon_core.environment:checking '/home/xcy/ros2_ws/install/cpp_topic/lib/python3.8/site-packages'
[9.702s] Level 1:colcon.colcon_core.environment:checking '/home/xcy/ros2_ws/install/cpp_topic/bin'
[9.735s] INFO:colcon.colcon_core.shell:Creating package script '/home/xcy/ros2_ws/install/cpp_topic/share/cpp_topic/package.ps1'
[9.736s] INFO:colcon.colcon_core.shell:Creating package descriptor '/home/xcy/ros2_ws/install/cpp_topic/share/cpp_topic/package.dsv'
[9.736s] INFO:colcon.colcon_core.shell:Creating package script '/home/xcy/ros2_ws/install/cpp_topic/share/cpp_topic/package.sh'
[9.736s] INFO:colcon.colcon_core.shell:Creating package script '/home/xcy/ros2_ws/install/cpp_topic/share/cpp_topic/package.bash'
[9.737s] INFO:colcon.colcon_core.shell:Creating package script '/home/xcy/ros2_ws/install/cpp_topic/share/cpp_topic/package.zsh'
[9.737s] Level 1:colcon.colcon_core.environment:create_file_with_runtime_dependencies(/home/xcy/ros2_ws/install/cpp_topic/share/colcon-core/packages/cpp_topic)
[9.737s] DEBUG:colcon.colcon_parallel_executor.executor.parallel:closing loop
[9.738s] DEBUG:colcon.colcon_parallel_executor.executor.parallel:loop closed
[9.738s] DEBUG:colcon.colcon_parallel_executor.executor.parallel:run_until_complete finished with '0'
[9.738s] DEBUG:colcon.colcon_core.event_reactor:joining thread
[9.784s] INFO:colcon.colcon_core.plugin_system:Skipping extension 'colcon_notification.desktop_notification.terminal_notifier': Not used on non-Darwin systems
[9.784s] INFO:colcon.colcon_core.plugin_system:Skipping extension 'colcon_notification.desktop_notification.win32': Not used on non-Windows systems
[9.784s] INFO:colcon.colcon_notification.desktop_notification:Sending desktop notification using 'notify2'
[9.796s] DEBUG:colcon.colcon_core.event_reactor:joined thread
[9.836s] INFO:colcon.colcon_core.shell:Creating prefix script '/home/xcy/ros2_ws/install/local_setup.ps1'
[9.836s] INFO:colcon.colcon_core.shell:Creating prefix util module '/home/xcy/ros2_ws/install/_local_setup_util_ps1.py'
[9.837s] INFO:colcon.colcon_core.shell:Creating prefix chain script '/home/xcy/ros2_ws/install/setup.ps1'
[9.873s] INFO:colcon.colcon_core.shell:Creating prefix script '/home/xcy/ros2_ws/install/local_setup.sh'
[9.873s] INFO:colcon.colcon_core.shell:Creating prefix util module '/home/xcy/ros2_ws/install/_local_setup_util_sh.py'
[9.873s] INFO:colcon.colcon_core.shell:Creating prefix chain script '/home/xcy/ros2_ws/install/setup.sh'
[9.908s] INFO:colcon.colcon_core.shell:Creating prefix script '/home/xcy/ros2_ws/install/local_setup.bash'
[9.908s] INFO:colcon.colcon_core.shell:Creating prefix chain script '/home/xcy/ros2_ws/install/setup.bash'
[9.943s] INFO:colcon.colcon_core.shell:Creating prefix script '/home/xcy/ros2_ws/install/local_setup.zsh'
[9.944s] INFO:colcon.colcon_core.shell:Creating prefix chain script '/home/xcy/ros2_ws/install/setup.zsh'
