-- Found ament_cmake: 0.9.12 (/opt/ros/foxy/share/ament_cmake/cmake)
-- Using PYTHON_EXECUTABLE: /usr/bin/python3
-- Override CMake install command with custom implementation using symlinks instead of copying resources
-- Found rclcpp: 2.4.3 (/opt/ros/foxy/share/rclcpp/cmake)
-- Using all available rosidl_typesupport_c: rosidl_typesupport_fastrtps_c;rosidl_typesupport_introspection_c
-- Found rosidl_adapter: 1.3.1 (/opt/ros/foxy/share/rosidl_adapter/cmake)
-- Using all available rosidl_typesupport_cpp: rosidl_typesupport_fastrtps_cpp;rosidl_typesupport_introspection_cpp
-- Found rmw_implementation_cmake: 1.0.4 (/opt/ros/foxy/share/rmw_implementation_cmake/cmake)
-- Using RMW implementation 'rmw_fastrtps_cpp' as default
-- Found geometry_msgs: 2.0.5 (/opt/ros/foxy/share/geometry_msgs/cmake)
CMake Error at CMakeLists.txt:16 (find_package):
  By not providing "Findonix_backend_messages.cmake" in CMAKE_MODULE_PATH
  this project has asked CMake to find a package configuration file provided
  by "onix_backend_messages", but CMake did not find one.

  Could not find a package configuration file provided by
  "onix_backend_messages" with any of the following names:

    onix_backend_messagesConfig.cmake
    onix_backend_messages-config.cmake

  Add the installation prefix of "onix_backend_messages" to CMAKE_PREFIX_PATH
  or set "onix_backend_messages_DIR" to a directory containing one of the
  above files.  If "onix_backend_messages" provides a separate development
  package or SDK, be sure it has been installed.


-- Configuring incomplete, errors occurred!
See also "/home/xcy/ros2_ws/build/cpp_topic/CMakeFiles/CMakeOutput.log".
See also "/home/xcy/ros2_ws/build/cpp_topic/CMakeFiles/CMakeError.log".
