[0.183s] Invoking command in '/home/xcy/ros2_ws/build/cpp_topic': CMAKE_PREFIX_PATH=${CMAKE_PREFIX_PATH}:/home/xcy/ros2_ws3/install/py_topic:/opt/ros/foxy /usr/bin/cmake --build /home/xcy/ros2_ws/build/cpp_topic -- -j8 -l8
[0.219s] [35m[1mScanning dependencies of target cpp_sub_spiral[0m
[0.243s] [ 50%] [32mBuilding CXX object CMakeFiles/cpp_sub_spiral.dir/src/cpp_sub_spiral.cpp.o[0m
[7.674s] [100%] [32m[1mLinking CXX executable cpp_sub_spiral[0m
[8.016s] [100%] Built target cpp_sub_spiral
[8.026s] Invoked command in '/home/xcy/ros2_ws/build/cpp_topic' returned '0': CMAKE_PREFIX_PATH=${CMAKE_PREFIX_PATH}:/home/xcy/ros2_ws3/install/py_topic:/opt/ros/foxy /usr/bin/cmake --build /home/xcy/ros2_ws/build/cpp_topic -- -j8 -l8
[8.058s] Invoking command in '/home/xcy/ros2_ws/build/cpp_topic': CMAKE_PREFIX_PATH=${CMAKE_PREFIX_PATH}:/home/xcy/ros2_ws3/install/py_topic:/opt/ros/foxy /usr/bin/cmake --install /home/xcy/ros2_ws/build/cpp_topic
[8.065s] -- Install configuration: ""
[8.066s] -- Execute custom install script
[8.066s] -- Up-to-date symlink: /home/xcy/ros2_ws/install/cpp_topic/lib/cpp_topic/cpp_sub_spiral
[8.066s] -- Up-to-date symlink: /home/xcy/ros2_ws/install/cpp_topic/share/ament_index/resource_index/package_run_dependencies/cpp_topic
[8.067s] -- Up-to-date symlink: /home/xcy/ros2_ws/install/cpp_topic/share/ament_index/resource_index/parent_prefix_path/cpp_topic
[8.067s] -- Up-to-date symlink: /home/xcy/ros2_ws/install/cpp_topic/share/cpp_topic/environment/ament_prefix_path.sh
[8.067s] -- Up-to-date symlink: /home/xcy/ros2_ws/install/cpp_topic/share/cpp_topic/environment/ament_prefix_path.dsv
[8.067s] -- Up-to-date symlink: /home/xcy/ros2_ws/install/cpp_topic/share/cpp_topic/environment/path.sh
[8.068s] -- Up-to-date symlink: /home/xcy/ros2_ws/install/cpp_topic/share/cpp_topic/environment/path.dsv
[8.068s] -- Up-to-date symlink: /home/xcy/ros2_ws/install/cpp_topic/share/cpp_topic/local_setup.bash
[8.068s] -- Up-to-date symlink: /home/xcy/ros2_ws/install/cpp_topic/share/cpp_topic/local_setup.sh
[8.068s] -- Up-to-date symlink: /home/xcy/ros2_ws/install/cpp_topic/share/cpp_topic/local_setup.zsh
[8.069s] -- Up-to-date symlink: /home/xcy/ros2_ws/install/cpp_topic/share/cpp_topic/local_setup.dsv
[8.069s] -- Symlinking: /home/xcy/ros2_ws/install/cpp_topic/share/cpp_topic/package.dsv
[8.077s] -- Up-to-date symlink: /home/xcy/ros2_ws/install/cpp_topic/share/ament_index/resource_index/packages/cpp_topic
[8.078s] -- Up-to-date symlink: /home/xcy/ros2_ws/install/cpp_topic/share/cpp_topic/cmake/cpp_topicConfig.cmake
[8.078s] -- Up-to-date symlink: /home/xcy/ros2_ws/install/cpp_topic/share/cpp_topic/cmake/cpp_topicConfig-version.cmake
[8.078s] -- Up-to-date symlink: /home/xcy/ros2_ws/install/cpp_topic/share/cpp_topic/package.xml
[8.080s] Invoked command in '/home/xcy/ros2_ws/build/cpp_topic' returned '0': CMAKE_PREFIX_PATH=${CMAKE_PREFIX_PATH}:/home/xcy/ros2_ws3/install/py_topic:/opt/ros/foxy /usr/bin/cmake --install /home/xcy/ros2_ws/build/cpp_topic
