[0.177s] Invoking command in '/home/xcy/ros2_ws/build/cpp_topic': CMAKE_PREFIX_PATH=${CMAKE_PREFIX_PATH}:/home/xcy/ros2_ws3/install/py_topic:/opt/ros/foxy /usr/bin/cmake --build /home/xcy/ros2_ws/build/cpp_topic -- -j8 -l8
[0.211s] [35m[1mScanning dependencies of target cpp_sub_spiral[0m
[0.233s] [ 50%] Built target cpp_pub_spiral
[0.235s] [ 75%] [32mBuilding CXX object CMakeFiles/cpp_sub_spiral.dir/src/cpp_sub_spiral.cpp.o[0m
[1.646s] [01m[K/home/xcy/ros2_ws/src/cpp_topic/src/cpp_sub_spiral.cpp:[m[K In member function ‘[01m[Kvoid MinimalSubscriber::topic_callback(onix_backend_messages::msg::SystemConfig_<std::allocator<void> >::SharedPtr)[m[K’:
[1.646s] [01m[K/home/xcy/ros2_ws/src/cpp_topic/src/cpp_sub_spiral.cpp:30:39:[m[K [01;31m[Kerror: [m[K‘[01m[Kusing element_type = struct onix_backend_messages::msg::SystemConfig_<std::allocator<void> >[m[K’ {aka ‘[01m[Kstruct onix_backend_messages::msg::SystemConfig_<std::allocator<void> >[m[K’} has no member named ‘[01m[Ktime[m[K’
[1.646s]    30 |         status_data_msg_->time = msg->[01;31m[Ktime[m[K;
[1.646s]       |                                       [01;31m[K^~~~[m[K
[1.646s] [01m[K/home/xcy/ros2_ws/src/cpp_topic/src/cpp_sub_spiral.cpp:31:53:[m[K [01;31m[Kerror: [m[Kcannot convert ‘[01m[Konix_backend_messages::msg::SystemConfig_<std::allocator<void> >::_controller_voltage_type[m[K’ {aka ‘[01m[Kstd::__cxx11::basic_string<char>[m[K’} to ‘[01m[Konix_backend_messages::msg::StatusData_<std::allocator<void> >::_controller_voltage_type[m[K’ {aka ‘[01m[Klong int[m[K’} in assignment
[1.646s]    31 |         status_data_msg_->controller_voltage = [01;31m[Kmsg->controller_voltage[m[K;
[1.646s]       |                                                [01;31m[K~~~~~^~~~~~~~~~~~~~~~~~[m[K
[1.646s]       |                                                     [01;31m[K|[m[K
[1.647s]       |                                                     [01;31m[Konix_backend_messages::msg::SystemConfig_<std::allocator<void> >::_controller_voltage_type {aka std::__cxx11::basic_string<char>}[m[K
[1.647s] [01m[K/home/xcy/ros2_ws/src/cpp_topic/src/cpp_sub_spiral.cpp:32:45:[m[K [01;31m[Kerror: [m[K‘[01m[Kusing element_type = struct onix_backend_messages::msg::SystemConfig_<std::allocator<void> >[m[K’ {aka ‘[01m[Kstruct onix_backend_messages::msg::SystemConfig_<std::allocator<void> >[m[K’} has no member named ‘[01m[Ktotal_time[m[K’; did you mean ‘[01m[Ktotal_run_time[m[K’?
[1.647s]    32 |         status_data_msg_->total_time = msg->[01;31m[Ktotal_time[m[K;
[1.647s]       |                                             [01;31m[K^~~~~~~~~~[m[K
[1.647s]       |                                             [32m[Ktotal_run_time[m[K
[1.647s] [01m[K/home/xcy/ros2_ws/src/cpp_topic/src/cpp_sub_spiral.cpp:35:39:[m[K [01;31m[Kerror: [m[Kcannot convert ‘[01m[Konix_backend_messages::msg::SystemConfig_<std::allocator<void> >::_rssi_type[m[K’ {aka ‘[01m[Kstd::__cxx11::basic_string<char>[m[K’} to ‘[01m[Konix_backend_messages::msg::StatusData_<std::allocator<void> >::_rssi_type[m[K’ {aka ‘[01m[Klong int[m[K’} in assignment
[1.647s]    35 |         status_data_msg_->rssi = [01;31m[Kmsg->rssi[m[K;
[1.647s]       |                                  [01;31m[K~~~~~^~~~[m[K
[1.647s]       |                                       [01;31m[K|[m[K
[1.647s]       |                                       [01;31m[Konix_backend_messages::msg::SystemConfig_<std::allocator<void> >::_rssi_type {aka std::__cxx11::basic_string<char>}[m[K
[1.652s] [01m[K/home/xcy/ros2_ws/src/cpp_topic/src/cpp_sub_spiral.cpp:[m[K In member function ‘[01m[Kvoid MinimalSubscriber::timer_callback()[m[K’:
[1.653s] [01m[K/home/xcy/ros2_ws/src/cpp_topic/src/cpp_sub_spiral.cpp:44:45:[m[K [01;31m[Kerror: [m[Kno matching function for call to ‘[01m[Krclcpp::Publisher<onix_backend_messages::msg::StatusData_<std::allocator<void> > >::publish(std::shared_ptr<onix_backend_messages::msg::StatusData_<std::allocator<void> > >&)[m[K’
[1.653s]    44 |         publisher_->publish(status_data_msg_[01;31m[K)[m[K;
[1.653s]       |                                             [01;31m[K^[m[K
[1.653s] In file included from [01m[K/opt/ros/foxy/include/rclcpp/topic_statistics/subscription_topic_statistics.hpp:31[m[K,
[1.653s]                  from [01m[K/opt/ros/foxy/include/rclcpp/subscription.hpp:50[m[K,
[1.653s]                  from [01m[K/opt/ros/foxy/include/rclcpp/any_executable.hpp:25[m[K,
[1.653s]                  from [01m[K/opt/ros/foxy/include/rclcpp/memory_strategy.hpp:24[m[K,
[1.653s]                  from [01m[K/opt/ros/foxy/include/rclcpp/memory_strategies.hpp:18[m[K,
[1.654s]                  from [01m[K/opt/ros/foxy/include/rclcpp/executor_options.hpp:20[m[K,
[1.654s]                  from [01m[K/opt/ros/foxy/include/rclcpp/executor.hpp:33[m[K,
[1.654s]                  from [01m[K/opt/ros/foxy/include/rclcpp/executors/multi_threaded_executor.hpp:26[m[K,
[1.654s]                  from [01m[K/opt/ros/foxy/include/rclcpp/executors.hpp:21[m[K,
[1.654s]                  from [01m[K/opt/ros/foxy/include/rclcpp/rclcpp.hpp:146[m[K,
[1.654s]                  from [01m[K/home/xcy/ros2_ws/src/cpp_topic/src/cpp_sub_spiral.cpp:2[m[K:
[1.654s] [01m[K/opt/ros/foxy/include/rclcpp/publisher.hpp:185:3:[m[K [01;36m[Knote: [m[Kcandidate: ‘[01m[Kvoid rclcpp::Publisher<MessageT, AllocatorT>::publish(std::unique_ptr<MessageT, typename std::conditional<std::is_same<typename std::allocator_traits<typename std::allocator_traits<_Alloc>::rebind_traits<MessageT>::allocator_type>::rebind_alloc<MessageT>, typename std::allocator<void>::rebind<_Tp1>::other>::value, std::default_delete<_Tp>, rclcpp::allocator::AllocatorDeleter<typename std::allocator_traits<_Alloc>::rebind_traits<MessageT>::allocator_type> >::type>) [with MessageT = onix_backend_messages::msg::StatusData_<std::allocator<void> >; AllocatorT = std::allocator<void>; typename std::conditional<std::is_same<typename std::allocator_traits<typename std::allocator_traits<_Alloc>::rebind_traits<MessageT>::allocator_type>::rebind_alloc<MessageT>, typename std::allocator<void>::rebind<_Tp1>::other>::value, std::default_delete<_Tp>, rclcpp::allocator::AllocatorDeleter<typename std::allocator_traits<_Alloc>::rebind_traits<MessageT>::allocator_type> >::type = std::default_delete<onix_backend_messages::msg::StatusData_<std::allocator<void> > >][m[K’
[1.654s]   185 |   [01;36m[Kpublish[m[K(std::unique_ptr<MessageT, MessageDeleter> msg)
[1.654s]       |   [01;36m[K^~~~~~~[m[K
[1.654s] [01m[K/opt/ros/foxy/include/rclcpp/publisher.hpp:185:53:[m[K [01;36m[Knote: [m[K  no known conversion for argument 1 from ‘[01m[Kstd::shared_ptr<onix_backend_messages::msg::StatusData_<std::allocator<void> > >[m[K’ to ‘[01m[Kstd::unique_ptr<onix_backend_messages::msg::StatusData_<std::allocator<void> >, std::default_delete<onix_backend_messages::msg::StatusData_<std::allocator<void> > > >[m[K’
[1.655s]   185 |   publish([01;36m[Kstd::unique_ptr<MessageT, MessageDeleter> msg[m[K)
[1.655s]       |           [01;36m[K~~~~~~~~~~~~~~~~~~~~~~~~~~~~~~~~~~~~~~~~~~^~~[m[K
[1.655s] [01m[K/opt/ros/foxy/include/rclcpp/publisher.hpp:209:3:[m[K [01;36m[Knote: [m[Kcandidate: ‘[01m[Kvoid rclcpp::Publisher<MessageT, AllocatorT>::publish(const MessageT&) [with MessageT = onix_backend_messages::msg::StatusData_<std::allocator<void> >; AllocatorT = std::allocator<void>][m[K’
[1.655s]   209 |   [01;36m[Kpublish[m[K(const MessageT & msg)
[1.655s]       |   [01;36m[K^~~~~~~[m[K
[1.655s] [01m[K/opt/ros/foxy/include/rclcpp/publisher.hpp:209:28:[m[K [01;36m[Knote: [m[K  no known conversion for argument 1 from ‘[01m[Kstd::shared_ptr<onix_backend_messages::msg::StatusData_<std::allocator<void> > >[m[K’ to ‘[01m[Kconst onix_backend_messages::msg::StatusData_<std::allocator<void> >&[m[K’
[1.655s]   209 |   publish([01;36m[Kconst MessageT & msg[m[K)
[1.655s]       |           [01;36m[K~~~~~~~~~~~~~~~~~^~~[m[K
[1.655s] [01m[K/opt/ros/foxy/include/rclcpp/publisher.hpp:226:3:[m[K [01;36m[Knote: [m[Kcandidate: ‘[01m[Kvoid rclcpp::Publisher<MessageT, AllocatorT>::publish(const rcl_serialized_message_t&) [with MessageT = onix_backend_messages::msg::StatusData_<std::allocator<void> >; AllocatorT = std::allocator<void>; rcl_serialized_message_t = rcutils_uint8_array_t][m[K’
[1.655s]   226 |   [01;36m[Kpublish[m[K(const rcl_serialized_message_t & serialized_msg)
[1.656s]       |   [01;36m[K^~~~~~~[m[K
[1.656s] [01m[K/opt/ros/foxy/include/rclcpp/publisher.hpp:226:44:[m[K [01;36m[Knote: [m[K  no known conversion for argument 1 from ‘[01m[Kstd::shared_ptr<onix_backend_messages::msg::StatusData_<std::allocator<void> > >[m[K’ to ‘[01m[Kconst rcl_serialized_message_t&[m[K’ {aka ‘[01m[Kconst rcutils_uint8_array_t&[m[K’}
[1.656s]   226 |   publish([01;36m[Kconst rcl_serialized_message_t & serialized_msg[m[K)
[1.656s]       |           [01;36m[K~~~~~~~~~~~~~~~~~~~~~~~~~~~~~~~~~^~~~~~~~~~~~~~[m[K
[1.656s] [01m[K/opt/ros/foxy/include/rclcpp/publisher.hpp:232:3:[m[K [01;36m[Knote: [m[Kcandidate: ‘[01m[Kvoid rclcpp::Publisher<MessageT, AllocatorT>::publish(const rclcpp::SerializedMessage&) [with MessageT = onix_backend_messages::msg::StatusData_<std::allocator<void> >; AllocatorT = std::allocator<void>][m[K’
[1.656s]   232 |   [01;36m[Kpublish[m[K(const SerializedMessage & serialized_msg)
[1.656s]       |   [01;36m[K^~~~~~~[m[K
[1.656s] [01m[K/opt/ros/foxy/include/rclcpp/publisher.hpp:232:37:[m[K [01;36m[Knote: [m[K  no known conversion for argument 1 from ‘[01m[Kstd::shared_ptr<onix_backend_messages::msg::StatusData_<std::allocator<void> > >[m[K’ to ‘[01m[Kconst rclcpp::SerializedMessage&[m[K’
[1.656s]   232 |   publish([01;36m[Kconst SerializedMessage & serialized_msg[m[K)
[1.657s]       |           [01;36m[K~~~~~~~~~~~~~~~~~~~~~~~~~~^~~~~~~~~~~~~~[m[K
[1.657s] [01m[K/opt/ros/foxy/include/rclcpp/publisher.hpp:246:3:[m[K [01;36m[Knote: [m[Kcandidate: ‘[01m[Kvoid rclcpp::Publisher<MessageT, AllocatorT>::publish(rclcpp::LoanedMessage<MessageT, AllocatorT>&&) [with MessageT = onix_backend_messages::msg::StatusData_<std::allocator<void> >; AllocatorT = std::allocator<void>][m[K’
[1.657s]   246 |   [01;36m[Kpublish[m[K(rclcpp::LoanedMessage<MessageT, AllocatorT> && loaned_msg)
[1.657s]       |   [01;36m[K^~~~~~~[m[K
[1.657s] [01m[K/opt/ros/foxy/include/rclcpp/publisher.hpp:246:58:[m[K [01;36m[Knote: [m[K  no known conversion for argument 1 from ‘[01m[Kstd::shared_ptr<onix_backend_messages::msg::StatusData_<std::allocator<void> > >[m[K’ to ‘[01m[Krclcpp::LoanedMessage<onix_backend_messages::msg::StatusData_<std::allocator<void> >, std::allocator<void> >&&[m[K’
[1.657s]   246 |   publish([01;36m[Krclcpp::LoanedMessage<MessageT, AllocatorT> && loaned_msg[m[K)
[1.657s]       |           [01;36m[K~~~~~~~~~~~~~~~~~~~~~~~~~~~~~~~~~~~~~~~~~~~~~~~^~~~~~~~~~[m[K
[3.155s] make[2]: *** [CMakeFiles/cpp_sub_spiral.dir/build.make:63: CMakeFiles/cpp_sub_spiral.dir/src/cpp_sub_spiral.cpp.o] Error 1
[3.155s] make[1]: *** [CMakeFiles/Makefile2:80: CMakeFiles/cpp_sub_spiral.dir/all] Error 2
[3.155s] make: *** [Makefile:141: all] Error 2
[3.157s] Invoked command in '/home/xcy/ros2_ws/build/cpp_topic' returned '2': CMAKE_PREFIX_PATH=${CMAKE_PREFIX_PATH}:/home/xcy/ros2_ws3/install/py_topic:/opt/ros/foxy /usr/bin/cmake --build /home/xcy/ros2_ws/build/cpp_topic -- -j8 -l8
