[0.499s] Invoking command in '/home/xcy/ros2_ws/build/cpp_topic': CMAKE_PREFIX_PATH=/opt/ros/foxy /usr/bin/cmake --build /home/xcy/ros2_ws/build/cpp_topic -- -j8 -l8
[0.594s] -- Found ament_cmake: 0.9.12 (/opt/ros/foxy/share/ament_cmake/cmake)
[0.678s] -- Using PYTHON_EXECUTABLE: /usr/bin/python3
[1.267s] -- Found rclcpp: 2.4.3 (/opt/ros/foxy/share/rclcpp/cmake)
[1.377s] -- Using all available rosidl_typesupport_c: rosidl_typesupport_fastrtps_c;rosidl_typesupport_introspection_c
[1.390s] -- Found rosidl_adapter: 1.3.1 (/opt/ros/foxy/share/rosidl_adapter/cmake)
[1.698s] -- Using all available rosidl_typesupport_cpp: rosidl_typesupport_fastrtps_cpp;rosidl_typesupport_introspection_cpp
[1.839s] -- Found rmw_implementation_cmake: 1.0.4 (/opt/ros/foxy/share/rmw_implementation_cmake/cmake)
[1.843s] -- Using RMW implementation 'rmw_fastrtps_cpp' as default
[2.204s] -- Found geometry_msgs: 2.0.5 (/opt/ros/foxy/share/geometry_msgs/cmake)
[2.293s] -- Found onix_backend_messages: 1.0.0 (/home/xcy/ros2_ws3/install/onix_backend_messages/share/onix_backend_messages/cmake)
[2.548s] -- Configuring done
[2.604s] -- Generating done
[2.610s] -- Build files have been written to: /home/xcy/ros2_ws/build/cpp_topic
[2.689s] [35m[1mScanning dependencies of target robot_motion_sub[0m
[2.739s] [ 16%] [32mBuilding CXX object CMakeFiles/cpp_sub_spiral.dir/src/cpp_sub_spiral.cpp.o[0m
[2.748s] [ 50%] Built target cpp_pub_spiral
[2.810s] [ 66%] [32mBuilding CXX object CMakeFiles/robot_motion_sub.dir/src/robot_motion_sub.cpp.o[0m
[9.163s] [01m[K/home/xcy/ros2_ws/src/cpp_topic/src/robot_motion_sub.cpp:62:54:[m[K [01;31m[Kerror: [m[K‘[01m[KSystemConfig[m[K’ is not a member of ‘[01m[Konix_backend_messages::msg[m[K’
[9.163s]    62 |     rclcpp::Subscription<onix_backend_messages::msg::[01;31m[KSystemConfig[m[K>::SharedPtr subscription_;
[9.163s]       |                                                      [01;31m[K^~~~~~~~~~~~[m[K
[9.163s] [01m[K/home/xcy/ros2_ws/src/cpp_topic/src/robot_motion_sub.cpp:62:66:[m[K [01;31m[Kerror: [m[Ktemplate argument 1 is invalid
[9.163s]    62 |     rclcpp::Subscription<onix_backend_messages::msg::SystemConfig[01;31m[K>[m[K::SharedPtr subscription_;
[9.163s]       |                                                                  [01;31m[K^[m[K
[9.164s] [01m[K/home/xcy/ros2_ws/src/cpp_topic/src/robot_motion_sub.cpp:62:66:[m[K [01;31m[Kerror: [m[Ktemplate argument 3 is invalid
[9.164s] [01m[K/home/xcy/ros2_ws/src/cpp_topic/src/robot_motion_sub.cpp:62:69:[m[K [01;31m[Kerror: [m[Kexpected ‘[01m[K;[m[K’ at end of member declaration
[9.164s]    62 |     rclcpp::Subscription<onix_backend_messages::msg::SystemConfig>::[01;31m[KSharedPtr[m[K subscription_;
[9.164s]       |                                                                     [01;31m[K^~~~~~~~~[m[K
[9.164s]       |                                                                              [32m[K;[m[K
[9.175s] [01m[K/home/xcy/ros2_ws/src/cpp_topic/src/robot_motion_sub.cpp:62:79:[m[K [01;31m[Kerror: [m[K‘[01m[Ksubscription_[m[K’ does not name a type; did you mean ‘[01m[Krcl_subscription_t[m[K’?
[9.175s]    62 |     rclcpp::Subscription<onix_backend_messages::msg::SystemConfig>::SharedPtr [01;31m[Ksubscription_[m[K;
[9.175s]       |                                                                               [01;31m[K^~~~~~~~~~~~~[m[K
[9.176s]       |                                                                               [32m[Krcl_subscription_t[m[K
[9.196s] [01m[K/home/xcy/ros2_ws/src/cpp_topic/src/robot_motion_sub.cpp:[m[K In constructor ‘[01m[KMinimalSubscriber::MinimalSubscriber()[m[K’:
[9.196s] [01m[K/home/xcy/ros2_ws/src/cpp_topic/src/robot_motion_sub.cpp:14:9:[m[K [01;31m[Kerror: [m[K‘[01m[Ksubscription_[m[K’ was not declared in this scope; did you mean ‘[01m[Krcl_subscription_t[m[K’?
[9.196s]    14 |         [01;31m[Ksubscription_[m[K = this->create_subscription<onix_backend_messages::msg::location_informations>(
[9.196s]       |         [01;31m[K^~~~~~~~~~~~~[m[K
[9.197s]       |         [32m[Krcl_subscription_t[m[K
[9.197s] [01m[K/home/xcy/ros2_ws/src/cpp_topic/src/robot_motion_sub.cpp:14:79:[m[K [01;31m[Kerror: [m[K‘[01m[Klocation_informations[m[K’ is not a member of ‘[01m[Konix_backend_messages::msg[m[K’; did you mean ‘[01m[KLocationInformations[m[K’?
[9.197s]    14 |         subscription_ = this->create_subscription<onix_backend_messages::msg::[01;31m[Klocation_informations[m[K>(
[9.197s]       |                                                                               [01;31m[K^~~~~~~~~~~~~~~~~~~~~[m[K
[9.197s]       |                                                                               [32m[KLocationInformations[m[K
[9.227s] [01m[K/home/xcy/ros2_ws/src/cpp_topic/src/robot_motion_sub.cpp:15:101:[m[K [01;31m[Kerror: [m[Kno matching function for call to ‘[01m[KMinimalSubscriber::create_subscription<<expression error> >(const char [7], int, std::_Bind_helper<false, void (MinimalSubscriber::*)(std::shared_ptr<onix_backend_messages::msg::LocationInformations_<std::allocator<void> > >), MinimalSubscriber*, const std::_Placeholder<1>&>::type)[m[K’
[9.227s]    15 |             "motion", 10, std::bind(&MinimalSubscriber::topic_callback, this, std::placeholders::_1)[01;31m[K)[m[K;
[9.227s]       |                                                                                                     [01;31m[K^[m[K
[9.227s] In file included from [01m[K/opt/ros/foxy/include/rclcpp/executors/single_threaded_executor.hpp:28[m[K,
[9.227s]                  from [01m[K/opt/ros/foxy/include/rclcpp/executors.hpp:22[m[K,
[9.228s]                  from [01m[K/opt/ros/foxy/include/rclcpp/rclcpp.hpp:146[m[K,
[9.228s]                  from [01m[K/home/xcy/ros2_ws/src/cpp_topic/src/robot_motion_sub.cpp:2[m[K:
[9.228s] [01m[K/opt/ros/foxy/include/rclcpp/node.hpp:213:3:[m[K [01;36m[Knote: [m[Kcandidate: ‘[01m[Ktemplate<class MessageT, class CallbackT, class AllocatorT, class CallbackMessageT, class SubscriptionT, class MessageMemoryStrategyT> std::shared_ptr<SubscriptionT> rclcpp::Node::create_subscription(const string&, const rclcpp::QoS&, CallbackT&&, const rclcpp::SubscriptionOptionsWithAllocator<AllocatorT>&, typename MessageMemoryStrategyT::SharedPtr)[m[K’
[9.229s]   213 |   [01;36m[Kcreate_subscription[m[K(
[9.229s]       |   [01;36m[K^~~~~~~~~~~~~~~~~~~[m[K
[9.229s] [01m[K/opt/ros/foxy/include/rclcpp/node.hpp:213:3:[m[K [01;36m[Knote: [m[K  template argument deduction/substitution failed:
[9.229s] [01m[K/home/xcy/ros2_ws/src/cpp_topic/src/robot_motion_sub.cpp:15:101:[m[K [01;31m[Kerror: [m[Ktemplate argument 1 is invalid
[9.229s]    15 |             "motion", 10, std::bind(&MinimalSubscriber::topic_callback, this, std::placeholders::_1)[01;31m[K)[m[K;
[9.229s]       |                                                                                                     [01;31m[K^[m[K
[9.230s] [01m[K/home/xcy/ros2_ws/src/cpp_topic/src/robot_motion_sub.cpp:21:67:[m[K [01;31m[Kerror: [m[Kno matching function for call to ‘[01m[Kstd::chrono::duration<long int>::duration(double)[m[K’
[9.231s]    21 |         timer_ = this->create_wall_timer(std::chrono::seconds(0.33[01;31m[K)[m[K,
[9.232s]       |                                                                   [01;31m[K^[m[K
[9.233s] In file included from [01m[K/usr/include/c++/9/mutex:39[m[K,
[9.235s]                  from [01m[K/usr/include/c++/9/future:38[m[K,
[9.236s]                  from [01m[K/opt/ros/foxy/include/rclcpp/executors.hpp:18[m[K,
[9.237s]                  from [01m[K/opt/ros/foxy/include/rclcpp/rclcpp.hpp:146[m[K,
[9.237s]                  from [01m[K/home/xcy/ros2_ws/src/cpp_topic/src/robot_motion_sub.cpp:2[m[K:
[9.237s] [01m[K/usr/include/c++/9/chrono:338:14:[m[K [01;36m[Knote: [m[Kcandidate: ‘[01m[Ktemplate<class _Rep2, class _Period2, class> constexpr std::chrono::duration<_Rep, _Period>::duration(const std::chrono::duration<_Rep, _Period>&)[m[K’
[9.238s]   338 |    constexpr [01;36m[Kduration[m[K(const duration<_Rep2, _Period2>& __d)
[9.238s]       |              [01;36m[K^~~~~~~~[m[K
[9.238s] [01m[K/usr/include/c++/9/chrono:338:14:[m[K [01;36m[Knote: [m[K  template argument deduction/substitution failed:
[9.238s] [01m[K/home/xcy/ros2_ws/src/cpp_topic/src/robot_motion_sub.cpp:21:67:[m[K [01;36m[Knote: [m[K  mismatched types ‘[01m[Kconst std::chrono::duration<_Rep1, _Period1>[m[K’ and ‘[01m[Kdouble[m[K’
[9.238s]    21 |         timer_ = this->create_wall_timer(std::chrono::seconds(0.33[01;36m[K)[m[K,
[9.239s]       |                                                                   [01;36m[K^[m[K
[9.239s] In file included from [01m[K/usr/include/c++/9/mutex:39[m[K,
[9.239s]                  from [01m[K/usr/include/c++/9/future:38[m[K,
[9.239s]                  from [01m[K/opt/ros/foxy/include/rclcpp/executors.hpp:18[m[K,
[9.239s]                  from [01m[K/opt/ros/foxy/include/rclcpp/rclcpp.hpp:146[m[K,
[9.239s]                  from [01m[K/home/xcy/ros2_ws/src/cpp_topic/src/robot_motion_sub.cpp:2[m[K:
[9.240s] [01m[K/usr/include/c++/9/chrono:331:23:[m[K [01;36m[Knote: [m[Kcandidate: ‘[01m[Ktemplate<class _Rep2, class> constexpr std::chrono::duration<_Rep, _Period>::duration(const _Rep2&)[m[K’
[9.240s]   331 |    constexpr explicit [01;36m[Kduration[m[K(const _Rep2& __rep)
[9.240s]       |                       [01;36m[K^~~~~~~~[m[K
[9.240s] [01m[K/usr/include/c++/9/chrono:331:23:[m[K [01;36m[Knote: [m[K  template argument deduction/substitution failed:
[9.240s] In file included from [01m[K/usr/include/c++/9/bits/move.h:55[m[K,
[9.241s]                  from [01m[K/usr/include/c++/9/bits/stl_pair.h:59[m[K,
[9.241s]                  from [01m[K/usr/include/c++/9/bits/stl_algobase.h:64[m[K,
[9.241s]                  from [01m[K/usr/include/c++/9/memory:62[m[K,
[9.241s]                  from [01m[K/home/xcy/ros2_ws/src/cpp_topic/src/robot_motion_sub.cpp:1[m[K:
[9.241s] /usr/include/c++/9/type_traits: In substitution of ‘[01m[Ktemplate<class ... _Cond> using _Require = typename std::enable_if<std::__and_< <template-parameter-1-1> >::value>::type [with _Cond = {std::is_convertible<const double&, long int>, std::__or_<std::chrono::treat_as_floating_point<long int>, std::__not_<std::chrono::treat_as_floating_point<double> > >}][m[K’:
[9.241s] [01m[K/usr/include/c++/9/chrono:328:27:[m[K   required from here
[9.242s] [01m[K/usr/include/c++/9/type_traits:2048:11:[m[K [01;31m[Kerror: [m[Kno type named ‘[01m[Ktype[m[K’ in ‘[01m[Kstruct std::enable_if<false, void>[m[K’
[9.242s]  2048 |     using [01;31m[K_Require[m[K = typename enable_if<__and_<_Cond...>::value>::type;
[9.242s]       |           [01;31m[K^~~~~~~~[m[K
[9.242s] In file included from [01m[K/usr/include/c++/9/mutex:39[m[K,
[9.242s]                  from [01m[K/usr/include/c++/9/future:38[m[K,
[9.242s]                  from [01m[K/opt/ros/foxy/include/rclcpp/executors.hpp:18[m[K,
[9.243s]                  from [01m[K/opt/ros/foxy/include/rclcpp/rclcpp.hpp:146[m[K,
[9.243s]                  from [01m[K/home/xcy/ros2_ws/src/cpp_topic/src/robot_motion_sub.cpp:2[m[K:
[9.243s] [01m[K/usr/include/c++/9/chrono:324:2:[m[K [01;36m[Knote: [m[Kcandidate: ‘[01m[Kconstexpr std::chrono::duration<_Rep, _Period>::duration(const std::chrono::duration<_Rep, _Period>&) [with _Rep = long int; _Period = std::ratio<1>][m[K’
[9.243s]   324 |  [01;36m[Kduration[m[K(const duration&) = default;
[9.243s]       |  [01;36m[K^~~~~~~~[m[K
[9.243s] [01m[K/usr/include/c++/9/chrono:324:11:[m[K [01;36m[Knote: [m[K  no known conversion for argument 1 from ‘[01m[Kdouble[m[K’ to ‘[01m[Kconst std::chrono::duration<long int>&[m[K’
[9.244s]   324 |  duration([01;36m[Kconst duration&[m[K) = default;
[9.244s]       |           [01;36m[K^~~~~~~~~~~~~~~[m[K
[9.244s] [01m[K/usr/include/c++/9/chrono:322:12:[m[K [01;36m[Knote: [m[Kcandidate: ‘[01m[Kstd::chrono::duration<_Rep, _Period>::duration() [with _Rep = long int; _Period = std::ratio<1>][m[K’
[9.244s]   322 |  constexpr [01;36m[Kduration[m[K() = default;
[9.244s]       |            [01;36m[K^~~~~~~~[m[K
[9.244s] [01m[K/usr/include/c++/9/chrono:322:12:[m[K [01;36m[Knote: [m[K  candidate expects 0 arguments, 1 provided
[9.260s] [01m[K/home/xcy/ros2_ws/src/cpp_topic/src/robot_motion_sub.cpp:[m[K In member function ‘[01m[Kvoid MinimalSubscriber::topic_callback(onix_backend_messages::msg::LocationInformations_<std::allocator<void> >::SharedPtr)[m[K’:
[9.260s] [01m[K/home/xcy/ros2_ws/src/cpp_topic/src/robot_motion_sub.cpp:32:66:[m[K [01;31m[Kerror: [m[Kno matching function for call to ‘[01m[Kstoll(onix_backend_messages::msg::LocationInformations_<std::allocator<void> >::_confidence_type&)[m[K’
[9.260s]    32 |         status_data_msg_->confidence = std::stoll(msg->confidence[01;31m[K)[m[K;
[9.261s]       |                                                                  [01;31m[K^[m[K
[9.261s] In file included from [01m[K/usr/include/c++/9/string:55[m[K,
[9.261s]                  from [01m[K/usr/include/c++/9/stdexcept:39[m[K,
[9.261s]                  from [01m[K/usr/include/c++/9/array:39[m[K,
[9.261s]                  from [01m[K/usr/include/c++/9/tuple:39[m[K,
[9.261s]                  from [01m[K/usr/include/c++/9/bits/unique_ptr.h:37[m[K,
[9.268s]                  from [01m[K/usr/include/c++/9/memory:80[m[K,
[9.271s]                  from [01m[K/home/xcy/ros2_ws/src/cpp_topic/src/robot_motion_sub.cpp:1[m[K:
[9.271s] [01m[K/usr/include/c++/9/bits/basic_string.h:6521:3:[m[K [01;36m[Knote: [m[Kcandidate: ‘[01m[Klong long int std::__cxx11::stoll(const string&, std::size_t*, int)[m[K’
[9.271s]  6521 |   [01;36m[Kstoll[m[K(const string& __str, size_t* __idx = 0, int __base = 10)
[9.271s]       |   [01;36m[K^~~~~[m[K
[9.272s] [01m[K/usr/include/c++/9/bits/basic_string.h:6521:23:[m[K [01;36m[Knote: [m[K  no known conversion for argument 1 from ‘[01m[Konix_backend_messages::msg::LocationInformations_<std::allocator<void> >::_confidence_type[m[K’ {aka ‘[01m[Kfloat[m[K’} to ‘[01m[Kconst string&[m[K’ {aka ‘[01m[Kconst std::__cxx11::basic_string<char>&[m[K’}
[9.272s]  6521 |   stoll([01;36m[Kconst string& __str[m[K, size_t* __idx = 0, int __base = 10)
[9.272s]       |         [01;36m[K~~~~~~~~~~~~~~^~~~~[m[K
[9.273s] [01m[K/usr/include/c++/9/bits/basic_string.h:6627:3:[m[K [01;36m[Knote: [m[Kcandidate: ‘[01m[Klong long int std::__cxx11::stoll(const wstring&, std::size_t*, int)[m[K’
[9.273s]  6627 |   [01;36m[Kstoll[m[K(const wstring& __str, size_t* __idx = 0, int __base = 10)
[9.273s]       |   [01;36m[K^~~~~[m[K
[9.273s] [01m[K/usr/include/c++/9/bits/basic_string.h:6627:24:[m[K [01;36m[Knote: [m[K  no known conversion for argument 1 from ‘[01m[Konix_backend_messages::msg::LocationInformations_<std::allocator<void> >::_confidence_type[m[K’ {aka ‘[01m[Kfloat[m[K’} to ‘[01m[Kconst wstring&[m[K’ {aka ‘[01m[Kconst std::__cxx11::basic_string<wchar_t>&[m[K’}
[9.273s]  6627 |   stoll([01;36m[Kconst wstring& __str[m[K, size_t* __idx = 0, int __base = 10)
[9.274s]       |         [01;36m[K~~~~~~~~~~~~~~~^~~~~[m[K
[9.274s] In file included from [01m[K/opt/ros/foxy/include/rclcpp/client.hpp:40[m[K,
[9.274s]                  from [01m[K/opt/ros/foxy/include/rclcpp/callback_group.hpp:23[m[K,
[9.274s]                  from [01m[K/opt/ros/foxy/include/rclcpp/any_executable.hpp:20[m[K,
[9.274s]                  from [01m[K/opt/ros/foxy/include/rclcpp/memory_strategy.hpp:24[m[K,
[9.274s]                  from [01m[K/opt/ros/foxy/include/rclcpp/memory_strategies.hpp:18[m[K,
[9.275s]                  from [01m[K/opt/ros/foxy/include/rclcpp/executor_options.hpp:20[m[K,
[9.275s]                  from [01m[K/opt/ros/foxy/include/rclcpp/executor.hpp:33[m[K,
[9.275s]                  from [01m[K/opt/ros/foxy/include/rclcpp/executors/multi_threaded_executor.hpp:26[m[K,
[9.275s]                  from [01m[K/opt/ros/foxy/include/rclcpp/executors.hpp:21[m[K,
[9.275s]                  from [01m[K/opt/ros/foxy/include/rclcpp/rclcpp.hpp:146[m[K,
[9.275s]                  from [01m[K/home/xcy/ros2_ws/src/cpp_topic/src/robot_motion_sub.cpp:2[m[K:
[9.275s] [01m[K/home/xcy/ros2_ws/src/cpp_topic/src/robot_motion_sub.cpp:39:41:[m[K [01;31m[Kerror: [m[Krequest for member ‘[01m[Kc_str[m[K’ in ‘[01m[K((std::__shared_ptr_access<onix_backend_messages::msg::StatusData_<std::allocator<void> >, __gnu_cxx::_S_atomic, false, false>*)(&((MinimalSubscriber*)this)->MinimalSubscriber::status_data_msg_))->std::__shared_ptr_access<onix_backend_messages::msg::StatusData_<std::allocator<void> >, __gnu_cxx::_S_atomic, false, false>::operator->()->onix_backend_messages::msg::StatusData_<std::allocator<void> >::x[m[K’, which is of non-class type ‘[01m[Konix_backend_messages::msg::StatusData_<std::allocator<void> >::_x_type[m[K’ {aka ‘[01m[Kfloat[m[K’}
[9.276s]    39 |                     status_data_msg_->x.[01;31m[Kc_str[m[K(), status_data_msg_->y.c_str(),
[9.276s]       |                                         [01;31m[K^~~~~[m[K
[9.276s] [01m[K/home/xcy/ros2_ws/src/cpp_topic/src/robot_motion_sub.cpp:39:70:[m[K [01;31m[Kerror: [m[Krequest for member ‘[01m[Kc_str[m[K’ in ‘[01m[K((std::__shared_ptr_access<onix_backend_messages::msg::StatusData_<std::allocator<void> >, __gnu_cxx::_S_atomic, false, false>*)(&((MinimalSubscriber*)this)->MinimalSubscriber::status_data_msg_))->std::__shared_ptr_access<onix_backend_messages::msg::StatusData_<std::allocator<void> >, __gnu_cxx::_S_atomic, false, false>::operator->()->onix_backend_messages::msg::StatusData_<std::allocator<void> >::y[m[K’, which is of non-class type ‘[01m[Konix_backend_messages::msg::StatusData_<std::allocator<void> >::_y_type[m[K’ {aka ‘[01m[Kfloat[m[K’}
[9.276s]    39 |                     status_data_msg_->x.c_str(), status_data_msg_->y.[01;31m[Kc_str[m[K(),
[9.277s]       |                                                                      [01;31m[K^~~~~[m[K
[9.277s] [01m[K/home/xcy/ros2_ws/src/cpp_topic/src/robot_motion_sub.cpp:[m[K In member function ‘[01m[Kvoid MinimalSubscriber::timer_callback()[m[K’:
[9.281s] [01m[K/home/xcy/ros2_ws/src/cpp_topic/src/robot_motion_sub.cpp:55:41:[m[K [01;31m[Kerror: [m[Krequest for member ‘[01m[Kc_str[m[K’ in ‘[01m[K((std::__shared_ptr_access<onix_backend_messages::msg::StatusData_<std::allocator<void> >, __gnu_cxx::_S_atomic, false, false>*)(&((MinimalSubscriber*)this)->MinimalSubscriber::status_data_msg_))->std::__shared_ptr_access<onix_backend_messages::msg::StatusData_<std::allocator<void> >, __gnu_cxx::_S_atomic, false, false>::operator->()->onix_backend_messages::msg::StatusData_<std::allocator<void> >::x[m[K’, which is of non-class type ‘[01m[Konix_backend_messages::msg::StatusData_<std::allocator<void> >::_x_type[m[K’ {aka ‘[01m[Kfloat[m[K’}
[9.284s]    55 |                     status_data_msg_->x.[01;31m[Kc_str[m[K(), status_data_msg_->y.c_str(),
[9.285s]       |                                         [01;31m[K^~~~~[m[K
[9.286s] [01m[K/home/xcy/ros2_ws/src/cpp_topic/src/robot_motion_sub.cpp:55:70:[m[K [01;31m[Kerror: [m[Krequest for member ‘[01m[Kc_str[m[K’ in ‘[01m[K((std::__shared_ptr_access<onix_backend_messages::msg::StatusData_<std::allocator<void> >, __gnu_cxx::_S_atomic, false, false>*)(&((MinimalSubscriber*)this)->MinimalSubscriber::status_data_msg_))->std::__shared_ptr_access<onix_backend_messages::msg::StatusData_<std::allocator<void> >, __gnu_cxx::_S_atomic, false, false>::operator->()->onix_backend_messages::msg::StatusData_<std::allocator<void> >::y[m[K’, which is of non-class type ‘[01m[Konix_backend_messages::msg::StatusData_<std::allocator<void> >::_y_type[m[K’ {aka ‘[01m[Kfloat[m[K’}
[9.287s]    55 |                     status_data_msg_->x.c_str(), status_data_msg_->y.[01;31m[Kc_str[m[K(),
[9.287s]       |                                                                      [01;31m[K^~~~~[m[K
[9.327s] [01m[K/home/xcy/ros2_ws/src/cpp_topic/src/cpp_sub_spiral.cpp:[m[K In constructor ‘[01m[KMinimalSubscriber::MinimalSubscriber()[m[K’:
[9.336s] [01m[K/home/xcy/ros2_ws/src/cpp_topic/src/cpp_sub_spiral.cpp:20:67:[m[K [01;31m[Kerror: [m[Kno matching function for call to ‘[01m[Kstd::chrono::duration<long int>::duration(double)[m[K’
[9.337s]    20 |         timer_ = this->create_wall_timer(std::chrono::seconds(0.33[01;31m[K)[m[K,
[9.337s]       |                                                                   [01;31m[K^[m[K
[9.337s] In file included from [01m[K/usr/include/c++/9/mutex:39[m[K,
[9.337s]                  from [01m[K/usr/include/c++/9/future:38[m[K,
[9.337s]                  from [01m[K/opt/ros/foxy/include/rclcpp/executors.hpp:18[m[K,
[9.337s]                  from [01m[K/opt/ros/foxy/include/rclcpp/rclcpp.hpp:146[m[K,
[9.337s]                  from [01m[K/home/xcy/ros2_ws/src/cpp_topic/src/cpp_sub_spiral.cpp:2[m[K:
[9.338s] [01m[K/usr/include/c++/9/chrono:338:14:[m[K [01;36m[Knote: [m[Kcandidate: ‘[01m[Ktemplate<class _Rep2, class _Period2, class> constexpr std::chrono::duration<_Rep, _Period>::duration(const std::chrono::duration<_Rep, _Period>&)[m[K’
[9.338s]   338 |    constexpr [01;36m[Kduration[m[K(const duration<_Rep2, _Period2>& __d)
[9.338s]       |              [01;36m[K^~~~~~~~[m[K
[9.338s] [01m[K/usr/include/c++/9/chrono:338:14:[m[K [01;36m[Knote: [m[K  template argument deduction/substitution failed:
[9.338s] [01m[K/home/xcy/ros2_ws/src/cpp_topic/src/cpp_sub_spiral.cpp:20:67:[m[K [01;36m[Knote: [m[K  mismatched types ‘[01m[Kconst std::chrono::duration<_Rep1, _Period1>[m[K’ and ‘[01m[Kdouble[m[K’
[9.338s]    20 |         timer_ = this->create_wall_timer(std::chrono::seconds(0.33[01;36m[K)[m[K,
[9.339s]       |                                                                   [01;36m[K^[m[K
[9.339s] In file included from [01m[K/usr/include/c++/9/mutex:39[m[K,
[9.339s]                  from [01m[K/usr/include/c++/9/future:38[m[K,
[9.339s]                  from [01m[K/opt/ros/foxy/include/rclcpp/executors.hpp:18[m[K,
[9.340s]                  from [01m[K/opt/ros/foxy/include/rclcpp/rclcpp.hpp:146[m[K,
[9.340s]                  from [01m[K/home/xcy/ros2_ws/src/cpp_topic/src/cpp_sub_spiral.cpp:2[m[K:
[9.340s] [01m[K/usr/include/c++/9/chrono:331:23:[m[K [01;36m[Knote: [m[Kcandidate: ‘[01m[Ktemplate<class _Rep2, class> constexpr std::chrono::duration<_Rep, _Period>::duration(const _Rep2&)[m[K’
[9.340s]   331 |    constexpr explicit [01;36m[Kduration[m[K(const _Rep2& __rep)
[9.340s]       |                       [01;36m[K^~~~~~~~[m[K
[9.340s] [01m[K/usr/include/c++/9/chrono:331:23:[m[K [01;36m[Knote: [m[K  template argument deduction/substitution failed:
[9.341s] In file included from [01m[K/usr/include/c++/9/bits/move.h:55[m[K,
[9.341s]                  from [01m[K/usr/include/c++/9/bits/stl_pair.h:59[m[K,
[9.341s]                  from [01m[K/usr/include/c++/9/bits/stl_algobase.h:64[m[K,
[9.341s]                  from [01m[K/usr/include/c++/9/memory:62[m[K,
[9.341s]                  from [01m[K/home/xcy/ros2_ws/src/cpp_topic/src/cpp_sub_spiral.cpp:1[m[K:
[9.341s] /usr/include/c++/9/type_traits: In substitution of ‘[01m[Ktemplate<class ... _Cond> using _Require = typename std::enable_if<std::__and_< <template-parameter-1-1> >::value>::type [with _Cond = {std::is_convertible<const double&, long int>, std::__or_<std::chrono::treat_as_floating_point<long int>, std::__not_<std::chrono::treat_as_floating_point<double> > >}][m[K’:
[9.342s] [01m[K/usr/include/c++/9/chrono:328:27:[m[K   required from here
[9.342s] [01m[K/usr/include/c++/9/type_traits:2048:11:[m[K [01;31m[Kerror: [m[Kno type named ‘[01m[Ktype[m[K’ in ‘[01m[Kstruct std::enable_if<false, void>[m[K’
[9.343s]  2048 |     using [01;31m[K_Require[m[K = typename enable_if<__and_<_Cond...>::value>::type;
[9.344s]       |           [01;31m[K^~~~~~~~[m[K
[9.346s] In file included from [01m[K/usr/include/c++/9/mutex:39[m[K,
[9.347s]                  from [01m[K/usr/include/c++/9/future:38[m[K,
[9.349s]                  from [01m[K/opt/ros/foxy/include/rclcpp/executors.hpp:18[m[K,
[9.350s]                  from [01m[K/opt/ros/foxy/include/rclcpp/rclcpp.hpp:146[m[K,
[9.376s]                  from [01m[K/home/xcy/ros2_ws/src/cpp_topic/src/cpp_sub_spiral.cpp:2[m[K:
[9.377s] [01m[K/usr/include/c++/9/chrono:324:2:[m[K [01;36m[Knote: [m[Kcandidate: ‘[01m[Kconstexpr std::chrono::duration<_Rep, _Period>::duration(const std::chrono::duration<_Rep, _Period>&) [with _Rep = long int; _Period = std::ratio<1>][m[K’
[9.379s]   324 |  [01;36m[Kduration[m[K(const duration&) = default;
[9.381s]       |  [01;36m[K^~~~~~~~[m[K
[9.382s] [01m[K/usr/include/c++/9/chrono:324:11:[m[K [01;36m[Knote: [m[K  no known conversion for argument 1 from ‘[01m[Kdouble[m[K’ to ‘[01m[Kconst std::chrono::duration<long int>&[m[K’
[9.382s]   324 |  duration([01;36m[Kconst duration&[m[K) = default;
[9.382s]       |           [01;36m[K^~~~~~~~~~~~~~~[m[K
[9.382s] [01m[K/usr/include/c++/9/chrono:322:12:[m[K [01;36m[Knote: [m[Kcandidate: ‘[01m[Kstd::chrono::duration<_Rep, _Period>::duration() [with _Rep = long int; _Period = std::ratio<1>][m[K’
[9.383s]   322 |  constexpr [01;36m[Kduration[m[K() = default;
[9.383s]       |            [01;36m[K^~~~~~~~[m[K
[9.383s] [01m[K/usr/include/c++/9/chrono:322:12:[m[K [01;36m[Knote: [m[K  candidate expects 0 arguments, 1 provided
[11.573s] make[2]: *** [CMakeFiles/robot_motion_sub.dir/build.make:63: CMakeFiles/robot_motion_sub.dir/src/robot_motion_sub.cpp.o] Error 1
[11.574s] make[1]: *** [CMakeFiles/Makefile2:82: CMakeFiles/robot_motion_sub.dir/all] Error 2
[11.575s] make[1]: *** Waiting for unfinished jobs....
[14.590s] make[2]: *** [CMakeFiles/cpp_sub_spiral.dir/build.make:63: CMakeFiles/cpp_sub_spiral.dir/src/cpp_sub_spiral.cpp.o] Error 1
[14.593s] make[1]: *** [CMakeFiles/Makefile2:109: CMakeFiles/cpp_sub_spiral.dir/all] Error 2
[14.595s] make: *** [Makefile:141: all] Error 2
[14.603s] Invoked command in '/home/xcy/ros2_ws/build/cpp_topic' returned '2': CMAKE_PREFIX_PATH=/opt/ros/foxy /usr/bin/cmake --build /home/xcy/ros2_ws/build/cpp_topic -- -j8 -l8
