[0.114s] Invoking command in '/home/xcy/ros2_ws/build/cpp_topic': CMAKE_PREFIX_PATH=/opt/ros/foxy /usr/bin/cmake --build /home/xcy/ros2_ws/build/cpp_topic -- -j8 -l8
[0.145s] -- Found ament_cmake: 0.9.12 (/opt/ros/foxy/share/ament_cmake/cmake)
[0.167s] -- Using PYTHON_EXECUTABLE: /usr/bin/python3
[0.331s] -- Found rclcpp: 2.4.3 (/opt/ros/foxy/share/rclcpp/cmake)
[0.367s] -- Using all available rosidl_typesupport_c: rosidl_typesupport_fastrtps_c;rosidl_typesupport_introspection_c
[0.371s] -- Found rosidl_adapter: 1.3.1 (/opt/ros/foxy/share/rosidl_adapter/cmake)
[0.464s] -- Using all available rosidl_typesupport_cpp: rosidl_typesupport_fastrtps_cpp;rosidl_typesupport_introspection_cpp
[0.513s] -- Found rmw_implementation_cmake: 1.0.4 (/opt/ros/foxy/share/rmw_implementation_cmake/cmake)
[0.514s] -- Using RMW implementation 'rmw_fastrtps_cpp' as default
[0.648s] -- Found geometry_msgs: 2.0.5 (/opt/ros/foxy/share/geometry_msgs/cmake)
[0.682s] -- Found onix_backend_messages: 1.0.0 (/home/xcy/ros2_ws3/install/onix_backend_messages/share/onix_backend_messages/cmake)
[0.738s] -- Configuring done
[0.751s] -- Generating done
[0.752s] -- Build files have been written to: /home/xcy/ros2_ws/build/cpp_topic
[0.778s] [35m[1mScanning dependencies of target cpp_sub_spiral[0m
[0.793s] [ 50%] Built target cpp_pub_spiral
[0.869s] [ 75%] [32mBuilding CXX object CMakeFiles/cpp_sub_spiral.dir/src/cpp_sub_spiral.cpp.o[0m
[6.312s] [100%] [32m[1mLinking CXX executable cpp_sub_spiral[0m
[6.592s] [100%] Built target cpp_sub_spiral
[6.602s] Invoked command in '/home/xcy/ros2_ws/build/cpp_topic' returned '0': CMAKE_PREFIX_PATH=/opt/ros/foxy /usr/bin/cmake --build /home/xcy/ros2_ws/build/cpp_topic -- -j8 -l8
[6.635s] Invoking command in '/home/xcy/ros2_ws/build/cpp_topic': CMAKE_PREFIX_PATH=/opt/ros/foxy /usr/bin/cmake --install /home/xcy/ros2_ws/build/cpp_topic
[6.642s] -- Install configuration: "Debug"
[6.643s] -- Up-to-date: /home/xcy/ros2_ws/install/cpp_topic/lib/cpp_topic/cpp_pub_spiral
[6.644s] -- Installing: /home/xcy/ros2_ws/install/cpp_topic/lib/cpp_topic/cpp_sub_spiral
[6.650s] -- Set runtime path of "/home/xcy/ros2_ws/install/cpp_topic/lib/cpp_topic/cpp_sub_spiral" to ""
[6.650s] -- Up-to-date: /home/xcy/ros2_ws/install/cpp_topic/share/ament_index/resource_index/package_run_dependencies/cpp_topic
[6.651s] -- Installing: /home/xcy/ros2_ws/install/cpp_topic/share/ament_index/resource_index/parent_prefix_path/cpp_topic
[6.651s] -- Up-to-date: /home/xcy/ros2_ws/install/cpp_topic/share/cpp_topic/environment/ament_prefix_path.sh
[6.651s] -- Installing: /home/xcy/ros2_ws/install/cpp_topic/share/cpp_topic/environment/ament_prefix_path.dsv
[6.651s] -- Up-to-date: /home/xcy/ros2_ws/install/cpp_topic/share/cpp_topic/environment/path.sh
[6.651s] -- Installing: /home/xcy/ros2_ws/install/cpp_topic/share/cpp_topic/environment/path.dsv
[6.651s] -- Up-to-date: /home/xcy/ros2_ws/install/cpp_topic/share/cpp_topic/local_setup.bash
[6.651s] -- Up-to-date: /home/xcy/ros2_ws/install/cpp_topic/share/cpp_topic/local_setup.sh
[6.651s] -- Up-to-date: /home/xcy/ros2_ws/install/cpp_topic/share/cpp_topic/local_setup.zsh
[6.651s] -- Installing: /home/xcy/ros2_ws/install/cpp_topic/share/cpp_topic/local_setup.dsv
[6.651s] -- Installing: /home/xcy/ros2_ws/install/cpp_topic/share/cpp_topic/package.dsv
[6.651s] -- Up-to-date: /home/xcy/ros2_ws/install/cpp_topic/share/ament_index/resource_index/packages/cpp_topic
[6.651s] -- Up-to-date: /home/xcy/ros2_ws/install/cpp_topic/share/cpp_topic/cmake/cpp_topicConfig.cmake
[6.652s] -- Up-to-date: /home/xcy/ros2_ws/install/cpp_topic/share/cpp_topic/cmake/cpp_topicConfig-version.cmake
[6.652s] -- Up-to-date: /home/xcy/ros2_ws/install/cpp_topic/share/cpp_topic/package.xml
[6.653s] Invoked command in '/home/xcy/ros2_ws/build/cpp_topic' returned '0': CMAKE_PREFIX_PATH=/opt/ros/foxy /usr/bin/cmake --install /home/xcy/ros2_ws/build/cpp_topic
