[35m[1mScanning dependencies of target cpp_sub_spiral[0m
[ 50%] Built target cpp_pub_spiral
[ 75%] [32mBuilding CXX object CMakeFiles/cpp_sub_spiral.dir/src/cpp_sub_spiral.cpp.o[0m
In file included from [01m[K/opt/ros/foxy/include/rclcpp/client.hpp:40[m[K,
                 from [01m[K/opt/ros/foxy/include/rclcpp/callback_group.hpp:23[m[K,
                 from [01m[K/opt/ros/foxy/include/rclcpp/any_executable.hpp:20[m[K,
                 from [01m[K/opt/ros/foxy/include/rclcpp/memory_strategy.hpp:24[m[K,
                 from [01m[K/opt/ros/foxy/include/rclcpp/memory_strategies.hpp:18[m[K,
                 from [01m[K/opt/ros/foxy/include/rclcpp/executor_options.hpp:20[m[K,
                 from [01m[K/opt/ros/foxy/include/rclcpp/executor.hpp:33[m[K,
                 from [01m[K/opt/ros/foxy/include/rclcpp/executors/multi_threaded_executor.hpp:26[m[K,
                 from [01m[K/opt/ros/foxy/include/rclcpp/executors.hpp:21[m[K,
                 from [01m[K/opt/ros/foxy/include/rclcpp/rclcpp.hpp:146[m[K,
                 from [01m[K/home/xcy/ros2_ws/src/cpp_topic/src/cpp_sub_spiral.cpp:2[m[K:
[01m[K/home/xcy/ros2_ws/src/cpp_topic/src/cpp_sub_spiral.cpp:[m[K In member function ‘[01m[Kvoid MinimalSubscriber::topic_callback(onix_backend_messages::msg::SystemConfig_<std::allocator<void> >::SharedPtr) const[m[K’:
[01m[K/home/xcy/ros2_ws/src/cpp_topic/src/cpp_sub_spiral.cpp:21:71:[m[K [01;31m[Kerror: [m[Krequest for member ‘[01m[Kc_int[m[K’ in ‘[01m[K((const std::__shared_ptr_access<onix_backend_messages::msg::SystemConfig_<std::allocator<void> >, __gnu_cxx::_S_atomic, false, false>*)(& msg))->std::__shared_ptr_access<onix_backend_messages::msg::SystemConfig_<std::allocator<void> >, __gnu_cxx::_S_atomic, false, false>::operator->()->onix_backend_messages::msg::SystemConfig_<std::allocator<void> >::controller_temp[m[K’, which is of non-class type ‘[01m[Konix_backend_messages::msg::SystemConfig_<std::allocator<void> >::_controller_temp_type[m[K’ {aka ‘[01m[Kfloat[m[K’}
   21 |                     msg->total_run_time.c_str(), msg->controller_temp.[01;31m[Kc_int[m[K(), msg->ssid.c_str(),
      |                                                                       [01;31m[K^~~~~[m[K
make[2]: *** [CMakeFiles/cpp_sub_spiral.dir/build.make:63: CMakeFiles/cpp_sub_spiral.dir/src/cpp_sub_spiral.cpp.o] Error 1
make[1]: *** [CMakeFiles/Makefile2:80: CMakeFiles/cpp_sub_spiral.dir/all] Error 2
make: *** [Makefile:141: all] Error 2
