In file included from [01m[K/opt/ros/foxy/include/rclcpp/service.hpp:34[m[K,
                 from [01m[K/opt/ros/foxy/include/rclcpp/callback_group.hpp:25[m[K,
                 from [01m[K/opt/ros/foxy/include/rclcpp/any_executable.hpp:20[m[K,
                 from [01m[K/opt/ros/foxy/include/rclcpp/memory_strategy.hpp:24[m[K,
                 from [01m[K/opt/ros/foxy/include/rclcpp/memory_strategies.hpp:18[m[K,
                 from [01m[K/opt/ros/foxy/include/rclcpp/executor_options.hpp:20[m[K,
                 from [01m[K/opt/ros/foxy/include/rclcpp/executor.hpp:33[m[K,
                 from [01m[K/opt/ros/foxy/include/rclcpp/executors/multi_threaded_executor.hpp:26[m[K,
                 from [01m[K/opt/ros/foxy/include/rclcpp/executors.hpp:21[m[K,
                 from [01m[K/opt/ros/foxy/include/rclcpp/rclcpp.hpp:146[m[K,
                 from [01m[K/home/xcy/ros2_ws/src/cpp_topic/src/cpp_pub_spiral.cpp:2[m[K:
[01m[K/home/xcy/ros2_ws/src/cpp_topic/src/cpp_pub_spiral.cpp:[m[K In member function ‘[01m[Kvoid StatusDataPublisher::topic_callback(onix_backend_messages::msg::StatusData_<std::allocator<void> >::SharedPtr)[m[K’:
[01m[K/home/xcy/ros2_ws/src/cpp_topic/src/cpp_pub_spiral.cpp:22:9:[m[K [01;31m[Kerror: [m[Kstatic assertion failed: First argument to logging macros must be an rclcpp::Logger
   22 |         [01;31m[KRCLCPP_INFO[m[K("Received StatusData - mac_address: %s, time: %ld, controller_voltage: %ld, total_time: %ld, controller_temp: %f, ssid: %s, rssi: %ld",
      |         [01;31m[K^~~~~~~~~~~[m[K
In file included from [01m[K/opt/ros/foxy/include/rclcpp/client.hpp:40[m[K,
                 from [01m[K/opt/ros/foxy/include/rclcpp/callback_group.hpp:23[m[K,
                 from [01m[K/opt/ros/foxy/include/rclcpp/any_executable.hpp:20[m[K,
                 from [01m[K/opt/ros/foxy/include/rclcpp/memory_strategy.hpp:24[m[K,
                 from [01m[K/opt/ros/foxy/include/rclcpp/memory_strategies.hpp:18[m[K,
                 from [01m[K/opt/ros/foxy/include/rclcpp/executor_options.hpp:20[m[K,
                 from [01m[K/opt/ros/foxy/include/rclcpp/executor.hpp:33[m[K,
                 from [01m[K/opt/ros/foxy/include/rclcpp/executors/multi_threaded_executor.hpp:26[m[K,
                 from [01m[K/opt/ros/foxy/include/rclcpp/executors.hpp:21[m[K,
                 from [01m[K/opt/ros/foxy/include/rclcpp/rclcpp.hpp:146[m[K,
                 from [01m[K/home/xcy/ros2_ws/src/cpp_topic/src/cpp_pub_spiral.cpp:2[m[K:
[01m[K/home/xcy/ros2_ws/src/cpp_topic/src/cpp_pub_spiral.cpp:22:9:[m[K [01;31m[Kerror: [m[Krequest for member ‘[01m[Kget_name[m[K’ in ‘[01m[K("Received StatusData - mac_address: %s, time: %ld, controller_voltage: %ld, total_time: %ld, controller_temp: %f, ssid: %s, rssi: %ld")[m[K’, which is of non-class type ‘[01m[Kconst char [133][m[K’
   22 |         [01;31m[KRCLCPP_INFO[m[K("Received StatusData - mac_address: %s, time: %ld, controller_voltage: %ld, total_time: %ld, controller_temp: %f, ssid: %s, rssi: %ld",
      |         [01;31m[K^~~~~~~~~~~[m[K
[01m[K/home/xcy/ros2_ws/src/cpp_topic/src/cpp_pub_spiral.cpp:22:9:[m[K [01;31m[Kerror: [m[Krequest for member ‘[01m[Kget_name[m[K’ in ‘[01m[K("Received StatusData - mac_address: %s, time: %ld, controller_voltage: %ld, total_time: %ld, controller_temp: %f, ssid: %s, rssi: %ld")[m[K’, which is of non-class type ‘[01m[Kconst char [133][m[K’
   22 |         [01;31m[KRCLCPP_INFO[m[K("Received StatusData - mac_address: %s, time: %ld, controller_voltage: %ld, total_time: %ld, controller_temp: %f, ssid: %s, rssi: %ld",
      |         [01;31m[K^~~~~~~~~~~[m[K
make[2]: *** [CMakeFiles/cpp_pub_spiral.dir/build.make:63: CMakeFiles/cpp_pub_spiral.dir/src/cpp_pub_spiral.cpp.o] Error 1
make[1]: *** [CMakeFiles/Makefile2:107: CMakeFiles/cpp_pub_spiral.dir/all] Error 2
make: *** [Makefile:141: all] Error 2
