[0.178s] Invoking command in '/home/xcy/ros2_ws/build/cpp_topic': CMAKE_PREFIX_PATH=${CMAKE_PREFIX_PATH}:/home/xcy/ros2_ws3/install/py_topic:/opt/ros/foxy /usr/bin/cmake --build /home/xcy/ros2_ws/build/cpp_topic -- -j8 -l8
[0.217s] [35m[1mScanning dependencies of target robot_motion_sub[0m
[0.239s] [ 50%] [32mBuilding CXX object CMakeFiles/cpp_sub_spiral.dir/src/cpp_sub_spiral.cpp.o[0m
[0.239s] [ 50%] Built target cpp_pub_spiral
[0.252s] [ 66%] [32mBuilding CXX object CMakeFiles/robot_motion_sub.dir/src/robot_motion_sub.cpp.o[0m
[1.760s] [01m[K/home/xcy/ros2_ws/src/cpp_topic/src/robot_motion_sub.cpp:62:54:[m[K [01;31m[Kerror: [m[K‘[01m[KSystemConfig[m[K’ is not a member of ‘[01m[Konix_backend_messages::msg[m[K’
[1.760s]    62 |     rclcpp::Subscription<onix_backend_messages::msg::[01;31m[KSystemConfig[m[K>::SharedPtr subscription_;
[1.760s]       |                                                      [01;31m[K^~~~~~~~~~~~[m[K
[1.760s] [01m[K/home/xcy/ros2_ws/src/cpp_topic/src/robot_motion_sub.cpp:62:66:[m[K [01;31m[Kerror: [m[Ktemplate argument 1 is invalid
[1.760s]    62 |     rclcpp::Subscription<onix_backend_messages::msg::SystemConfig[01;31m[K>[m[K::SharedPtr subscription_;
[1.761s]       |                                                                  [01;31m[K^[m[K
[1.761s] [01m[K/home/xcy/ros2_ws/src/cpp_topic/src/robot_motion_sub.cpp:62:66:[m[K [01;31m[Kerror: [m[Ktemplate argument 3 is invalid
[1.761s] [01m[K/home/xcy/ros2_ws/src/cpp_topic/src/robot_motion_sub.cpp:62:69:[m[K [01;31m[Kerror: [m[Kexpected ‘[01m[K;[m[K’ at end of member declaration
[1.761s]    62 |     rclcpp::Subscription<onix_backend_messages::msg::SystemConfig>::[01;31m[KSharedPtr[m[K subscription_;
[1.761s]       |                                                                     [01;31m[K^~~~~~~~~[m[K
[1.761s]       |                                                                              [32m[K;[m[K
[1.763s] [01m[K/home/xcy/ros2_ws/src/cpp_topic/src/robot_motion_sub.cpp:62:79:[m[K [01;31m[Kerror: [m[K‘[01m[Ksubscription_[m[K’ does not name a type; did you mean ‘[01m[Krcl_subscription_t[m[K’?
[1.763s]    62 |     rclcpp::Subscription<onix_backend_messages::msg::SystemConfig>::SharedPtr [01;31m[Ksubscription_[m[K;
[1.763s]       |                                                                               [01;31m[K^~~~~~~~~~~~~[m[K
[1.763s]       |                                                                               [32m[Krcl_subscription_t[m[K
[1.769s] [01m[K/home/xcy/ros2_ws/src/cpp_topic/src/robot_motion_sub.cpp:[m[K In constructor ‘[01m[KMinimalSubscriber::MinimalSubscriber()[m[K’:
[1.769s] [01m[K/home/xcy/ros2_ws/src/cpp_topic/src/robot_motion_sub.cpp:14:9:[m[K [01;31m[Kerror: [m[K‘[01m[Ksubscription_[m[K’ was not declared in this scope; did you mean ‘[01m[Krcl_subscription_t[m[K’?
[1.769s]    14 |         [01;31m[Ksubscription_[m[K = this->create_subscription<onix_backend_messages::msg::LocationInformations>(
[1.769s]       |         [01;31m[K^~~~~~~~~~~~~[m[K
[1.769s]       |         [32m[Krcl_subscription_t[m[K
[1.786s] [01m[K/home/xcy/ros2_ws/src/cpp_topic/src/robot_motion_sub.cpp:21:67:[m[K [01;31m[Kerror: [m[Kno matching function for call to ‘[01m[Kstd::chrono::duration<long int>::duration(double)[m[K’
[1.786s]    21 |         timer_ = this->create_wall_timer(std::chrono::seconds(0.33[01;31m[K)[m[K,
[1.786s]       |                                                                   [01;31m[K^[m[K
[1.787s] In file included from [01m[K/usr/include/c++/9/mutex:39[m[K,
[1.787s]                  from [01m[K/usr/include/c++/9/future:38[m[K,
[1.787s]                  from [01m[K/opt/ros/foxy/include/rclcpp/executors.hpp:18[m[K,
[1.787s]                  from [01m[K/opt/ros/foxy/include/rclcpp/rclcpp.hpp:146[m[K,
[1.787s]                  from [01m[K/home/xcy/ros2_ws/src/cpp_topic/src/robot_motion_sub.cpp:2[m[K:
[1.787s] [01m[K/usr/include/c++/9/chrono:338:14:[m[K [01;36m[Knote: [m[Kcandidate: ‘[01m[Ktemplate<class _Rep2, class _Period2, class> constexpr std::chrono::duration<_Rep, _Period>::duration(const std::chrono::duration<_Rep, _Period>&)[m[K’
[1.788s]   338 |    constexpr [01;36m[Kduration[m[K(const duration<_Rep2, _Period2>& __d)
[1.788s]       |              [01;36m[K^~~~~~~~[m[K
[1.788s] [01m[K/usr/include/c++/9/chrono:338:14:[m[K [01;36m[Knote: [m[K  template argument deduction/substitution failed:
[1.788s] [01m[K/home/xcy/ros2_ws/src/cpp_topic/src/robot_motion_sub.cpp:21:67:[m[K [01;36m[Knote: [m[K  mismatched types ‘[01m[Kconst std::chrono::duration<_Rep1, _Period1>[m[K’ and ‘[01m[Kdouble[m[K’
[1.788s]    21 |         timer_ = this->create_wall_timer(std::chrono::seconds(0.33[01;36m[K)[m[K,
[1.788s]       |                                                                   [01;36m[K^[m[K
[1.788s] In file included from [01m[K/usr/include/c++/9/mutex:39[m[K,
[1.789s]                  from [01m[K/usr/include/c++/9/future:38[m[K,
[1.789s]                  from [01m[K/opt/ros/foxy/include/rclcpp/executors.hpp:18[m[K,
[1.789s]                  from [01m[K/opt/ros/foxy/include/rclcpp/rclcpp.hpp:146[m[K,
[1.789s]                  from [01m[K/home/xcy/ros2_ws/src/cpp_topic/src/robot_motion_sub.cpp:2[m[K:
[1.789s] [01m[K/usr/include/c++/9/chrono:331:23:[m[K [01;36m[Knote: [m[Kcandidate: ‘[01m[Ktemplate<class _Rep2, class> constexpr std::chrono::duration<_Rep, _Period>::duration(const _Rep2&)[m[K’
[1.789s]   331 |    constexpr explicit [01;36m[Kduration[m[K(const _Rep2& __rep)
[1.790s]       |                       [01;36m[K^~~~~~~~[m[K
[1.790s] [01m[K/usr/include/c++/9/chrono:331:23:[m[K [01;36m[Knote: [m[K  template argument deduction/substitution failed:
[1.790s] In file included from [01m[K/usr/include/c++/9/bits/move.h:55[m[K,
[1.790s]                  from [01m[K/usr/include/c++/9/bits/stl_pair.h:59[m[K,
[1.790s]                  from [01m[K/usr/include/c++/9/bits/stl_algobase.h:64[m[K,
[1.790s]                  from [01m[K/usr/include/c++/9/memory:62[m[K,
[1.790s]                  from [01m[K/home/xcy/ros2_ws/src/cpp_topic/src/robot_motion_sub.cpp:1[m[K:
[1.791s] /usr/include/c++/9/type_traits: In substitution of ‘[01m[Ktemplate<class ... _Cond> using _Require = typename std::enable_if<std::__and_< <template-parameter-1-1> >::value>::type [with _Cond = {std::is_convertible<const double&, long int>, std::__or_<std::chrono::treat_as_floating_point<long int>, std::__not_<std::chrono::treat_as_floating_point<double> > >}][m[K’:
[1.791s] [01m[K/usr/include/c++/9/chrono:328:27:[m[K   required from here
[1.791s] [01m[K/usr/include/c++/9/type_traits:2048:11:[m[K [01;31m[Kerror: [m[Kno type named ‘[01m[Ktype[m[K’ in ‘[01m[Kstruct std::enable_if<false, void>[m[K’
[1.791s]  2048 |     using [01;31m[K_Require[m[K = typename enable_if<__and_<_Cond...>::value>::type;
[1.791s]       |           [01;31m[K^~~~~~~~[m[K
[1.791s] In file included from [01m[K/usr/include/c++/9/mutex:39[m[K,
[1.791s]                  from [01m[K/usr/include/c++/9/future:38[m[K,
[1.792s]                  from [01m[K/opt/ros/foxy/include/rclcpp/executors.hpp:18[m[K,
[1.792s]                  from [01m[K/opt/ros/foxy/include/rclcpp/rclcpp.hpp:146[m[K,
[1.792s]                  from [01m[K/home/xcy/ros2_ws/src/cpp_topic/src/robot_motion_sub.cpp:2[m[K:
[1.792s] [01m[K/usr/include/c++/9/chrono:324:2:[m[K [01;36m[Knote: [m[Kcandidate: ‘[01m[Kconstexpr std::chrono::duration<_Rep, _Period>::duration(const std::chrono::duration<_Rep, _Period>&) [with _Rep = long int; _Period = std::ratio<1>][m[K’
[1.792s]   324 |  [01;36m[Kduration[m[K(const duration&) = default;
[1.792s]       |  [01;36m[K^~~~~~~~[m[K
[1.792s] [01m[K/usr/include/c++/9/chrono:324:11:[m[K [01;36m[Knote: [m[K  no known conversion for argument 1 from ‘[01m[Kdouble[m[K’ to ‘[01m[Kconst std::chrono::duration<long int>&[m[K’
[1.793s]   324 |  duration([01;36m[Kconst duration&[m[K) = default;
[1.793s]       |           [01;36m[K^~~~~~~~~~~~~~~[m[K
[1.793s] [01m[K/usr/include/c++/9/chrono:322:12:[m[K [01;36m[Knote: [m[Kcandidate: ‘[01m[Kstd::chrono::duration<_Rep, _Period>::duration() [with _Rep = long int; _Period = std::ratio<1>][m[K’
[1.793s]   322 |  constexpr [01;36m[Kduration[m[K() = default;
[1.793s]       |            [01;36m[K^~~~~~~~[m[K
[1.793s] [01m[K/usr/include/c++/9/chrono:322:12:[m[K [01;36m[Knote: [m[K  candidate expects 0 arguments, 1 provided
[1.795s] [01m[K/home/xcy/ros2_ws/src/cpp_topic/src/robot_motion_sub.cpp:[m[K In member function ‘[01m[Kvoid MinimalSubscriber::topic_callback(onix_backend_messages::msg::LocationInformations_<std::allocator<void> >::SharedPtr)[m[K’:
[1.795s] [01m[K/home/xcy/ros2_ws/src/cpp_topic/src/robot_motion_sub.cpp:32:66:[m[K [01;31m[Kerror: [m[Kno matching function for call to ‘[01m[Kstoll(onix_backend_messages::msg::LocationInformations_<std::allocator<void> >::_confidence_type&)[m[K’
[1.795s]    32 |         status_data_msg_->confidence = std::stoll(msg->confidence[01;31m[K)[m[K;
[1.795s]       |                                                                  [01;31m[K^[m[K
[1.795s] In file included from [01m[K/usr/include/c++/9/string:55[m[K,
[1.796s]                  from [01m[K/usr/include/c++/9/stdexcept:39[m[K,
[1.796s]                  from [01m[K/usr/include/c++/9/array:39[m[K,
[1.796s]                  from [01m[K/usr/include/c++/9/tuple:39[m[K,
[1.796s]                  from [01m[K/usr/include/c++/9/bits/unique_ptr.h:37[m[K,
[1.796s]                  from [01m[K/usr/include/c++/9/memory:80[m[K,
[1.796s]                  from [01m[K/home/xcy/ros2_ws/src/cpp_topic/src/robot_motion_sub.cpp:1[m[K:
[1.797s] [01m[K/usr/include/c++/9/bits/basic_string.h:6521:3:[m[K [01;36m[Knote: [m[Kcandidate: ‘[01m[Klong long int std::__cxx11::stoll(const string&, std::size_t*, int)[m[K’
[1.797s]  6521 |   [01;36m[Kstoll[m[K(const string& __str, size_t* __idx = 0, int __base = 10)
[1.797s]       |   [01;36m[K^~~~~[m[K
[1.797s] [01m[K/usr/include/c++/9/bits/basic_string.h:6521:23:[m[K [01;36m[Knote: [m[K  no known conversion for argument 1 from ‘[01m[Konix_backend_messages::msg::LocationInformations_<std::allocator<void> >::_confidence_type[m[K’ {aka ‘[01m[Kfloat[m[K’} to ‘[01m[Kconst string&[m[K’ {aka ‘[01m[Kconst std::__cxx11::basic_string<char>&[m[K’}
[1.797s]  6521 |   stoll([01;36m[Kconst string& __str[m[K, size_t* __idx = 0, int __base = 10)
[1.797s]       |         [01;36m[K~~~~~~~~~~~~~~^~~~~[m[K
[1.798s] [01m[K/usr/include/c++/9/bits/basic_string.h:6627:3:[m[K [01;36m[Knote: [m[Kcandidate: ‘[01m[Klong long int std::__cxx11::stoll(const wstring&, std::size_t*, int)[m[K’
[1.798s]  6627 |   [01;36m[Kstoll[m[K(const wstring& __str, size_t* __idx = 0, int __base = 10)
[1.798s]       |   [01;36m[K^~~~~[m[K
[1.798s] [01m[K/usr/include/c++/9/bits/basic_string.h:6627:24:[m[K [01;36m[Knote: [m[K  no known conversion for argument 1 from ‘[01m[Konix_backend_messages::msg::LocationInformations_<std::allocator<void> >::_confidence_type[m[K’ {aka ‘[01m[Kfloat[m[K’} to ‘[01m[Kconst wstring&[m[K’ {aka ‘[01m[Kconst std::__cxx11::basic_string<wchar_t>&[m[K’}
[1.798s]  6627 |   stoll([01;36m[Kconst wstring& __str[m[K, size_t* __idx = 0, int __base = 10)
[1.799s]       |         [01;36m[K~~~~~~~~~~~~~~~^~~~~[m[K
[1.799s] In file included from [01m[K/opt/ros/foxy/include/rclcpp/client.hpp:40[m[K,
[1.799s]                  from [01m[K/opt/ros/foxy/include/rclcpp/callback_group.hpp:23[m[K,
[1.799s]                  from [01m[K/opt/ros/foxy/include/rclcpp/any_executable.hpp:20[m[K,
[1.799s]                  from [01m[K/opt/ros/foxy/include/rclcpp/memory_strategy.hpp:24[m[K,
[1.800s]                  from [01m[K/opt/ros/foxy/include/rclcpp/memory_strategies.hpp:18[m[K,
[1.800s]                  from [01m[K/opt/ros/foxy/include/rclcpp/executor_options.hpp:20[m[K,
[1.800s]                  from [01m[K/opt/ros/foxy/include/rclcpp/executor.hpp:33[m[K,
[1.800s]                  from [01m[K/opt/ros/foxy/include/rclcpp/executors/multi_threaded_executor.hpp:26[m[K,
[1.800s]                  from [01m[K/opt/ros/foxy/include/rclcpp/executors.hpp:21[m[K,
[1.800s]                  from [01m[K/opt/ros/foxy/include/rclcpp/rclcpp.hpp:146[m[K,
[1.800s]                  from [01m[K/home/xcy/ros2_ws/src/cpp_topic/src/robot_motion_sub.cpp:2[m[K:
[1.801s] [01m[K/home/xcy/ros2_ws/src/cpp_topic/src/robot_motion_sub.cpp:39:41:[m[K [01;31m[Kerror: [m[Krequest for member ‘[01m[Kc_str[m[K’ in ‘[01m[K((std::__shared_ptr_access<onix_backend_messages::msg::StatusData_<std::allocator<void> >, __gnu_cxx::_S_atomic, false, false>*)(&((MinimalSubscriber*)this)->MinimalSubscriber::status_data_msg_))->std::__shared_ptr_access<onix_backend_messages::msg::StatusData_<std::allocator<void> >, __gnu_cxx::_S_atomic, false, false>::operator->()->onix_backend_messages::msg::StatusData_<std::allocator<void> >::x[m[K’, which is of non-class type ‘[01m[Konix_backend_messages::msg::StatusData_<std::allocator<void> >::_x_type[m[K’ {aka ‘[01m[Kfloat[m[K’}
[1.801s]    39 |                     status_data_msg_->x.[01;31m[Kc_str[m[K(), status_data_msg_->y.c_str(),
[1.801s]       |                                         [01;31m[K^~~~~[m[K
[1.801s] [01m[K/home/xcy/ros2_ws/src/cpp_topic/src/robot_motion_sub.cpp:39:70:[m[K [01;31m[Kerror: [m[Krequest for member ‘[01m[Kc_str[m[K’ in ‘[01m[K((std::__shared_ptr_access<onix_backend_messages::msg::StatusData_<std::allocator<void> >, __gnu_cxx::_S_atomic, false, false>*)(&((MinimalSubscriber*)this)->MinimalSubscriber::status_data_msg_))->std::__shared_ptr_access<onix_backend_messages::msg::StatusData_<std::allocator<void> >, __gnu_cxx::_S_atomic, false, false>::operator->()->onix_backend_messages::msg::StatusData_<std::allocator<void> >::y[m[K’, which is of non-class type ‘[01m[Konix_backend_messages::msg::StatusData_<std::allocator<void> >::_y_type[m[K’ {aka ‘[01m[Kfloat[m[K’}
[1.801s]    39 |                     status_data_msg_->x.c_str(), status_data_msg_->y.[01;31m[Kc_str[m[K(),
[1.801s]       |                                                                      [01;31m[K^~~~~[m[K
[1.801s] [01m[K/home/xcy/ros2_ws/src/cpp_topic/src/robot_motion_sub.cpp:[m[K In member function ‘[01m[Kvoid MinimalSubscriber::timer_callback()[m[K’:
[1.802s] [01m[K/home/xcy/ros2_ws/src/cpp_topic/src/robot_motion_sub.cpp:55:41:[m[K [01;31m[Kerror: [m[Krequest for member ‘[01m[Kc_str[m[K’ in ‘[01m[K((std::__shared_ptr_access<onix_backend_messages::msg::StatusData_<std::allocator<void> >, __gnu_cxx::_S_atomic, false, false>*)(&((MinimalSubscriber*)this)->MinimalSubscriber::status_data_msg_))->std::__shared_ptr_access<onix_backend_messages::msg::StatusData_<std::allocator<void> >, __gnu_cxx::_S_atomic, false, false>::operator->()->onix_backend_messages::msg::StatusData_<std::allocator<void> >::x[m[K’, which is of non-class type ‘[01m[Konix_backend_messages::msg::StatusData_<std::allocator<void> >::_x_type[m[K’ {aka ‘[01m[Kfloat[m[K’}
[1.802s]    55 |                     status_data_msg_->x.[01;31m[Kc_str[m[K(), status_data_msg_->y.c_str(),
[1.802s]       |                                         [01;31m[K^~~~~[m[K
[1.802s] [01m[K/home/xcy/ros2_ws/src/cpp_topic/src/robot_motion_sub.cpp:55:70:[m[K [01;31m[Kerror: [m[Krequest for member ‘[01m[Kc_str[m[K’ in ‘[01m[K((std::__shared_ptr_access<onix_backend_messages::msg::StatusData_<std::allocator<void> >, __gnu_cxx::_S_atomic, false, false>*)(&((MinimalSubscriber*)this)->MinimalSubscriber::status_data_msg_))->std::__shared_ptr_access<onix_backend_messages::msg::StatusData_<std::allocator<void> >, __gnu_cxx::_S_atomic, false, false>::operator->()->onix_backend_messages::msg::StatusData_<std::allocator<void> >::y[m[K’, which is of non-class type ‘[01m[Konix_backend_messages::msg::StatusData_<std::allocator<void> >::_y_type[m[K’ {aka ‘[01m[Kfloat[m[K’}
[1.802s]    55 |                     status_data_msg_->x.c_str(), status_data_msg_->y.[01;31m[Kc_str[m[K(),
[1.802s]       |                                                                      [01;31m[K^~~~~[m[K
[1.803s] [01m[K/home/xcy/ros2_ws/src/cpp_topic/src/cpp_sub_spiral.cpp:[m[K In constructor ‘[01m[KMinimalSubscriber::MinimalSubscriber()[m[K’:
[1.803s] [01m[K/home/xcy/ros2_ws/src/cpp_topic/src/cpp_sub_spiral.cpp:20:67:[m[K [01;31m[Kerror: [m[Kno matching function for call to ‘[01m[Kstd::chrono::duration<long int>::duration(double)[m[K’
[1.803s]    20 |         timer_ = this->create_wall_timer(std::chrono::seconds(0.33[01;31m[K)[m[K,
[1.803s]       |                                                                   [01;31m[K^[m[K
[1.803s] In file included from [01m[K/usr/include/c++/9/mutex:39[m[K,
[1.803s]                  from [01m[K/usr/include/c++/9/future:38[m[K,
[1.803s]                  from [01m[K/opt/ros/foxy/include/rclcpp/executors.hpp:18[m[K,
[1.804s]                  from [01m[K/opt/ros/foxy/include/rclcpp/rclcpp.hpp:146[m[K,
[1.804s]                  from [01m[K/home/xcy/ros2_ws/src/cpp_topic/src/cpp_sub_spiral.cpp:2[m[K:
[1.804s] [01m[K/usr/include/c++/9/chrono:338:14:[m[K [01;36m[Knote: [m[Kcandidate: ‘[01m[Ktemplate<class _Rep2, class _Period2, class> constexpr std::chrono::duration<_Rep, _Period>::duration(const std::chrono::duration<_Rep, _Period>&)[m[K’
[1.804s]   338 |    constexpr [01;36m[Kduration[m[K(const duration<_Rep2, _Period2>& __d)
[1.804s]       |              [01;36m[K^~~~~~~~[m[K
[1.804s] [01m[K/usr/include/c++/9/chrono:338:14:[m[K [01;36m[Knote: [m[K  template argument deduction/substitution failed:
[1.804s] [01m[K/home/xcy/ros2_ws/src/cpp_topic/src/cpp_sub_spiral.cpp:20:67:[m[K [01;36m[Knote: [m[K  mismatched types ‘[01m[Kconst std::chrono::duration<_Rep1, _Period1>[m[K’ and ‘[01m[Kdouble[m[K’
[1.805s]    20 |         timer_ = this->create_wall_timer(std::chrono::seconds(0.33[01;36m[K)[m[K,
[1.805s]       |                                                                   [01;36m[K^[m[K
[1.805s] In file included from [01m[K/usr/include/c++/9/mutex:39[m[K,
[1.805s]                  from [01m[K/usr/include/c++/9/future:38[m[K,
[1.805s]                  from [01m[K/opt/ros/foxy/include/rclcpp/executors.hpp:18[m[K,
[1.805s]                  from [01m[K/opt/ros/foxy/include/rclcpp/rclcpp.hpp:146[m[K,
[1.806s]                  from [01m[K/home/xcy/ros2_ws/src/cpp_topic/src/cpp_sub_spiral.cpp:2[m[K:
[1.806s] [01m[K/usr/include/c++/9/chrono:331:23:[m[K [01;36m[Knote: [m[Kcandidate: ‘[01m[Ktemplate<class _Rep2, class> constexpr std::chrono::duration<_Rep, _Period>::duration(const _Rep2&)[m[K’
[1.806s]   331 |    constexpr explicit [01;36m[Kduration[m[K(const _Rep2& __rep)
[1.806s]       |                       [01;36m[K^~~~~~~~[m[K
[1.806s] [01m[K/usr/include/c++/9/chrono:331:23:[m[K [01;36m[Knote: [m[K  template argument deduction/substitution failed:
[1.806s] In file included from [01m[K/usr/include/c++/9/bits/move.h:55[m[K,
[1.806s]                  from [01m[K/usr/include/c++/9/bits/stl_pair.h:59[m[K,
[1.806s]                  from [01m[K/usr/include/c++/9/bits/stl_algobase.h:64[m[K,
[1.806s]                  from [01m[K/usr/include/c++/9/memory:62[m[K,
[1.807s]                  from [01m[K/home/xcy/ros2_ws/src/cpp_topic/src/cpp_sub_spiral.cpp:1[m[K:
[1.807s] /usr/include/c++/9/type_traits: In substitution of ‘[01m[Ktemplate<class ... _Cond> using _Require = typename std::enable_if<std::__and_< <template-parameter-1-1> >::value>::type [with _Cond = {std::is_convertible<const double&, long int>, std::__or_<std::chrono::treat_as_floating_point<long int>, std::__not_<std::chrono::treat_as_floating_point<double> > >}][m[K’:
[1.807s] [01m[K/usr/include/c++/9/chrono:328:27:[m[K   required from here
[1.807s] [01m[K/usr/include/c++/9/type_traits:2048:11:[m[K [01;31m[Kerror: [m[Kno type named ‘[01m[Ktype[m[K’ in ‘[01m[Kstruct std::enable_if<false, void>[m[K’
[1.807s]  2048 |     using [01;31m[K_Require[m[K = typename enable_if<__and_<_Cond...>::value>::type;
[1.807s]       |           [01;31m[K^~~~~~~~[m[K
[1.807s] In file included from [01m[K/usr/include/c++/9/mutex:39[m[K,
[1.807s]                  from [01m[K/usr/include/c++/9/future:38[m[K,
[1.807s]                  from [01m[K/opt/ros/foxy/include/rclcpp/executors.hpp:18[m[K,
[1.807s]                  from [01m[K/opt/ros/foxy/include/rclcpp/rclcpp.hpp:146[m[K,
[1.807s]                  from [01m[K/home/xcy/ros2_ws/src/cpp_topic/src/cpp_sub_spiral.cpp:2[m[K:
[1.807s] [01m[K/usr/include/c++/9/chrono:324:2:[m[K [01;36m[Knote: [m[Kcandidate: ‘[01m[Kconstexpr std::chrono::duration<_Rep, _Period>::duration(const std::chrono::duration<_Rep, _Period>&) [with _Rep = long int; _Period = std::ratio<1>][m[K’
[1.807s]   324 |  [01;36m[Kduration[m[K(const duration&) = default;
[1.808s]       |  [01;36m[K^~~~~~~~[m[K
[1.808s] [01m[K/usr/include/c++/9/chrono:324:11:[m[K [01;36m[Knote: [m[K  no known conversion for argument 1 from ‘[01m[Kdouble[m[K’ to ‘[01m[Kconst std::chrono::duration<long int>&[m[K’
[1.808s]   324 |  duration([01;36m[Kconst duration&[m[K) = default;
[1.808s]       |           [01;36m[K^~~~~~~~~~~~~~~[m[K
[1.808s] [01m[K/usr/include/c++/9/chrono:322:12:[m[K [01;36m[Knote: [m[Kcandidate: ‘[01m[Kstd::chrono::duration<_Rep, _Period>::duration() [with _Rep = long int; _Period = std::ratio<1>][m[K’
[1.808s]   322 |  constexpr [01;36m[Kduration[m[K() = default;
[1.808s]       |            [01;36m[K^~~~~~~~[m[K
[1.808s] [01m[K/usr/include/c++/9/chrono:322:12:[m[K [01;36m[Knote: [m[K  candidate expects 0 arguments, 1 provided
[3.127s] make[2]: *** [CMakeFiles/robot_motion_sub.dir/build.make:63: CMakeFiles/robot_motion_sub.dir/src/robot_motion_sub.cpp.o] Error 1
[3.127s] make[1]: *** [CMakeFiles/Makefile2:82: CMakeFiles/robot_motion_sub.dir/all] Error 2
[3.127s] make[1]: *** Waiting for unfinished jobs....
[3.248s] make[2]: *** [CMakeFiles/cpp_sub_spiral.dir/build.make:63: CMakeFiles/cpp_sub_spiral.dir/src/cpp_sub_spiral.cpp.o] Error 1
[3.248s] make[1]: *** [CMakeFiles/Makefile2:109: CMakeFiles/cpp_sub_spiral.dir/all] Error 2
[3.248s] make: *** [Makefile:141: all] Error 2
[3.252s] Invoked command in '/home/xcy/ros2_ws/build/cpp_topic' returned '2': CMAKE_PREFIX_PATH=${CMAKE_PREFIX_PATH}:/home/xcy/ros2_ws3/install/py_topic:/opt/ros/foxy /usr/bin/cmake --build /home/xcy/ros2_ws/build/cpp_topic -- -j8 -l8
