[1.942s] DEBUG:colcon:Command line arguments: ['/usr/bin/colcon', 'build']
[1.942s] DEBUG:colcon:Parsed command line arguments: Namespace(allow_overriding=[], ament_cmake_args=None, base_paths=['.'], build_base='build', catkin_cmake_args=None, catkin_skip_building_tests=False, cmake_args=None, cmake_clean_cache=False, cmake_clean_first=False, cmake_force_configure=False, cmake_target=None, cmake_target_skip_unavailable=False, continue_on_error=False, event_handlers=None, executor='parallel', ignore_user_meta=False, install_base='install', log_base=None, log_level=None, main=<bound method BuildVerb.main of <colcon_core.verb.build.BuildVerb object at 0x7fda8f529340>>, merge_install=False, metas=['./colcon.meta'], packages_above=None, packages_above_and_dependencies=None, packages_above_depth=None, packages_end=None, packages_ignore=None, packages_ignore_regex=None, packages_select=None, packages_select_build_failed=False, packages_select_by_dep=None, packages_select_regex=None, packages_select_test_failures=False, packages_skip=None, packages_skip_build_finished=False, packages_skip_by_dep=None, packages_skip_regex=None, packages_skip_test_passed=False, packages_skip_up_to=None, packages_start=None, packages_up_to=None, packages_up_to_regex=None, parallel_workers=8, paths=None, symlink_install=False, test_result_base=None, verb_extension=<colcon_core.verb.build.BuildVerb object at 0x7fda8f529340>, verb_name='build', verb_parser=<colcon_defaults.argument_parser.defaults.DefaultArgumentsDecorator object at 0x7fda8f529820>)
[2.030s] Level 1:colcon.colcon_core.package_discovery:discover_packages(colcon_meta) check parameters
[2.030s] Level 1:colcon.colcon_core.package_discovery:discover_packages(recursive) check parameters
[2.030s] Level 1:colcon.colcon_core.package_discovery:discover_packages(ignore) check parameters
[2.030s] Level 1:colcon.colcon_core.package_discovery:discover_packages(path) check parameters
[2.030s] Level 1:colcon.colcon_core.package_discovery:discover_packages(colcon_meta) discover
[2.030s] Level 1:colcon.colcon_core.package_discovery:discover_packages(recursive) discover
[2.030s] INFO:colcon.colcon_core.package_discovery:Crawling recursively for packages in '/home/xcy/ros2_ws'
[2.031s] Level 1:colcon.colcon_core.package_identification:_identify(.) by extensions ['ignore', 'ignore_ament_install']
[2.031s] Level 1:colcon.colcon_core.package_identification:_identify(.) by extension 'ignore'
[2.031s] Level 1:colcon.colcon_core.package_identification:_identify(.) by extension 'ignore_ament_install'
[2.031s] Level 1:colcon.colcon_core.package_identification:_identify(.) by extensions ['colcon_pkg']
[2.031s] Level 1:colcon.colcon_core.package_identification:_identify(.) by extension 'colcon_pkg'
[2.031s] Level 1:colcon.colcon_core.package_identification:_identify(.) by extensions ['colcon_meta']
[2.031s] Level 1:colcon.colcon_core.package_identification:_identify(.) by extension 'colcon_meta'
[2.031s] Level 1:colcon.colcon_core.package_identification:_identify(.) by extensions ['ros']
[2.031s] Level 1:colcon.colcon_core.package_identification:_identify(.) by extension 'ros'
[2.041s] Level 1:colcon.colcon_core.package_identification:_identify(.) by extensions ['cmake', 'python']
[2.041s] Level 1:colcon.colcon_core.package_identification:_identify(.) by extension 'cmake'
[2.041s] Level 1:colcon.colcon_core.package_identification:_identify(.) by extension 'python'
[2.041s] Level 1:colcon.colcon_core.package_identification:_identify(.) by extensions ['python_setup_py']
[2.041s] Level 1:colcon.colcon_core.package_identification:_identify(.) by extension 'python_setup_py'
[2.041s] Level 1:colcon.colcon_core.package_identification:_identify(build) by extensions ['ignore', 'ignore_ament_install']
[2.041s] Level 1:colcon.colcon_core.package_identification:_identify(build) by extension 'ignore'
[2.041s] Level 1:colcon.colcon_core.package_identification:_identify(build) ignored
[2.041s] Level 1:colcon.colcon_core.package_identification:_identify(install) by extensions ['ignore', 'ignore_ament_install']
[2.041s] Level 1:colcon.colcon_core.package_identification:_identify(install) by extension 'ignore'
[2.042s] Level 1:colcon.colcon_core.package_identification:_identify(install) ignored
[2.042s] Level 1:colcon.colcon_core.package_identification:_identify(log) by extensions ['ignore', 'ignore_ament_install']
[2.042s] Level 1:colcon.colcon_core.package_identification:_identify(log) by extension 'ignore'
[2.042s] Level 1:colcon.colcon_core.package_identification:_identify(log) ignored
[2.042s] Level 1:colcon.colcon_core.package_identification:_identify(src) by extensions ['ignore', 'ignore_ament_install']
[2.042s] Level 1:colcon.colcon_core.package_identification:_identify(src) by extension 'ignore'
[2.042s] Level 1:colcon.colcon_core.package_identification:_identify(src) by extension 'ignore_ament_install'
[2.042s] Level 1:colcon.colcon_core.package_identification:_identify(src) by extensions ['colcon_pkg']
[2.042s] Level 1:colcon.colcon_core.package_identification:_identify(src) by extension 'colcon_pkg'
[2.042s] Level 1:colcon.colcon_core.package_identification:_identify(src) by extensions ['colcon_meta']
[2.042s] Level 1:colcon.colcon_core.package_identification:_identify(src) by extension 'colcon_meta'
[2.042s] Level 1:colcon.colcon_core.package_identification:_identify(src) by extensions ['ros']
[2.042s] Level 1:colcon.colcon_core.package_identification:_identify(src) by extension 'ros'
[2.042s] Level 1:colcon.colcon_core.package_identification:_identify(src) by extensions ['cmake', 'python']
[2.042s] Level 1:colcon.colcon_core.package_identification:_identify(src) by extension 'cmake'
[2.042s] Level 1:colcon.colcon_core.package_identification:_identify(src) by extension 'python'
[2.042s] Level 1:colcon.colcon_core.package_identification:_identify(src) by extensions ['python_setup_py']
[2.042s] Level 1:colcon.colcon_core.package_identification:_identify(src) by extension 'python_setup_py'
[2.043s] Level 1:colcon.colcon_core.package_identification:_identify(src/cpp_topic) by extensions ['ignore', 'ignore_ament_install']
[2.043s] Level 1:colcon.colcon_core.package_identification:_identify(src/cpp_topic) by extension 'ignore'
[2.043s] Level 1:colcon.colcon_core.package_identification:_identify(src/cpp_topic) by extension 'ignore_ament_install'
[2.043s] Level 1:colcon.colcon_core.package_identification:_identify(src/cpp_topic) by extensions ['colcon_pkg']
[2.043s] Level 1:colcon.colcon_core.package_identification:_identify(src/cpp_topic) by extension 'colcon_pkg'
[2.043s] Level 1:colcon.colcon_core.package_identification:_identify(src/cpp_topic) by extensions ['colcon_meta']
[2.043s] Level 1:colcon.colcon_core.package_identification:_identify(src/cpp_topic) by extension 'colcon_meta'
[2.043s] Level 1:colcon.colcon_core.package_identification:_identify(src/cpp_topic) by extensions ['ros']
[2.043s] Level 1:colcon.colcon_core.package_identification:_identify(src/cpp_topic) by extension 'ros'
[2.045s] DEBUG:colcon.colcon_core.package_identification:Package 'src/cpp_topic' with type 'ros.ament_cmake' and name 'cpp_topic'
[2.045s] Level 1:colcon.colcon_core.package_discovery:discover_packages(recursive) using defaults
[2.045s] Level 1:colcon.colcon_core.package_discovery:discover_packages(ignore) discover
[2.045s] Level 1:colcon.colcon_core.package_discovery:discover_packages(ignore) using defaults
[2.045s] Level 1:colcon.colcon_core.package_discovery:discover_packages(path) discover
[2.045s] Level 1:colcon.colcon_core.package_discovery:discover_packages(path) using defaults
[2.220s] Level 1:colcon.colcon_core.package_discovery:discover_packages(prefix_path) check parameters
[2.220s] Level 1:colcon.colcon_core.package_discovery:discover_packages(prefix_path) discover
[2.299s] DEBUG:colcon.colcon_installed_package_information.package_discovery:Found 1 installed packages in /home/xcy/ros2_ws/install
[2.334s] DEBUG:colcon.colcon_installed_package_information.package_discovery:Found 2 installed packages in /home/xcy/ros2_ws3/install
[2.370s] DEBUG:colcon.colcon_installed_package_information.package_discovery:Found 258 installed packages in /opt/ros/foxy
[2.371s] Level 1:colcon.colcon_core.package_discovery:discover_packages(prefix_path) using defaults
[2.493s] Level 5:colcon.colcon_core.verb:set package 'cpp_topic' build argument 'cmake_args' from command line to 'None'
[2.493s] Level 5:colcon.colcon_core.verb:set package 'cpp_topic' build argument 'cmake_target' from command line to 'None'
[2.493s] Level 5:colcon.colcon_core.verb:set package 'cpp_topic' build argument 'cmake_target_skip_unavailable' from command line to 'False'
[2.493s] Level 5:colcon.colcon_core.verb:set package 'cpp_topic' build argument 'cmake_clean_cache' from command line to 'False'
[2.493s] Level 5:colcon.colcon_core.verb:set package 'cpp_topic' build argument 'cmake_clean_first' from command line to 'False'
[2.493s] Level 5:colcon.colcon_core.verb:set package 'cpp_topic' build argument 'cmake_force_configure' from command line to 'False'
[2.493s] Level 5:colcon.colcon_core.verb:set package 'cpp_topic' build argument 'ament_cmake_args' from command line to 'None'
[2.493s] Level 5:colcon.colcon_core.verb:set package 'cpp_topic' build argument 'catkin_cmake_args' from command line to 'None'
[2.493s] Level 5:colcon.colcon_core.verb:set package 'cpp_topic' build argument 'catkin_skip_building_tests' from command line to 'False'
[2.493s] DEBUG:colcon.colcon_core.verb:Building package 'cpp_topic' with the following arguments: {'ament_cmake_args': None, 'build_base': '/home/xcy/ros2_ws/build/cpp_topic', 'catkin_cmake_args': None, 'catkin_skip_building_tests': False, 'cmake_args': None, 'cmake_clean_cache': False, 'cmake_clean_first': False, 'cmake_force_configure': False, 'cmake_target': None, 'cmake_target_skip_unavailable': False, 'install_base': '/home/xcy/ros2_ws/install/cpp_topic', 'merge_install': False, 'path': '/home/xcy/ros2_ws/src/cpp_topic', 'symlink_install': False, 'test_result_base': None}
[2.527s] INFO:colcon.colcon_core.executor:Executing jobs using 'parallel' executor
[2.563s] DEBUG:colcon.colcon_parallel_executor.executor.parallel:run_until_complete
[2.563s] INFO:colcon.colcon_ros.task.ament_cmake.build:Building ROS package in '/home/xcy/ros2_ws/src/cpp_topic' with build type 'ament_cmake'
[2.563s] INFO:colcon.colcon_cmake.task.cmake.build:Building CMake package in '/home/xcy/ros2_ws/src/cpp_topic'
[2.598s] INFO:colcon.colcon_core.plugin_system:Skipping extension 'colcon_core.shell.bat': Not used on non-Windows systems
[2.598s] INFO:colcon.colcon_core.shell:Skip shell extension 'powershell' for command environment: Not usable outside of PowerShell
[2.598s] DEBUG:colcon.colcon_core.shell:Skip shell extension 'dsv' for command environment
[2.745s] DEBUG:colcon.colcon_core.event_handler.log_command:Invoking command in '/home/xcy/ros2_ws/build/cpp_topic': CMAKE_PREFIX_PATH=${CMAKE_PREFIX_PATH}:/home/xcy/ros2_ws3/install/py_topic:/opt/ros/foxy /usr/bin/cmake --build /home/xcy/ros2_ws/build/cpp_topic -- -j8 -l8
[2.803s] DEBUG:colcon.colcon_core.event_handler.log_command:Invoked command in '/home/xcy/ros2_ws/build/cpp_topic' returned '0': CMAKE_PREFIX_PATH=${CMAKE_PREFIX_PATH}:/home/xcy/ros2_ws3/install/py_topic:/opt/ros/foxy /usr/bin/cmake --build /home/xcy/ros2_ws/build/cpp_topic -- -j8 -l8
[2.832s] DEBUG:colcon.colcon_core.event_handler.log_command:Invoking command in '/home/xcy/ros2_ws/build/cpp_topic': CMAKE_PREFIX_PATH=${CMAKE_PREFIX_PATH}:/home/xcy/ros2_ws3/install/py_topic:/opt/ros/foxy /usr/bin/cmake --install /home/xcy/ros2_ws/build/cpp_topic
[2.855s] Level 1:colcon.colcon_core.environment:create_environment_scripts_only(cpp_topic)
[2.856s] DEBUG:colcon.colcon_core.event_handler.log_command:Invoked command in '/home/xcy/ros2_ws/build/cpp_topic' returned '0': CMAKE_PREFIX_PATH=${CMAKE_PREFIX_PATH}:/home/xcy/ros2_ws3/install/py_topic:/opt/ros/foxy /usr/bin/cmake --install /home/xcy/ros2_ws/build/cpp_topic
[2.910s] Level 1:colcon.colcon_core.environment:checking '/home/xcy/ros2_ws/install/cpp_topic' for CMake module files
[2.910s] Level 1:colcon.colcon_core.environment:checking '/home/xcy/ros2_ws/install/cpp_topic' for CMake config files
[2.911s] Level 1:colcon.colcon_core.shell:create_environment_hook('cpp_topic', 'cmake_prefix_path')
[2.948s] INFO:colcon.colcon_core.shell:Creating environment hook '/home/xcy/ros2_ws/install/cpp_topic/share/cpp_topic/hook/cmake_prefix_path.ps1'
[2.949s] INFO:colcon.colcon_core.shell:Creating environment descriptor '/home/xcy/ros2_ws/install/cpp_topic/share/cpp_topic/hook/cmake_prefix_path.dsv'
[2.949s] INFO:colcon.colcon_core.shell:Creating environment hook '/home/xcy/ros2_ws/install/cpp_topic/share/cpp_topic/hook/cmake_prefix_path.sh'
[2.950s] Level 1:colcon.colcon_core.environment:checking '/home/xcy/ros2_ws/install/cpp_topic/lib'
[2.950s] Level 1:colcon.colcon_core.environment:checking '/home/xcy/ros2_ws/install/cpp_topic/bin'
[2.950s] Level 1:colcon.colcon_core.environment:checking '/home/xcy/ros2_ws/install/cpp_topic/lib/pkgconfig/cpp_topic.pc'
[2.950s] Level 1:colcon.colcon_core.environment:checking '/home/xcy/ros2_ws/install/cpp_topic/lib/python3.8/site-packages'
[2.950s] Level 1:colcon.colcon_core.environment:checking '/home/xcy/ros2_ws/install/cpp_topic/bin'
[2.988s] INFO:colcon.colcon_core.shell:Creating package script '/home/xcy/ros2_ws/install/cpp_topic/share/cpp_topic/package.ps1'
[2.989s] INFO:colcon.colcon_core.shell:Creating package descriptor '/home/xcy/ros2_ws/install/cpp_topic/share/cpp_topic/package.dsv'
[2.989s] INFO:colcon.colcon_core.shell:Creating package script '/home/xcy/ros2_ws/install/cpp_topic/share/cpp_topic/package.sh'
[2.990s] INFO:colcon.colcon_core.shell:Creating package script '/home/xcy/ros2_ws/install/cpp_topic/share/cpp_topic/package.bash'
[2.990s] INFO:colcon.colcon_core.shell:Creating package script '/home/xcy/ros2_ws/install/cpp_topic/share/cpp_topic/package.zsh'
[2.991s] Level 1:colcon.colcon_core.environment:create_file_with_runtime_dependencies(/home/xcy/ros2_ws/install/cpp_topic/share/colcon-core/packages/cpp_topic)
[3.050s] Level 1:colcon.colcon_core.environment:create_environment_scripts_only(cpp_topic)
[3.083s] Level 1:colcon.colcon_core.environment:checking '/home/xcy/ros2_ws/install/cpp_topic' for CMake module files
[3.083s] Level 1:colcon.colcon_core.environment:checking '/home/xcy/ros2_ws/install/cpp_topic' for CMake config files
[3.083s] Level 1:colcon.colcon_core.shell:create_environment_hook('cpp_topic', 'cmake_prefix_path')
[3.116s] INFO:colcon.colcon_core.shell:Creating environment hook '/home/xcy/ros2_ws/install/cpp_topic/share/cpp_topic/hook/cmake_prefix_path.ps1'
[3.116s] INFO:colcon.colcon_core.shell:Creating environment descriptor '/home/xcy/ros2_ws/install/cpp_topic/share/cpp_topic/hook/cmake_prefix_path.dsv'
[3.117s] INFO:colcon.colcon_core.shell:Creating environment hook '/home/xcy/ros2_ws/install/cpp_topic/share/cpp_topic/hook/cmake_prefix_path.sh'
[3.117s] Level 1:colcon.colcon_core.environment:checking '/home/xcy/ros2_ws/install/cpp_topic/lib'
[3.117s] Level 1:colcon.colcon_core.environment:checking '/home/xcy/ros2_ws/install/cpp_topic/bin'
[3.117s] Level 1:colcon.colcon_core.environment:checking '/home/xcy/ros2_ws/install/cpp_topic/lib/pkgconfig/cpp_topic.pc'
[3.117s] Level 1:colcon.colcon_core.environment:checking '/home/xcy/ros2_ws/install/cpp_topic/lib/python3.8/site-packages'
[3.118s] Level 1:colcon.colcon_core.environment:checking '/home/xcy/ros2_ws/install/cpp_topic/bin'
[3.151s] INFO:colcon.colcon_core.shell:Creating package script '/home/xcy/ros2_ws/install/cpp_topic/share/cpp_topic/package.ps1'
[3.151s] INFO:colcon.colcon_core.shell:Creating package descriptor '/home/xcy/ros2_ws/install/cpp_topic/share/cpp_topic/package.dsv'
[3.152s] INFO:colcon.colcon_core.shell:Creating package script '/home/xcy/ros2_ws/install/cpp_topic/share/cpp_topic/package.sh'
[3.152s] INFO:colcon.colcon_core.shell:Creating package script '/home/xcy/ros2_ws/install/cpp_topic/share/cpp_topic/package.bash'
[3.152s] INFO:colcon.colcon_core.shell:Creating package script '/home/xcy/ros2_ws/install/cpp_topic/share/cpp_topic/package.zsh'
[3.153s] Level 1:colcon.colcon_core.environment:create_file_with_runtime_dependencies(/home/xcy/ros2_ws/install/cpp_topic/share/colcon-core/packages/cpp_topic)
[3.153s] DEBUG:colcon.colcon_parallel_executor.executor.parallel:closing loop
[3.153s] DEBUG:colcon.colcon_parallel_executor.executor.parallel:loop closed
[3.154s] DEBUG:colcon.colcon_parallel_executor.executor.parallel:run_until_complete finished with '0'
[3.154s] DEBUG:colcon.colcon_core.event_reactor:joining thread
[3.194s] INFO:colcon.colcon_core.plugin_system:Skipping extension 'colcon_notification.desktop_notification.terminal_notifier': Not used on non-Darwin systems
[3.194s] INFO:colcon.colcon_core.plugin_system:Skipping extension 'colcon_notification.desktop_notification.win32': Not used on non-Windows systems
[3.194s] INFO:colcon.colcon_notification.desktop_notification:Sending desktop notification using 'notify2'
[3.205s] DEBUG:colcon.colcon_core.event_reactor:joined thread
[3.242s] INFO:colcon.colcon_core.shell:Creating prefix script '/home/xcy/ros2_ws/install/local_setup.ps1'
[3.242s] INFO:colcon.colcon_core.shell:Creating prefix util module '/home/xcy/ros2_ws/install/_local_setup_util_ps1.py'
[3.244s] INFO:colcon.colcon_core.shell:Creating prefix chain script '/home/xcy/ros2_ws/install/setup.ps1'
[3.279s] INFO:colcon.colcon_core.shell:Creating prefix script '/home/xcy/ros2_ws/install/local_setup.sh'
[3.280s] INFO:colcon.colcon_core.shell:Creating prefix util module '/home/xcy/ros2_ws/install/_local_setup_util_sh.py'
[3.280s] INFO:colcon.colcon_core.shell:Creating prefix chain script '/home/xcy/ros2_ws/install/setup.sh'
[3.318s] INFO:colcon.colcon_core.shell:Creating prefix script '/home/xcy/ros2_ws/install/local_setup.bash'
[3.319s] INFO:colcon.colcon_core.shell:Creating prefix chain script '/home/xcy/ros2_ws/install/setup.bash'
[3.355s] INFO:colcon.colcon_core.shell:Creating prefix script '/home/xcy/ros2_ws/install/local_setup.zsh'
[3.355s] INFO:colcon.colcon_core.shell:Creating prefix chain script '/home/xcy/ros2_ws/install/setup.zsh'
