[ 50%] [32mBuilding CXX object CMakeFiles/cpp_sub_spiral.dir/src/cpp_sub_spiral.cpp.o[0m
[01m[K/home/xcy/ros2_ws/src/cpp_topic/src/cpp_sub_spiral.cpp:181:79:[m[K [01;31m[Kerror: [m[Kredeclaration of ‘[01m[Krclcpp::Subscription<onix_backend_messages::msg::SystemConfig_<std::allocator<void> > >::SharedPtr CombinedSubscriber::system_config_subscription_[m[K’
  181 |     rclcpp::Subscription<onix_backend_messages::msg::SystemConfig>::SharedPtr [01;31m[Ksystem_config_subscription_[m[K;
      |                                                                               [01;31m[K^~~~~~~~~~~~~~~~~~~~~~~~~~~[m[K
[01m[K/home/xcy/ros2_ws/src/cpp_topic/src/cpp_sub_spiral.cpp:180:85:[m[K [01;36m[Knote: [m[Kprevious declaration ‘[01m[Krclcpp::Subscription<onix_backend_messages::msg::MotionInformations_<std::allocator<void> > >::SharedPtr CombinedSubscriber::system_config_subscription_[m[K’
  180 |     rclcpp::Subscription<onix_backend_messages::msg::MotionInformations>::SharedPtr [01;36m[Ksystem_config_subscription_[m[K;
      |                                                                                     [01;36m[K^~~~~~~~~~~~~~~~~~~~~~~~~~~[m[K
[01m[K/home/xcy/ros2_ws/src/cpp_topic/src/cpp_sub_spiral.cpp:182:77:[m[K [01;31m[Kerror: [m[Ktype ‘[01m[Krclcpp::Subscription<onix_backend_messages::msg::LocationInformations_<std::allocator<void> > >[m[K’ is not a base type for type ‘[01m[KCombinedSubscriber[m[K’
  182 |     rclcpp::Subscription<onix_backend_messages::msg::LocationInformations>::[01;31m[KShamotion[m[K;
      |                                                                             [01;31m[K^~~~~~~~~[m[K
[01m[K/home/xcy/ros2_ws/src/cpp_topic/src/cpp_sub_spiral.cpp:[m[K In constructor ‘[01m[KCombinedSubscriber::CombinedSubscriber()[m[K’:
[01m[K/home/xcy/ros2_ws/src/cpp_topic/src/cpp_sub_spiral.cpp:53:109:[m[K [01;31m[Kerror: [m[Kno match for ‘[01m[Koperator=[m[K’ (operand types are ‘[01m[Krclcpp::Subscription<onix_backend_messages::msg::MotionInformations_<std::allocator<void> > >::SharedPtr[m[K’ {aka ‘[01m[Kstd::shared_ptr<rclcpp::Subscription<onix_backend_messages::msg::MotionInformations_<std::allocator<void> > > >[m[K’} and ‘[01m[Kstd::shared_ptr<rclcpp::Subscription<onix_backend_messages::msg::SystemConfig_<std::allocator<void> > > >[m[K’)
   53 |             "topic", 10, std::bind(&CombinedSubscriber::system_config_callback, this, std::placeholders::_1)[01;31m[K)[m[K;
      |                                                                                                             [01;31m[K^[m[K
In file included from [01m[K/usr/include/c++/9/memory:81[m[K,
                 from [01m[K/home/xcy/ros2_ws/src/cpp_topic/src/cpp_sub_spiral.cpp:1[m[K:
[01m[K/usr/include/c++/9/bits/shared_ptr.h:309:19:[m[K [01;36m[Knote: [m[Kcandidate: ‘[01m[Kstd::shared_ptr<_Tp>& std::shared_ptr<_Tp>::operator=(const std::shared_ptr<_Tp>&) [with _Tp = rclcpp::Subscription<onix_backend_messages::msg::MotionInformations_<std::allocator<void> > >][m[K’
  309 |       shared_ptr& [01;36m[Koperator[m[K=(const shared_ptr&) noexcept = default;
      |                   [01;36m[K^~~~~~~~[m[K
[01m[K/usr/include/c++/9/bits/shared_ptr.h:309:29:[m[K [01;36m[Knote: [m[K  no known conversion for argument 1 from ‘[01m[Kstd::shared_ptr<rclcpp::Subscription<onix_backend_messages::msg::SystemConfig_<std::allocator<void> > > >[m[K’ to ‘[01m[Kconst std::shared_ptr<rclcpp::Subscription<onix_backend_messages::msg::MotionInformations_<std::allocator<void> > > >&[m[K’
  309 |       shared_ptr& operator=([01;36m[Kconst shared_ptr&[m[K) noexcept = default;
      |                             [01;36m[K^~~~~~~~~~~~~~~~~[m[K
[01m[K/usr/include/c++/9/bits/shared_ptr.h:313:2:[m[K [01;36m[Knote: [m[Kcandidate: ‘[01m[Ktemplate<class _Yp> std::shared_ptr<_Tp>::_Assignable<const std::shared_ptr<_Yp>&> std::shared_ptr<_Tp>::operator=(const std::shared_ptr<_Yp>&) [with _Yp = _Yp; _Tp = rclcpp::Subscription<onix_backend_messages::msg::MotionInformations_<std::allocator<void> > >][m[K’
  313 |  [01;36m[Koperator[m[K=(const shared_ptr<_Yp>& __r) noexcept
      |  [01;36m[K^~~~~~~~[m[K
[01m[K/usr/include/c++/9/bits/shared_ptr.h:313:2:[m[K [01;36m[Knote: [m[K  template argument deduction/substitution failed:
/usr/include/c++/9/bits/shared_ptr.h: In substitution of ‘[01m[Ktemplate<class _Tp> template<class _Arg> using _Assignable = typename std::enable_if<std::is_assignable<std::__shared_ptr<_Tp>&, _Arg>::value, std::shared_ptr<_Tp>&>::type [with _Arg = const std::shared_ptr<rclcpp::Subscription<onix_backend_messages::msg::SystemConfig_<std::allocator<void> > > >&; _Tp = rclcpp::Subscription<onix_backend_messages::msg::MotionInformations_<std::allocator<void> > >][m[K’:
[01m[K/usr/include/c++/9/bits/shared_ptr.h:313:2:[m[K   required by substitution of ‘[01m[Ktemplate<class _Yp> std::shared_ptr<rclcpp::Subscription<onix_backend_messages::msg::MotionInformations_<std::allocator<void> > > >::_Assignable<const std::shared_ptr<_Tp>&> std::shared_ptr<rclcpp::Subscription<onix_backend_messages::msg::MotionInformations_<std::allocator<void> > > >::operator=<_Yp>(const std::shared_ptr<_Tp>&) [with _Yp = rclcpp::Subscription<onix_backend_messages::msg::SystemConfig_<std::allocator<void> > >][m[K’
[01m[K/home/xcy/ros2_ws/src/cpp_topic/src/cpp_sub_spiral.cpp:53:109:[m[K   required from here
[01m[K/usr/include/c++/9/bits/shared_ptr.h:111:8:[m[K [01;31m[Kerror: [m[Kno type named ‘[01m[Ktype[m[K’ in ‘[01m[Kstruct std::enable_if<false, std::shared_ptr<rclcpp::Subscription<onix_backend_messages::msg::MotionInformations_<std::allocator<void> > > >&>[m[K’
  111 |  using [01;31m[K_Assignable[m[K = typename enable_if<
      |        [01;31m[K^~~~~~~~~~~[m[K
[01m[K/usr/include/c++/9/bits/shared_ptr.h:324:2:[m[K [01;36m[Knote: [m[Kcandidate: ‘[01m[Ktemplate<class _Yp> std::shared_ptr<_Tp>::_Assignable<std::auto_ptr<_Up> > std::shared_ptr<_Tp>::operator=(std::auto_ptr<_Up>&&) [with _Yp = _Yp; _Tp = rclcpp::Subscription<onix_backend_messages::msg::MotionInformations_<std::allocator<void> > >][m[K’
  324 |  [01;36m[Koperator[m[K=(auto_ptr<_Yp>&& __r)
      |  [01;36m[K^~~~~~~~[m[K
[01m[K/usr/include/c++/9/bits/shared_ptr.h:324:2:[m[K [01;36m[Knote: [m[K  template argument deduction/substitution failed:
[01m[K/home/xcy/ros2_ws/src/cpp_topic/src/cpp_sub_spiral.cpp:53:109:[m[K [01;36m[Knote: [m[K  ‘[01m[Kstd::shared_ptr<rclcpp::Subscription<onix_backend_messages::msg::SystemConfig_<std::allocator<void> > > >[m[K’ is not derived from ‘[01m[Kstd::auto_ptr<_Up>[m[K’
   53 |             "topic", 10, std::bind(&CombinedSubscriber::system_config_callback, this, std::placeholders::_1)[01;36m[K)[m[K;
      |                                                                                                             [01;36m[K^[m[K
In file included from [01m[K/usr/include/c++/9/memory:81[m[K,
                 from [01m[K/home/xcy/ros2_ws/src/cpp_topic/src/cpp_sub_spiral.cpp:1[m[K:
[01m[K/usr/include/c++/9/bits/shared_ptr.h:333:7:[m[K [01;36m[Knote: [m[Kcandidate: ‘[01m[Kstd::shared_ptr<_Tp>& std::shared_ptr<_Tp>::operator=(std::shared_ptr<_Tp>&&) [with _Tp = rclcpp::Subscription<onix_backend_messages::msg::MotionInformations_<std::allocator<void> > >][m[K’
  333 |       [01;36m[Koperator[m[K=(shared_ptr&& __r) noexcept
      |       [01;36m[K^~~~~~~~[m[K
[01m[K/usr/include/c++/9/bits/shared_ptr.h:333:30:[m[K [01;36m[Knote: [m[K  no known conversion for argument 1 from ‘[01m[Kstd::shared_ptr<rclcpp::Subscription<onix_backend_messages::msg::SystemConfig_<std::allocator<void> > > >[m[K’ to ‘[01m[Kstd::shared_ptr<rclcpp::Subscription<onix_backend_messages::msg::MotionInformations_<std::allocator<void> > > >&&[m[K’
  333 |       operator=([01;36m[Kshared_ptr&& __r[m[K) noexcept
      |                 [01;36m[K~~~~~~~~~~~~~^~~[m[K
[01m[K/usr/include/c++/9/bits/shared_ptr.h:341:2:[m[K [01;36m[Knote: [m[Kcandidate: ‘[01m[Ktemplate<class _Yp> std::shared_ptr<_Tp>::_Assignable<std::shared_ptr<_Yp> > std::shared_ptr<_Tp>::operator=(std::shared_ptr<_Yp>&&) [with _Yp = _Yp; _Tp = rclcpp::Subscription<onix_backend_messages::msg::MotionInformations_<std::allocator<void> > >][m[K’
  341 |  [01;36m[Koperator[m[K=(shared_ptr<_Yp>&& __r) noexcept
      |  [01;36m[K^~~~~~~~[m[K
[01m[K/usr/include/c++/9/bits/shared_ptr.h:341:2:[m[K [01;36m[Knote: [m[K  template argument deduction/substitution failed:
/usr/include/c++/9/bits/shared_ptr.h: In substitution of ‘[01m[Ktemplate<class _Tp> template<class _Arg> using _Assignable = typename std::enable_if<std::is_assignable<std::__shared_ptr<_Tp>&, _Arg>::value, std::shared_ptr<_Tp>&>::type [with _Arg = std::shared_ptr<rclcpp::Subscription<onix_backend_messages::msg::SystemConfig_<std::allocator<void> > > >; _Tp = rclcpp::Subscription<onix_backend_messages::msg::MotionInformations_<std::allocator<void> > >][m[K’:
[01m[K/usr/include/c++/9/bits/shared_ptr.h:341:2:[m[K   required by substitution of ‘[01m[Ktemplate<class _Yp> std::shared_ptr<rclcpp::Subscription<onix_backend_messages::msg::MotionInformations_<std::allocator<void> > > >::_Assignable<std::shared_ptr<_Tp> > std::shared_ptr<rclcpp::Subscription<onix_backend_messages::msg::MotionInformations_<std::allocator<void> > > >::operator=<_Yp>(std::shared_ptr<_Tp>&&) [with _Yp = rclcpp::Subscription<onix_backend_messages::msg::SystemConfig_<std::allocator<void> > >][m[K’
[01m[K/home/xcy/ros2_ws/src/cpp_topic/src/cpp_sub_spiral.cpp:53:109:[m[K   required from here
[01m[K/usr/include/c++/9/bits/shared_ptr.h:111:8:[m[K [01;31m[Kerror: [m[Kno type named ‘[01m[Ktype[m[K’ in ‘[01m[Kstruct std::enable_if<false, std::shared_ptr<rclcpp::Subscription<onix_backend_messages::msg::MotionInformations_<std::allocator<void> > > >&>[m[K’
  111 |  using [01;31m[K_Assignable[m[K = typename enable_if<
      |        [01;31m[K^~~~~~~~~~~[m[K
[01m[K/usr/include/c++/9/bits/shared_ptr.h:349:2:[m[K [01;36m[Knote: [m[Kcandidate: ‘[01m[Ktemplate<class _Yp, class _Del> std::shared_ptr<_Tp>::_Assignable<std::unique_ptr<_Up, _Ep> > std::shared_ptr<_Tp>::operator=(std::unique_ptr<_Up, _Ep>&&) [with _Yp = _Yp; _Del = _Del; _Tp = rclcpp::Subscription<onix_backend_messages::msg::MotionInformations_<std::allocator<void> > >][m[K’
  349 |  [01;36m[Koperator[m[K=(unique_ptr<_Yp, _Del>&& __r)
      |  [01;36m[K^~~~~~~~[m[K
[01m[K/usr/include/c++/9/bits/shared_ptr.h:349:2:[m[K [01;36m[Knote: [m[K  template argument deduction/substitution failed:
[01m[K/home/xcy/ros2_ws/src/cpp_topic/src/cpp_sub_spiral.cpp:53:109:[m[K [01;36m[Knote: [m[K  ‘[01m[Kstd::shared_ptr<rclcpp::Subscription<onix_backend_messages::msg::SystemConfig_<std::allocator<void> > > >[m[K’ is not derived from ‘[01m[Kstd::unique_ptr<_Tp, _Dp>[m[K’
   53 |             "topic", 10, std::bind(&CombinedSubscriber::system_config_callback, this, std::placeholders::_1)[01;36m[K)[m[K;
      |                                                                                                             [01;36m[K^[m[K
[01m[K/home/xcy/ros2_ws/src/cpp_topic/src/cpp_sub_spiral.cpp:55:9:[m[K [01;31m[Kerror: [m[K‘[01m[Klocation_subscription_[m[K’ was not declared in this scope; did you mean ‘[01m[Kcreate_subscription[m[K’?
   55 |         [01;31m[Klocation_subscription_[m[K = this->create_subscription<onix_backend_messages::msg::LocationInformations>(
      |         [01;31m[K^~~~~~~~~~~~~~~~~~~~~~[m[K
      |         [32m[Kcreate_subscription[m[K
[01m[K/home/xcy/ros2_ws/src/cpp_topic/src/cpp_sub_spiral.cpp:58:9:[m[K [01;31m[Kerror: [m[K‘[01m[Kmotion_subscription_[m[K’ was not declared in this scope; did you mean ‘[01m[Krcl_subscription_t[m[K’?
   58 |         [01;31m[Kmotion_subscription_[m[K = this->create_subscription<onix_backend_messages::msg::MotionInformations>(
      |         [01;31m[K^~~~~~~~~~~~~~~~~~~~[m[K
      |         [32m[Krcl_subscription_t[m[K
[01m[K/home/xcy/ros2_ws/src/cpp_topic/src/cpp_sub_spiral.cpp:[m[K In member function ‘[01m[Kvoid CombinedSubscriber::motion_callback(onix_backend_messages::msg::MotionInformations_<std::allocator<void> >::SharedPtr)[m[K’:
[01m[K/home/xcy/ros2_ws/src/cpp_topic/src/cpp_sub_spiral.cpp:99:34:[m[K [01;31m[Kerror: [m[K‘[01m[Kconst SharedPtr[m[K’ {aka ‘[01m[Kconst class std::shared_ptr<onix_backend_messages::msg::MotionInformations_<std::allocator<void> > >[m[K’} has no member named ‘[01m[Kvx[m[K’
   99 |         g_combined_data.vx = msg.[01;31m[Kvx[m[K;
      |                                  [01;31m[K^~[m[K
[01m[K/home/xcy/ros2_ws/src/cpp_topic/src/cpp_sub_spiral.cpp:100:34:[m[K [01;31m[Kerror: [m[K‘[01m[Kconst SharedPtr[m[K’ {aka ‘[01m[Kconst class std::shared_ptr<onix_backend_messages::msg::MotionInformations_<std::allocator<void> > >[m[K’} has no member named ‘[01m[Kvy[m[K’
  100 |         g_combined_data.vy = msg.[01;31m[Kvy[m[K;
      |                                  [01;31m[K^~[m[K
[01m[K/home/xcy/ros2_ws/src/cpp_topic/src/cpp_sub_spiral.cpp:101:33:[m[K [01;31m[Kerror: [m[K‘[01m[Kconst SharedPtr[m[K’ {aka ‘[01m[Kconst class std::shared_ptr<onix_backend_messages::msg::MotionInformations_<std::allocator<void> > >[m[K’} has no member named ‘[01m[Kw[m[K’
  101 |         g_combined_data.w = msg.[01;31m[Kw[m[K;
      |                                 [01;31m[K^[m[K
[01m[K/home/xcy/ros2_ws/src/cpp_topic/src/cpp_sub_spiral.cpp:102:37:[m[K [01;31m[Kerror: [m[K‘[01m[Kconst SharedPtr[m[K’ {aka ‘[01m[Kconst class std::shared_ptr<onix_backend_messages::msg::MotionInformations_<std::allocator<void> > >[m[K’} has no member named ‘[01m[Ksteer[m[K’
  102 |         g_combined_data.steer = msg.[01;31m[Ksteer[m[K;
      |                                     [01;31m[K^~~~~[m[K
[01m[K/home/xcy/ros2_ws/src/cpp_topic/src/cpp_sub_spiral.cpp:103:36:[m[K [01;31m[Kerror: [m[K‘[01m[Kconst SharedPtr[m[K’ {aka ‘[01m[Kconst class std::shared_ptr<onix_backend_messages::msg::MotionInformations_<std::allocator<void> > >[m[K’} has no member named ‘[01m[Kspin[m[K’
  103 |         g_combined_data.spin = msg.[01;31m[Kspin[m[K;
      |                                    [01;31m[K^~~~[m[K
[01m[K/home/xcy/ros2_ws/src/cpp_topic/src/cpp_sub_spiral.cpp:104:36:[m[K [01;31m[Kerror: [m[K‘[01m[Kconst SharedPtr[m[K’ {aka ‘[01m[Kconst class std::shared_ptr<onix_backend_messages::msg::MotionInformations_<std::allocator<void> > >[m[K’} has no member named ‘[01m[Kr_vx[m[K’
  104 |         g_combined_data.r_vx = msg.[01;31m[Kr_vx[m[K;
      |                                    [01;31m[K^~~~[m[K
[01m[K/home/xcy/ros2_ws/src/cpp_topic/src/cpp_sub_spiral.cpp:105:36:[m[K [01;31m[Kerror: [m[K‘[01m[Kconst SharedPtr[m[K’ {aka ‘[01m[Kconst class std::shared_ptr<onix_backend_messages::msg::MotionInformations_<std::allocator<void> > >[m[K’} has no member named ‘[01m[Kr_vy[m[K’
  105 |         g_combined_data.r_vy = msg.[01;31m[Kr_vy[m[K;
      |                                    [01;31m[K^~~~[m[K
[01m[K/home/xcy/ros2_ws/src/cpp_topic/src/cpp_sub_spiral.cpp:106:35:[m[K [01;31m[Kerror: [m[K‘[01m[Kconst SharedPtr[m[K’ {aka ‘[01m[Kconst class std::shared_ptr<onix_backend_messages::msg::MotionInformations_<std::allocator<void> > >[m[K’} has no member named ‘[01m[Kr_w[m[K’
  106 |         g_combined_data.r_w = msg.[01;31m[Kr_w[m[K;
      |                                   [01;31m[K^~~[m[K
[01m[K/home/xcy/ros2_ws/src/cpp_topic/src/cpp_sub_spiral.cpp:107:39:[m[K [01;31m[Kerror: [m[K‘[01m[Kconst SharedPtr[m[K’ {aka ‘[01m[Kconst class std::shared_ptr<onix_backend_messages::msg::MotionInformations_<std::allocator<void> > >[m[K’} has no member named ‘[01m[Kr_steer[m[K’
  107 |         g_combined_data.r_steer = msg.[01;31m[Kr_steer[m[K;
      |                                       [01;31m[K^~~~~~~[m[K
[01m[K/home/xcy/ros2_ws/src/cpp_topic/src/cpp_sub_spiral.cpp:108:38:[m[K [01;31m[Kerror: [m[K‘[01m[Kconst SharedPtr[m[K’ {aka ‘[01m[Kconst class std::shared_ptr<onix_backend_messages::msg::MotionInformations_<std::allocator<void> > >[m[K’} has no member named ‘[01m[Kr_spin[m[K’
  108 |         g_combined_data.r_spin = msg.[01;31m[Kr_spin[m[K;
      |                                      [01;31m[K^~~~~~[m[K
[01m[K/home/xcy/ros2_ws/src/cpp_topic/src/cpp_sub_spiral.cpp:109:44:[m[K [01;31m[Kerror: [m[K‘[01m[Kconst SharedPtr[m[K’ {aka ‘[01m[Kconst class std::shared_ptr<onix_backend_messages::msg::MotionInformations_<std::allocator<void> > >[m[K’} has no member named ‘[01m[Ksteer_angles[m[K’
  109 |         g_combined_data.steer_angles = msg.[01;31m[Ksteer_angles[m[K;
      |                                            [01;31m[K^~~~~~~~~~~~[m[K
[01m[K/home/xcy/ros2_ws/src/cpp_topic/src/cpp_sub_spiral.cpp:110:46:[m[K [01;31m[Kerror: [m[K‘[01m[Kconst SharedPtr[m[K’ {aka ‘[01m[Kconst class std::shared_ptr<onix_backend_messages::msg::MotionInformations_<std::allocator<void> > >[m[K’} has no member named ‘[01m[Kr_steer_angles[m[K’
  110 |         g_combined_data.r_steer_angles = msg.[01;31m[Kr_steer_angles[m[K;
      |                                              [01;31m[K^~~~~~~~~~~~~~[m[K
[01m[K/home/xcy/ros2_ws/src/cpp_topic/src/cpp_sub_spiral.cpp:111:39:[m[K [01;31m[Kerror: [m[K‘[01m[Kconst SharedPtr[m[K’ {aka ‘[01m[Kconst class std::shared_ptr<onix_backend_messages::msg::MotionInformations_<std::allocator<void> > >[m[K’} has no member named ‘[01m[Kis_stop[m[K’
  111 |         g_combined_data.is_stop = msg.[01;31m[Kis_stop[m[K;
      |                                       [01;31m[K^~~~~~~[m[K
[01m[K/home/xcy/ros2_ws/src/cpp_topic/src/cpp_sub_spiral.cpp:112:35:[m[K [01;31m[Kerror: [m[K‘[01m[Kconst SharedPtr[m[K’ {aka ‘[01m[Kconst class std::shared_ptr<onix_backend_messages::msg::MotionInformations_<std::allocator<void> > >[m[K’} has no member named ‘[01m[Kodo[m[K’
  112 |         g_combined_data.odo = msg.[01;31m[Kodo[m[K;
      |                                   [01;31m[K^~~[m[K
[01m[K/home/xcy/ros2_ws/src/cpp_topic/src/cpp_sub_spiral.cpp:113:41:[m[K [01;31m[Kerror: [m[K‘[01m[Kconst SharedPtr[m[K’ {aka ‘[01m[Kconst class std::shared_ptr<onix_backend_messages::msg::MotionInformations_<std::allocator<void> > >[m[K’} has no member named ‘[01m[Ktoday_odo[m[K’
  113 |         g_combined_data.today_odo = msg.[01;31m[Ktoday_odo[m[K;
      |                                         [01;31m[K^~~~~~~~~[m[K
[01m[K/home/xcy/ros2_ws/src/cpp_topic/src/cpp_sub_spiral.cpp:114:41:[m[K [01;31m[Kerror: [m[K‘[01m[Kconst SharedPtr[m[K’ {aka ‘[01m[Kconst class std::shared_ptr<onix_backend_messages::msg::MotionInformations_<std::allocator<void> > >[m[K’} has no member named ‘[01m[Ktime[m[K’
  114 |         g_combined_data.odom_time = msg.[01;31m[Ktime[m[K;
      |                                         [01;31m[K^~~~[m[K
[01m[K/home/xcy/ros2_ws/src/cpp_topic/src/cpp_sub_spiral.cpp:115:46:[m[K [01;31m[Kerror: [m[K‘[01m[Kconst SharedPtr[m[K’ {aka ‘[01m[Kconst class std::shared_ptr<onix_backend_messages::msg::MotionInformations_<std::allocator<void> > >[m[K’} has no member named ‘[01m[Ktotal_run_time[m[K’
  115 |         g_combined_data.total_run_time = msg.[01;31m[Ktotal_run_time[m[K;
      |                                              [01;31m[K^~~~~~~~~~~~~~[m[K
[01m[K/home/xcy/ros2_ws/src/cpp_topic/src/cpp_sub_spiral.cpp:[m[K In member function ‘[01m[Kvoid CombinedSubscriber::timer_callback()[m[K’:
[01m[K/home/xcy/ros2_ws/src/cpp_topic/src/cpp_sub_spiral.cpp:140:25:[m[K [01;31m[Kerror: [m[K‘[01m[Kusing StatusData = struct onix_backend_messages::msg::StatusData_<std::allocator<void> >[m[K’ {aka ‘[01m[Kstruct onix_backend_messages::msg::StatusData_<std::allocator<void> >[m[K’} has no member named ‘[01m[Ksteer[m[K’; did you mean ‘[01m[Kr_steer[m[K’?
  140 |         status_data_msg.[01;31m[Ksteer[m[K = g_combined_data.steer;
      |                         [01;31m[K^~~~~[m[K
      |                         [32m[Kr_steer[m[K
[01m[K/home/xcy/ros2_ws/src/cpp_topic/src/cpp_sub_spiral.cpp:147:25:[m[K [01;31m[Kerror: [m[K‘[01m[Kusing StatusData = struct onix_backend_messages::msg::StatusData_<std::allocator<void> >[m[K’ {aka ‘[01m[Kstruct onix_backend_messages::msg::StatusData_<std::allocator<void> >[m[K’} has no member named ‘[01m[Ksteer_angles[m[K’; did you mean ‘[01m[Ksteer_angle[m[K’?
  147 |         status_data_msg.[01;31m[Ksteer_angles[m[K = g_combined_data.steer_angles;
      |                         [01;31m[K^~~~~~~~~~~~[m[K
      |                         [32m[Ksteer_angle[m[K
[01m[K/home/xcy/ros2_ws/src/cpp_topic/src/cpp_sub_spiral.cpp:148:25:[m[K [01;31m[Kerror: [m[K‘[01m[Kusing StatusData = struct onix_backend_messages::msg::StatusData_<std::allocator<void> >[m[K’ {aka ‘[01m[Kstruct onix_backend_messages::msg::StatusData_<std::allocator<void> >[m[K’} has no member named ‘[01m[Kr_steer_angles[m[K’; did you mean ‘[01m[Kr_steer_angle[m[K’?
  148 |         status_data_msg.[01;31m[Kr_steer_angles[m[K = g_combined_data.r_steer_angles;
      |                         [01;31m[K^~~~~~~~~~~~~~[m[K
      |                         [32m[Kr_steer_angle[m[K
[01m[K/home/xcy/ros2_ws/src/cpp_topic/src/cpp_sub_spiral.cpp:151:25:[m[K [01;31m[Kerror: [m[K‘[01m[Kusing StatusData = struct onix_backend_messages::msg::StatusData_<std::allocator<void> >[m[K’ {aka ‘[01m[Kstruct onix_backend_messages::msg::StatusData_<std::allocator<void> >[m[K’} has no member named ‘[01m[Ktoday_odo[m[K’; did you mean ‘[01m[Ktodays_odo[m[K’?
  151 |         status_data_msg.[01;31m[Ktoday_odo[m[K = g_combined_data.today_odo;
      |                         [01;31m[K^~~~~~~~~[m[K
      |                         [32m[Ktodays_odo[m[K
[01m[K/home/xcy/ros2_ws/src/cpp_topic/src/cpp_sub_spiral.cpp:153:25:[m[K [01;31m[Kerror: [m[K‘[01m[Kusing StatusData = struct onix_backend_messages::msg::StatusData_<std::allocator<void> >[m[K’ {aka ‘[01m[Kstruct onix_backend_messages::msg::StatusData_<std::allocator<void> >[m[K’} has no member named ‘[01m[Ktotal_run_time[m[K’; did you mean ‘[01m[Ktotal_time[m[K’?
  153 |         status_data_msg.[01;31m[Ktotal_run_time[m[K = g_combined_data.total_run_time;
      |                         [01;31m[K^~~~~~~~~~~~~~[m[K
      |                         [32m[Ktotal_time[m[K
make[2]: *** [CMakeFiles/cpp_sub_spiral.dir/build.make:63: CMakeFiles/cpp_sub_spiral.dir/src/cpp_sub_spiral.cpp.o] Error 1
make[1]: *** [CMakeFiles/Makefile2:78: CMakeFiles/cpp_sub_spiral.dir/all] Error 2
make: *** [Makefile:141: all] Error 2
