[35m[1mScanning dependencies of target cpp_sub_spiral[0m
[ 50%] [32mBuilding CXX object CMakeFiles/cpp_sub_spiral.dir/src/cpp_sub_spiral.cpp.o[0m
[01m[K/home/xcy/ros2_ws/src/cpp_topic/src/cpp_sub_spiral.cpp:[m[K In member function ‘[01m[Kvoid CombinedSubscriber::system_config_callback(onix_backend_messages::msg::SystemConfig_<std::allocator<void> >::SharedPtr)[m[K’:
[01m[K/home/xcy/ros2_ws/src/cpp_topic/src/cpp_sub_spiral.cpp:57:52:[m[K [01;31m[Kerror: [m[Kno matching function for call to ‘[01m[Kstoll(onix_backend_messages::msg::SystemConfig_<std::allocator<void> >::_rssi_type&)[m[K’
   57 |         g_combined_data.rssi = std::stoll(msg->rssi[01;31m[K)[m[K;
      |                                                    [01;31m[K^[m[K
In file included from [01m[K/usr/include/c++/9/string:55[m[K,
                 from [01m[K/usr/include/c++/9/stdexcept:39[m[K,
                 from [01m[K/usr/include/c++/9/array:39[m[K,
                 from [01m[K/usr/include/c++/9/tuple:39[m[K,
                 from [01m[K/usr/include/c++/9/bits/unique_ptr.h:37[m[K,
                 from [01m[K/usr/include/c++/9/memory:80[m[K,
                 from [01m[K/home/xcy/ros2_ws/src/cpp_topic/src/cpp_sub_spiral.cpp:1[m[K:
[01m[K/usr/include/c++/9/bits/basic_string.h:6521:3:[m[K [01;36m[Knote: [m[Kcandidate: ‘[01m[Klong long int std::__cxx11::stoll(const string&, std::size_t*, int)[m[K’
 6521 |   [01;36m[Kstoll[m[K(const string& __str, size_t* __idx = 0, int __base = 10)
      |   [01;36m[K^~~~~[m[K
[01m[K/usr/include/c++/9/bits/basic_string.h:6521:23:[m[K [01;36m[Knote: [m[K  no known conversion for argument 1 from ‘[01m[Konix_backend_messages::msg::SystemConfig_<std::allocator<void> >::_rssi_type[m[K’ {aka ‘[01m[Klong int[m[K’} to ‘[01m[Kconst string&[m[K’ {aka ‘[01m[Kconst std::__cxx11::basic_string<char>&[m[K’}
 6521 |   stoll([01;36m[Kconst string& __str[m[K, size_t* __idx = 0, int __base = 10)
      |         [01;36m[K~~~~~~~~~~~~~~^~~~~[m[K
[01m[K/usr/include/c++/9/bits/basic_string.h:6627:3:[m[K [01;36m[Knote: [m[Kcandidate: ‘[01m[Klong long int std::__cxx11::stoll(const wstring&, std::size_t*, int)[m[K’
 6627 |   [01;36m[Kstoll[m[K(const wstring& __str, size_t* __idx = 0, int __base = 10)
      |   [01;36m[K^~~~~[m[K
[01m[K/usr/include/c++/9/bits/basic_string.h:6627:24:[m[K [01;36m[Knote: [m[K  no known conversion for argument 1 from ‘[01m[Konix_backend_messages::msg::SystemConfig_<std::allocator<void> >::_rssi_type[m[K’ {aka ‘[01m[Klong int[m[K’} to ‘[01m[Kconst wstring&[m[K’ {aka ‘[01m[Kconst std::__cxx11::basic_string<wchar_t>&[m[K’}
 6627 |   stoll([01;36m[Kconst wstring& __str[m[K, size_t* __idx = 0, int __base = 10)
      |         [01;36m[K~~~~~~~~~~~~~~~^~~~~[m[K
make[2]: *** [CMakeFiles/cpp_sub_spiral.dir/build.make:63: CMakeFiles/cpp_sub_spiral.dir/src/cpp_sub_spiral.cpp.o] Error 1
make[1]: *** [CMakeFiles/Makefile2:78: CMakeFiles/cpp_sub_spiral.dir/all] Error 2
make: *** [Makefile:141: all] Error 2
