[35m[1mScanning dependencies of target cpp_sub_spiral[0m
[ 50%] Built target cpp_pub_spiral
[ 75%] [32mBuilding CXX object CMakeFiles/cpp_sub_spiral.dir/src/cpp_sub_spiral.cpp.o[0m
[01m[K/home/xcy/ros2_ws/src/cpp_topic/src/cpp_sub_spiral.cpp:[m[K In member function ‘[01m[Kvoid MinimalSubscriber::topic_callback(onix_backend_messages::msg::SystemConfig_<std::allocator<void> >::SharedPtr)[m[K’:
[01m[K/home/xcy/ros2_ws/src/cpp_topic/src/cpp_sub_spiral.cpp:27:39:[m[K [01;31m[Kerror: [m[K‘[01m[Kusing element_type = struct onix_backend_messages::msg::SystemConfig_<std::allocator<void> >[m[K’ {aka ‘[01m[Kstruct onix_backend_messages::msg::SystemConfig_<std::allocator<void> >[m[K’} has no member named ‘[01m[Ktime[m[K’
   27 |         status_data_msg_->time = msg->[01;31m[Ktime[m[K;
      |                                       [01;31m[K^~~~[m[K
[01m[K/home/xcy/ros2_ws/src/cpp_topic/src/cpp_sub_spiral.cpp:28:53:[m[K [01;31m[Kerror: [m[Kcannot convert ‘[01m[Konix_backend_messages::msg::SystemConfig_<std::allocator<void> >::_controller_voltage_type[m[K’ {aka ‘[01m[Kstd::__cxx11::basic_string<char>[m[K’} to ‘[01m[Konix_backend_messages::msg::StatusData_<std::allocator<void> >::_controller_voltage_type[m[K’ {aka ‘[01m[Klong int[m[K’} in assignment
   28 |         status_data_msg_->controller_voltage = [01;31m[Kmsg->controller_voltage[m[K;
      |                                                [01;31m[K~~~~~^~~~~~~~~~~~~~~~~~[m[K
      |                                                     [01;31m[K|[m[K
      |                                                     [01;31m[Konix_backend_messages::msg::SystemConfig_<std::allocator<void> >::_controller_voltage_type {aka std::__cxx11::basic_string<char>}[m[K
[01m[K/home/xcy/ros2_ws/src/cpp_topic/src/cpp_sub_spiral.cpp:29:45:[m[K [01;31m[Kerror: [m[K‘[01m[Kusing element_type = struct onix_backend_messages::msg::SystemConfig_<std::allocator<void> >[m[K’ {aka ‘[01m[Kstruct onix_backend_messages::msg::SystemConfig_<std::allocator<void> >[m[K’} has no member named ‘[01m[Ktotal_time[m[K’; did you mean ‘[01m[Ktotal_run_time[m[K’?
   29 |         status_data_msg_->total_time = msg->[01;31m[Ktotal_time[m[K;
      |                                             [01;31m[K^~~~~~~~~~[m[K
      |                                             [32m[Ktotal_run_time[m[K
[01m[K/home/xcy/ros2_ws/src/cpp_topic/src/cpp_sub_spiral.cpp:32:39:[m[K [01;31m[Kerror: [m[Kcannot convert ‘[01m[Konix_backend_messages::msg::SystemConfig_<std::allocator<void> >::_rssi_type[m[K’ {aka ‘[01m[Kstd::__cxx11::basic_string<char>[m[K’} to ‘[01m[Konix_backend_messages::msg::StatusData_<std::allocator<void> >::_rssi_type[m[K’ {aka ‘[01m[Klong int[m[K’} in assignment
   32 |         status_data_msg_->rssi = [01;31m[Kmsg->rssi[m[K;
      |                                  [01;31m[K~~~~~^~~~[m[K
      |                                       [01;31m[K|[m[K
      |                                       [01;31m[Konix_backend_messages::msg::SystemConfig_<std::allocator<void> >::_rssi_type {aka std::__cxx11::basic_string<char>}[m[K
make[2]: *** [CMakeFiles/cpp_sub_spiral.dir/build.make:63: CMakeFiles/cpp_sub_spiral.dir/src/cpp_sub_spiral.cpp.o] Error 1
make[1]: *** [CMakeFiles/Makefile2:80: CMakeFiles/cpp_sub_spiral.dir/all] Error 2
make: *** [Makefile:141: all] Error 2
