-- Found ament_cmake: 0.9.12 (/opt/ros/foxy/share/ament_cmake/cmake)
-- Using PYTHON_EXECUTABLE: /usr/bin/python3
-- Found rclcpp: 2.4.3 (/opt/ros/foxy/share/rclcpp/cmake)
-- Using all available rosidl_typesupport_c: rosidl_typesupport_fastrtps_c;rosidl_typesupport_introspection_c
-- Found rosidl_adapter: 1.3.1 (/opt/ros/foxy/share/rosidl_adapter/cmake)
-- Using all available rosidl_typesupport_cpp: rosidl_typesupport_fastrtps_cpp;rosidl_typesupport_introspection_cpp
-- Found rmw_implementation_cmake: 1.0.4 (/opt/ros/foxy/share/rmw_implementation_cmake/cmake)
-- Using RMW implementation 'rmw_fastrtps_cpp' as default
-- Found geometry_msgs: 2.0.5 (/opt/ros/foxy/share/geometry_msgs/cmake)
-- Found ament_lint_auto: 0.9.8 (/opt/ros/foxy/share/ament_lint_auto/cmake)
-- Added test 'copyright' to check source files copyright and LICENSE
-- Added test 'cppcheck' to perform static code analysis on C / C++ code
-- Configured cppcheck include dirs: 
-- Configured cppcheck exclude dirs and/or files: 
-- Added test 'cpplint' to check C / C++ code against the Google style
-- Configured cpplint exclude dirs and/or files: 
-- Added test 'lint_cmake' to check CMake code style
-- Added test 'uncrustify' to check C / C++ code style
-- Configured uncrustify additional arguments: 
-- Added test 'xmllint' to check XML markup files
-- Configuring done
-- Generating done
-- Build files have been written to: /home/xcy/ros2_ws/build/cpp_topic
[35m[1mScanning dependencies of target cpp_pub_spiral[0m
[35m[1mScanning dependencies of target cpp_sub_spiral[0m
[ 50%] [32mBuilding CXX object CMakeFiles/cpp_pub_spiral.dir/src/cpp_pub_spiral.cpp.o[0m
[ 50%] [32mBuilding CXX object CMakeFiles/cpp_sub_spiral.dir/src/cpp_sub_spiral.cpp.o[0m
[ 75%] [32m[1mLinking CXX executable cpp_pub_spiral[0m
[ 75%] Built target cpp_pub_spiral
[100%] [32m[1mLinking CXX executable cpp_sub_spiral[0m
[100%] Built target cpp_sub_spiral
-- Install configuration: ""
-- Installing: /home/xcy/ros2_ws/install/cpp_topic/lib/cpp_topic/cpp_pub_spiral
-- Set runtime path of "/home/xcy/ros2_ws/install/cpp_topic/lib/cpp_topic/cpp_pub_spiral" to ""
-- Installing: /home/xcy/ros2_ws/install/cpp_topic/lib/cpp_topic/cpp_sub_spiral
-- Set runtime path of "/home/xcy/ros2_ws/install/cpp_topic/lib/cpp_topic/cpp_sub_spiral" to ""
-- Installing: /home/xcy/ros2_ws/install/cpp_topic/share/ament_index/resource_index/package_run_dependencies/cpp_topic
-- Installing: /home/xcy/ros2_ws/install/cpp_topic/share/ament_index/resource_index/parent_prefix_path/cpp_topic
-- Installing: /home/xcy/ros2_ws/install/cpp_topic/share/cpp_topic/environment/ament_prefix_path.sh
-- Installing: /home/xcy/ros2_ws/install/cpp_topic/share/cpp_topic/environment/ament_prefix_path.dsv
-- Installing: /home/xcy/ros2_ws/install/cpp_topic/share/cpp_topic/environment/path.sh
-- Installing: /home/xcy/ros2_ws/install/cpp_topic/share/cpp_topic/environment/path.dsv
-- Installing: /home/xcy/ros2_ws/install/cpp_topic/share/cpp_topic/local_setup.bash
-- Installing: /home/xcy/ros2_ws/install/cpp_topic/share/cpp_topic/local_setup.sh
-- Installing: /home/xcy/ros2_ws/install/cpp_topic/share/cpp_topic/local_setup.zsh
-- Installing: /home/xcy/ros2_ws/install/cpp_topic/share/cpp_topic/local_setup.dsv
-- Installing: /home/xcy/ros2_ws/install/cpp_topic/share/cpp_topic/package.dsv
-- Installing: /home/xcy/ros2_ws/install/cpp_topic/share/ament_index/resource_index/packages/cpp_topic
-- Installing: /home/xcy/ros2_ws/install/cpp_topic/share/cpp_topic/cmake/cpp_topicConfig.cmake
-- Installing: /home/xcy/ros2_ws/install/cpp_topic/share/cpp_topic/cmake/cpp_topicConfig-version.cmake
-- Installing: /home/xcy/ros2_ws/install/cpp_topic/share/cpp_topic/package.xml
