[01m[K/home/xcy/ros2_ws/src/cpp_topic/src/cpp_sub_spiral.cpp:42:11:[m[K [01;31m[Kerror: [m[Kredeclaration of ‘[01m[Kfloat CombinedData::total_time[m[K’
   42 |     float [01;31m[Ktotal_time[m[K;
      |           [01;31m[K^~~~~~~~~~[m[K
[01m[K/home/xcy/ros2_ws/src/cpp_topic/src/cpp_sub_spiral.cpp:16:13:[m[K [01;36m[Knote: [m[Kprevious declaration ‘[01m[Kint64_t CombinedData::total_time[m[K’
   16 |     int64_t [01;36m[Ktotal_time[m[K;
      |             [01;36m[K^~~~~~~~~~[m[K
[01m[K/home/xcy/ros2_ws/src/cpp_topic/src/cpp_sub_spiral.cpp:[m[K In member function ‘[01m[Kvoid CombinedSubscriber::timer_callback()[m[K’:
[01m[K/home/xcy/ros2_ws/src/cpp_topic/src/cpp_sub_spiral.cpp:145:25:[m[K [01;31m[Kerror: [m[K‘[01m[Kusing StatusData = struct onix_backend_messages::msg::StatusData_<std::allocator<void> >[m[K’ {aka ‘[01m[Kstruct onix_backend_messages::msg::StatusData_<std::allocator<void> >[m[K’} has no member named ‘[01m[Ksteer[m[K’; did you mean ‘[01m[Kr_steer[m[K’?
  145 |         status_data_msg.[01;31m[Ksteer[m[K = g_combined_data.steer;
      |                         [01;31m[K^~~~~[m[K
      |                         [32m[Kr_steer[m[K
[01m[K/home/xcy/ros2_ws/src/cpp_topic/src/cpp_sub_spiral.cpp:152:25:[m[K [01;31m[Kerror: [m[K‘[01m[Kusing StatusData = struct onix_backend_messages::msg::StatusData_<std::allocator<void> >[m[K’ {aka ‘[01m[Kstruct onix_backend_messages::msg::StatusData_<std::allocator<void> >[m[K’} has no member named ‘[01m[Ksteer_angles[m[K’; did you mean ‘[01m[Ksteer_angle[m[K’?
  152 |         status_data_msg.[01;31m[Ksteer_angles[m[K = g_combined_data.steer_angles;
      |                         [01;31m[K^~~~~~~~~~~~[m[K
      |                         [32m[Ksteer_angle[m[K
[01m[K/home/xcy/ros2_ws/src/cpp_topic/src/cpp_sub_spiral.cpp:153:25:[m[K [01;31m[Kerror: [m[K‘[01m[Kusing StatusData = struct onix_backend_messages::msg::StatusData_<std::allocator<void> >[m[K’ {aka ‘[01m[Kstruct onix_backend_messages::msg::StatusData_<std::allocator<void> >[m[K’} has no member named ‘[01m[Kr_steer_angles[m[K’; did you mean ‘[01m[Kr_steer_angle[m[K’?
  153 |         status_data_msg.[01;31m[Kr_steer_angles[m[K = g_combined_data.r_steer_angles;
      |                         [01;31m[K^~~~~~~~~~~~~~[m[K
      |                         [32m[Kr_steer_angle[m[K
[01m[K/home/xcy/ros2_ws/src/cpp_topic/src/cpp_sub_spiral.cpp:156:25:[m[K [01;31m[Kerror: [m[K‘[01m[Kusing StatusData = struct onix_backend_messages::msg::StatusData_<std::allocator<void> >[m[K’ {aka ‘[01m[Kstruct onix_backend_messages::msg::StatusData_<std::allocator<void> >[m[K’} has no member named ‘[01m[Ktoday_odo[m[K’; did you mean ‘[01m[Ktodays_odo[m[K’?
  156 |         status_data_msg.[01;31m[Ktoday_odo[m[K = g_combined_data.today_odo;
      |                         [01;31m[K^~~~~~~~~[m[K
      |                         [32m[Ktodays_odo[m[K
[01m[K/home/xcy/ros2_ws/src/cpp_topic/src/cpp_sub_spiral.cpp:157:25:[m[K [01;31m[Kerror: [m[K‘[01m[Kusing StatusData = struct onix_backend_messages::msg::StatusData_<std::allocator<void> >[m[K’ {aka ‘[01m[Kstruct onix_backend_messages::msg::StatusData_<std::allocator<void> >[m[K’} has no member named ‘[01m[Kodom_time[m[K’
  157 |         status_data_msg.[01;31m[Kodom_time[m[K = g_combined_data.odom_time;
      |                         [01;31m[K^~~~~~~~~[m[K
make[2]: *** [CMakeFiles/cpp_sub_spiral.dir/build.make:63: CMakeFiles/cpp_sub_spiral.dir/src/cpp_sub_spiral.cpp.o] Error 1
make[1]: *** [CMakeFiles/Makefile2:78: CMakeFiles/cpp_sub_spiral.dir/all] Error 2
make: *** [Makefile:141: all] Error 2
