[1.881s] DEBUG:colcon:Command line arguments: ['/usr/bin/colcon', 'build']
[1.881s] DEBUG:colcon:Parsed command line arguments: Namespace(allow_overriding=[], ament_cmake_args=None, base_paths=['.'], build_base='build', catkin_cmake_args=None, catkin_skip_building_tests=False, cmake_args=None, cmake_clean_cache=False, cmake_clean_first=False, cmake_force_configure=False, cmake_target=None, cmake_target_skip_unavailable=False, continue_on_error=False, event_handlers=None, executor='parallel', ignore_user_meta=False, install_base='install', log_base=None, log_level=None, main=<bound method BuildVerb.main of <colcon_core.verb.build.BuildVerb object at 0x7f99e06f4c40>>, merge_install=False, metas=['./colcon.meta'], packages_above=None, packages_above_and_dependencies=None, packages_above_depth=None, packages_end=None, packages_ignore=None, packages_ignore_regex=None, packages_select=None, packages_select_build_failed=False, packages_select_by_dep=None, packages_select_regex=None, packages_select_test_failures=False, packages_skip=None, packages_skip_build_finished=False, packages_skip_by_dep=None, packages_skip_regex=None, packages_skip_test_passed=False, packages_skip_up_to=None, packages_start=None, packages_up_to=None, packages_up_to_regex=None, parallel_workers=8, paths=None, symlink_install=False, test_result_base=None, verb_extension=<colcon_core.verb.build.BuildVerb object at 0x7f99e06f4c40>, verb_name='build', verb_parser=<colcon_defaults.argument_parser.defaults.DefaultArgumentsDecorator object at 0x7f99e067f1f0>)
[1.962s] Level 1:colcon.colcon_core.package_discovery:discover_packages(colcon_meta) check parameters
[1.962s] Level 1:colcon.colcon_core.package_discovery:discover_packages(recursive) check parameters
[1.962s] Level 1:colcon.colcon_core.package_discovery:discover_packages(ignore) check parameters
[1.962s] Level 1:colcon.colcon_core.package_discovery:discover_packages(path) check parameters
[1.962s] Level 1:colcon.colcon_core.package_discovery:discover_packages(colcon_meta) discover
[1.962s] Level 1:colcon.colcon_core.package_discovery:discover_packages(recursive) discover
[1.962s] INFO:colcon.colcon_core.package_discovery:Crawling recursively for packages in '/home/xcy/ros2_ws'
[1.962s] Level 1:colcon.colcon_core.package_identification:_identify(.) by extensions ['ignore', 'ignore_ament_install']
[1.962s] Level 1:colcon.colcon_core.package_identification:_identify(.) by extension 'ignore'
[1.962s] Level 1:colcon.colcon_core.package_identification:_identify(.) by extension 'ignore_ament_install'
[1.962s] Level 1:colcon.colcon_core.package_identification:_identify(.) by extensions ['colcon_pkg']
[1.962s] Level 1:colcon.colcon_core.package_identification:_identify(.) by extension 'colcon_pkg'
[1.962s] Level 1:colcon.colcon_core.package_identification:_identify(.) by extensions ['colcon_meta']
[1.962s] Level 1:colcon.colcon_core.package_identification:_identify(.) by extension 'colcon_meta'
[1.962s] Level 1:colcon.colcon_core.package_identification:_identify(.) by extensions ['ros']
[1.962s] Level 1:colcon.colcon_core.package_identification:_identify(.) by extension 'ros'
[1.972s] Level 1:colcon.colcon_core.package_identification:_identify(.) by extensions ['cmake', 'python']
[1.972s] Level 1:colcon.colcon_core.package_identification:_identify(.) by extension 'cmake'
[1.972s] Level 1:colcon.colcon_core.package_identification:_identify(.) by extension 'python'
[1.972s] Level 1:colcon.colcon_core.package_identification:_identify(.) by extensions ['python_setup_py']
[1.972s] Level 1:colcon.colcon_core.package_identification:_identify(.) by extension 'python_setup_py'
[1.972s] Level 1:colcon.colcon_core.package_identification:_identify(build) by extensions ['ignore', 'ignore_ament_install']
[1.972s] Level 1:colcon.colcon_core.package_identification:_identify(build) by extension 'ignore'
[1.972s] Level 1:colcon.colcon_core.package_identification:_identify(build) ignored
[1.972s] Level 1:colcon.colcon_core.package_identification:_identify(install) by extensions ['ignore', 'ignore_ament_install']
[1.972s] Level 1:colcon.colcon_core.package_identification:_identify(install) by extension 'ignore'
[1.972s] Level 1:colcon.colcon_core.package_identification:_identify(install) ignored
[1.973s] Level 1:colcon.colcon_core.package_identification:_identify(log) by extensions ['ignore', 'ignore_ament_install']
[1.973s] Level 1:colcon.colcon_core.package_identification:_identify(log) by extension 'ignore'
[1.973s] Level 1:colcon.colcon_core.package_identification:_identify(log) ignored
[1.973s] Level 1:colcon.colcon_core.package_identification:_identify(src) by extensions ['ignore', 'ignore_ament_install']
[1.973s] Level 1:colcon.colcon_core.package_identification:_identify(src) by extension 'ignore'
[1.973s] Level 1:colcon.colcon_core.package_identification:_identify(src) by extension 'ignore_ament_install'
[1.973s] Level 1:colcon.colcon_core.package_identification:_identify(src) by extensions ['colcon_pkg']
[1.973s] Level 1:colcon.colcon_core.package_identification:_identify(src) by extension 'colcon_pkg'
[1.973s] Level 1:colcon.colcon_core.package_identification:_identify(src) by extensions ['colcon_meta']
[1.973s] Level 1:colcon.colcon_core.package_identification:_identify(src) by extension 'colcon_meta'
[1.973s] Level 1:colcon.colcon_core.package_identification:_identify(src) by extensions ['ros']
[1.973s] Level 1:colcon.colcon_core.package_identification:_identify(src) by extension 'ros'
[1.973s] Level 1:colcon.colcon_core.package_identification:_identify(src) by extensions ['cmake', 'python']
[1.973s] Level 1:colcon.colcon_core.package_identification:_identify(src) by extension 'cmake'
[1.973s] Level 1:colcon.colcon_core.package_identification:_identify(src) by extension 'python'
[1.973s] Level 1:colcon.colcon_core.package_identification:_identify(src) by extensions ['python_setup_py']
[1.973s] Level 1:colcon.colcon_core.package_identification:_identify(src) by extension 'python_setup_py'
[1.973s] Level 1:colcon.colcon_core.package_identification:_identify(src/cpp_topic) by extensions ['ignore', 'ignore_ament_install']
[1.973s] Level 1:colcon.colcon_core.package_identification:_identify(src/cpp_topic) by extension 'ignore'
[1.973s] Level 1:colcon.colcon_core.package_identification:_identify(src/cpp_topic) by extension 'ignore_ament_install'
[1.974s] Level 1:colcon.colcon_core.package_identification:_identify(src/cpp_topic) by extensions ['colcon_pkg']
[1.974s] Level 1:colcon.colcon_core.package_identification:_identify(src/cpp_topic) by extension 'colcon_pkg'
[1.974s] Level 1:colcon.colcon_core.package_identification:_identify(src/cpp_topic) by extensions ['colcon_meta']
[1.974s] Level 1:colcon.colcon_core.package_identification:_identify(src/cpp_topic) by extension 'colcon_meta'
[1.974s] Level 1:colcon.colcon_core.package_identification:_identify(src/cpp_topic) by extensions ['ros']
[1.974s] Level 1:colcon.colcon_core.package_identification:_identify(src/cpp_topic) by extension 'ros'
[1.976s] DEBUG:colcon.colcon_core.package_identification:Package 'src/cpp_topic' with type 'ros.ament_cmake' and name 'cpp_topic'
[1.976s] Level 1:colcon.colcon_core.package_discovery:discover_packages(recursive) using defaults
[1.976s] Level 1:colcon.colcon_core.package_discovery:discover_packages(ignore) discover
[1.976s] Level 1:colcon.colcon_core.package_discovery:discover_packages(ignore) using defaults
[1.976s] Level 1:colcon.colcon_core.package_discovery:discover_packages(path) discover
[1.976s] Level 1:colcon.colcon_core.package_discovery:discover_packages(path) using defaults
[2.150s] Level 1:colcon.colcon_core.package_discovery:discover_packages(prefix_path) check parameters
[2.150s] Level 1:colcon.colcon_core.package_discovery:discover_packages(prefix_path) discover
[2.215s] DEBUG:colcon.colcon_installed_package_information.package_discovery:Found 2 installed packages in /home/xcy/ros2_ws3/install
[2.256s] DEBUG:colcon.colcon_installed_package_information.package_discovery:Found 1 installed packages in /home/xcy/ros2_ws/install
[2.289s] DEBUG:colcon.colcon_installed_package_information.package_discovery:Found 258 installed packages in /opt/ros/foxy
[2.291s] Level 1:colcon.colcon_core.package_discovery:discover_packages(prefix_path) using defaults
[2.411s] Level 5:colcon.colcon_core.verb:set package 'cpp_topic' build argument 'cmake_args' from command line to 'None'
[2.411s] Level 5:colcon.colcon_core.verb:set package 'cpp_topic' build argument 'cmake_target' from command line to 'None'
[2.411s] Level 5:colcon.colcon_core.verb:set package 'cpp_topic' build argument 'cmake_target_skip_unavailable' from command line to 'False'
[2.411s] Level 5:colcon.colcon_core.verb:set package 'cpp_topic' build argument 'cmake_clean_cache' from command line to 'False'
[2.411s] Level 5:colcon.colcon_core.verb:set package 'cpp_topic' build argument 'cmake_clean_first' from command line to 'False'
[2.411s] Level 5:colcon.colcon_core.verb:set package 'cpp_topic' build argument 'cmake_force_configure' from command line to 'False'
[2.411s] Level 5:colcon.colcon_core.verb:set package 'cpp_topic' build argument 'ament_cmake_args' from command line to 'None'
[2.411s] Level 5:colcon.colcon_core.verb:set package 'cpp_topic' build argument 'catkin_cmake_args' from command line to 'None'
[2.411s] Level 5:colcon.colcon_core.verb:set package 'cpp_topic' build argument 'catkin_skip_building_tests' from command line to 'False'
[2.411s] DEBUG:colcon.colcon_core.verb:Building package 'cpp_topic' with the following arguments: {'ament_cmake_args': None, 'build_base': '/home/xcy/ros2_ws/build/cpp_topic', 'catkin_cmake_args': None, 'catkin_skip_building_tests': False, 'cmake_args': None, 'cmake_clean_cache': False, 'cmake_clean_first': False, 'cmake_force_configure': False, 'cmake_target': None, 'cmake_target_skip_unavailable': False, 'install_base': '/home/xcy/ros2_ws/install/cpp_topic', 'merge_install': False, 'path': '/home/xcy/ros2_ws/src/cpp_topic', 'symlink_install': False, 'test_result_base': None}
[2.444s] INFO:colcon.colcon_core.executor:Executing jobs using 'parallel' executor
[2.483s] DEBUG:colcon.colcon_parallel_executor.executor.parallel:run_until_complete
[2.483s] INFO:colcon.colcon_ros.task.ament_cmake.build:Building ROS package in '/home/xcy/ros2_ws/src/cpp_topic' with build type 'ament_cmake'
[2.484s] INFO:colcon.colcon_cmake.task.cmake.build:Building CMake package in '/home/xcy/ros2_ws/src/cpp_topic'
[2.521s] INFO:colcon.colcon_core.plugin_system:Skipping extension 'colcon_core.shell.bat': Not used on non-Windows systems
[2.522s] INFO:colcon.colcon_core.shell:Skip shell extension 'powershell' for command environment: Not usable outside of PowerShell
[2.522s] DEBUG:colcon.colcon_core.shell:Skip shell extension 'dsv' for command environment
[2.665s] DEBUG:colcon.colcon_core.event_handler.log_command:Invoking command in '/home/xcy/ros2_ws/build/cpp_topic': CMAKE_PREFIX_PATH=${CMAKE_PREFIX_PATH}:/home/xcy/ros2_ws3/install/py_topic:/opt/ros/foxy /usr/bin/cmake --build /home/xcy/ros2_ws/build/cpp_topic -- -j8 -l8
[6.153s] DEBUG:colcon.colcon_core.event_handler.log_command:Invoked command in '/home/xcy/ros2_ws/build/cpp_topic' returned '2': CMAKE_PREFIX_PATH=${CMAKE_PREFIX_PATH}:/home/xcy/ros2_ws3/install/py_topic:/opt/ros/foxy /usr/bin/cmake --build /home/xcy/ros2_ws/build/cpp_topic -- -j8 -l8
[6.223s] Level 1:colcon.colcon_core.environment:create_environment_scripts_only(cpp_topic)
[6.260s] Level 1:colcon.colcon_core.environment:checking '/home/xcy/ros2_ws/install/cpp_topic' for CMake module files
[6.260s] Level 1:colcon.colcon_core.environment:checking '/home/xcy/ros2_ws/install/cpp_topic' for CMake config files
[6.261s] Level 1:colcon.colcon_core.shell:create_environment_hook('cpp_topic', 'cmake_prefix_path')
[6.292s] INFO:colcon.colcon_core.shell:Creating environment hook '/home/xcy/ros2_ws/install/cpp_topic/share/cpp_topic/hook/cmake_prefix_path.ps1'
[6.293s] INFO:colcon.colcon_core.shell:Creating environment descriptor '/home/xcy/ros2_ws/install/cpp_topic/share/cpp_topic/hook/cmake_prefix_path.dsv'
[6.293s] INFO:colcon.colcon_core.shell:Creating environment hook '/home/xcy/ros2_ws/install/cpp_topic/share/cpp_topic/hook/cmake_prefix_path.sh'
[6.294s] Level 1:colcon.colcon_core.environment:checking '/home/xcy/ros2_ws/install/cpp_topic/lib'
[6.294s] Level 1:colcon.colcon_core.environment:checking '/home/xcy/ros2_ws/install/cpp_topic/bin'
[6.294s] Level 1:colcon.colcon_core.environment:checking '/home/xcy/ros2_ws/install/cpp_topic/lib/pkgconfig/cpp_topic.pc'
[6.294s] Level 1:colcon.colcon_core.environment:checking '/home/xcy/ros2_ws/install/cpp_topic/lib/python3.8/site-packages'
[6.295s] Level 1:colcon.colcon_core.environment:checking '/home/xcy/ros2_ws/install/cpp_topic/bin'
[6.327s] INFO:colcon.colcon_core.shell:Creating package script '/home/xcy/ros2_ws/install/cpp_topic/share/cpp_topic/package.ps1'
[6.328s] INFO:colcon.colcon_core.shell:Creating package descriptor '/home/xcy/ros2_ws/install/cpp_topic/share/cpp_topic/package.dsv'
[6.329s] INFO:colcon.colcon_core.shell:Creating package script '/home/xcy/ros2_ws/install/cpp_topic/share/cpp_topic/package.sh'
[6.330s] INFO:colcon.colcon_core.shell:Creating package script '/home/xcy/ros2_ws/install/cpp_topic/share/cpp_topic/package.bash'
[6.330s] INFO:colcon.colcon_core.shell:Creating package script '/home/xcy/ros2_ws/install/cpp_topic/share/cpp_topic/package.zsh'
[6.331s] Level 1:colcon.colcon_core.environment:create_file_with_runtime_dependencies(/home/xcy/ros2_ws/install/cpp_topic/share/colcon-core/packages/cpp_topic)
[6.341s] DEBUG:colcon.colcon_parallel_executor.executor.parallel:closing loop
[6.341s] DEBUG:colcon.colcon_parallel_executor.executor.parallel:loop closed
[6.341s] DEBUG:colcon.colcon_parallel_executor.executor.parallel:run_until_complete finished with '2'
[6.341s] DEBUG:colcon.colcon_core.event_reactor:joining thread
[6.381s] INFO:colcon.colcon_core.plugin_system:Skipping extension 'colcon_notification.desktop_notification.terminal_notifier': Not used on non-Darwin systems
[6.381s] INFO:colcon.colcon_core.plugin_system:Skipping extension 'colcon_notification.desktop_notification.win32': Not used on non-Windows systems
[6.381s] INFO:colcon.colcon_notification.desktop_notification:Sending desktop notification using 'notify2'
[6.392s] DEBUG:colcon.colcon_core.event_reactor:joined thread
[6.430s] INFO:colcon.colcon_core.shell:Creating prefix script '/home/xcy/ros2_ws/install/local_setup.ps1'
[6.431s] INFO:colcon.colcon_core.shell:Creating prefix util module '/home/xcy/ros2_ws/install/_local_setup_util_ps1.py'
[6.432s] INFO:colcon.colcon_core.shell:Creating prefix chain script '/home/xcy/ros2_ws/install/setup.ps1'
[6.469s] INFO:colcon.colcon_core.shell:Creating prefix script '/home/xcy/ros2_ws/install/local_setup.sh'
[6.470s] INFO:colcon.colcon_core.shell:Creating prefix util module '/home/xcy/ros2_ws/install/_local_setup_util_sh.py'
[6.470s] INFO:colcon.colcon_core.shell:Creating prefix chain script '/home/xcy/ros2_ws/install/setup.sh'
[6.507s] INFO:colcon.colcon_core.shell:Creating prefix script '/home/xcy/ros2_ws/install/local_setup.bash'
[6.507s] INFO:colcon.colcon_core.shell:Creating prefix chain script '/home/xcy/ros2_ws/install/setup.bash'
[6.541s] INFO:colcon.colcon_core.shell:Creating prefix script '/home/xcy/ros2_ws/install/local_setup.zsh'
[6.542s] INFO:colcon.colcon_core.shell:Creating prefix chain script '/home/xcy/ros2_ws/install/setup.zsh'
