[2.020s] DEBUG:colcon:Command line arguments: ['/usr/bin/colcon', 'build']
[2.020s] DEBUG:colcon:Parsed command line arguments: Namespace(allow_overriding=[], ament_cmake_args=None, base_paths=['.'], build_base='build', catkin_cmake_args=None, catkin_skip_building_tests=False, cmake_args=None, cmake_clean_cache=False, cmake_clean_first=False, cmake_force_configure=False, cmake_target=None, cmake_target_skip_unavailable=False, continue_on_error=False, event_handlers=None, executor='parallel', ignore_user_meta=False, install_base='install', log_base=None, log_level=None, main=<bound method BuildVerb.main of <colcon_core.verb.build.BuildVerb object at 0x7f5ba99413a0>>, merge_install=False, metas=['./colcon.meta'], packages_above=None, packages_above_and_dependencies=None, packages_above_depth=None, packages_end=None, packages_ignore=None, packages_ignore_regex=None, packages_select=None, packages_select_build_failed=False, packages_select_by_dep=None, packages_select_regex=None, packages_select_test_failures=False, packages_skip=None, packages_skip_build_finished=False, packages_skip_by_dep=None, packages_skip_regex=None, packages_skip_test_passed=False, packages_skip_up_to=None, packages_start=None, packages_up_to=None, packages_up_to_regex=None, parallel_workers=8, paths=None, symlink_install=False, test_result_base=None, verb_extension=<colcon_core.verb.build.BuildVerb object at 0x7f5ba99413a0>, verb_name='build', verb_parser=<colcon_defaults.argument_parser.defaults.DefaultArgumentsDecorator object at 0x7f5ba9941880>)
[2.108s] Level 1:colcon.colcon_core.package_discovery:discover_packages(colcon_meta) check parameters
[2.108s] Level 1:colcon.colcon_core.package_discovery:discover_packages(recursive) check parameters
[2.108s] Level 1:colcon.colcon_core.package_discovery:discover_packages(ignore) check parameters
[2.108s] Level 1:colcon.colcon_core.package_discovery:discover_packages(path) check parameters
[2.108s] Level 1:colcon.colcon_core.package_discovery:discover_packages(colcon_meta) discover
[2.108s] Level 1:colcon.colcon_core.package_discovery:discover_packages(recursive) discover
[2.108s] INFO:colcon.colcon_core.package_discovery:Crawling recursively for packages in '/home/xcy/ros2_ws'
[2.108s] Level 1:colcon.colcon_core.package_identification:_identify(.) by extensions ['ignore', 'ignore_ament_install']
[2.109s] Level 1:colcon.colcon_core.package_identification:_identify(.) by extension 'ignore'
[2.109s] Level 1:colcon.colcon_core.package_identification:_identify(.) by extension 'ignore_ament_install'
[2.109s] Level 1:colcon.colcon_core.package_identification:_identify(.) by extensions ['colcon_pkg']
[2.109s] Level 1:colcon.colcon_core.package_identification:_identify(.) by extension 'colcon_pkg'
[2.109s] Level 1:colcon.colcon_core.package_identification:_identify(.) by extensions ['colcon_meta']
[2.109s] Level 1:colcon.colcon_core.package_identification:_identify(.) by extension 'colcon_meta'
[2.109s] Level 1:colcon.colcon_core.package_identification:_identify(.) by extensions ['ros']
[2.109s] Level 1:colcon.colcon_core.package_identification:_identify(.) by extension 'ros'
[2.119s] Level 1:colcon.colcon_core.package_identification:_identify(.) by extensions ['cmake', 'python']
[2.119s] Level 1:colcon.colcon_core.package_identification:_identify(.) by extension 'cmake'
[2.119s] Level 1:colcon.colcon_core.package_identification:_identify(.) by extension 'python'
[2.120s] Level 1:colcon.colcon_core.package_identification:_identify(.) by extensions ['python_setup_py']
[2.120s] Level 1:colcon.colcon_core.package_identification:_identify(.) by extension 'python_setup_py'
[2.120s] Level 1:colcon.colcon_core.package_identification:_identify(build) by extensions ['ignore', 'ignore_ament_install']
[2.120s] Level 1:colcon.colcon_core.package_identification:_identify(build) by extension 'ignore'
[2.120s] Level 1:colcon.colcon_core.package_identification:_identify(build) ignored
[2.120s] Level 1:colcon.colcon_core.package_identification:_identify(install) by extensions ['ignore', 'ignore_ament_install']
[2.120s] Level 1:colcon.colcon_core.package_identification:_identify(install) by extension 'ignore'
[2.120s] Level 1:colcon.colcon_core.package_identification:_identify(install) ignored
[2.120s] Level 1:colcon.colcon_core.package_identification:_identify(log) by extensions ['ignore', 'ignore_ament_install']
[2.120s] Level 1:colcon.colcon_core.package_identification:_identify(log) by extension 'ignore'
[2.120s] Level 1:colcon.colcon_core.package_identification:_identify(log) ignored
[2.121s] Level 1:colcon.colcon_core.package_identification:_identify(src) by extensions ['ignore', 'ignore_ament_install']
[2.121s] Level 1:colcon.colcon_core.package_identification:_identify(src) by extension 'ignore'
[2.121s] Level 1:colcon.colcon_core.package_identification:_identify(src) by extension 'ignore_ament_install'
[2.121s] Level 1:colcon.colcon_core.package_identification:_identify(src) by extensions ['colcon_pkg']
[2.121s] Level 1:colcon.colcon_core.package_identification:_identify(src) by extension 'colcon_pkg'
[2.121s] Level 1:colcon.colcon_core.package_identification:_identify(src) by extensions ['colcon_meta']
[2.121s] Level 1:colcon.colcon_core.package_identification:_identify(src) by extension 'colcon_meta'
[2.121s] Level 1:colcon.colcon_core.package_identification:_identify(src) by extensions ['ros']
[2.121s] Level 1:colcon.colcon_core.package_identification:_identify(src) by extension 'ros'
[2.121s] Level 1:colcon.colcon_core.package_identification:_identify(src) by extensions ['cmake', 'python']
[2.121s] Level 1:colcon.colcon_core.package_identification:_identify(src) by extension 'cmake'
[2.121s] Level 1:colcon.colcon_core.package_identification:_identify(src) by extension 'python'
[2.121s] Level 1:colcon.colcon_core.package_identification:_identify(src) by extensions ['python_setup_py']
[2.121s] Level 1:colcon.colcon_core.package_identification:_identify(src) by extension 'python_setup_py'
[2.121s] Level 1:colcon.colcon_core.package_identification:_identify(src/cpp_topic) by extensions ['ignore', 'ignore_ament_install']
[2.122s] Level 1:colcon.colcon_core.package_identification:_identify(src/cpp_topic) by extension 'ignore'
[2.122s] Level 1:colcon.colcon_core.package_identification:_identify(src/cpp_topic) by extension 'ignore_ament_install'
[2.122s] Level 1:colcon.colcon_core.package_identification:_identify(src/cpp_topic) by extensions ['colcon_pkg']
[2.122s] Level 1:colcon.colcon_core.package_identification:_identify(src/cpp_topic) by extension 'colcon_pkg'
[2.122s] Level 1:colcon.colcon_core.package_identification:_identify(src/cpp_topic) by extensions ['colcon_meta']
[2.122s] Level 1:colcon.colcon_core.package_identification:_identify(src/cpp_topic) by extension 'colcon_meta'
[2.122s] Level 1:colcon.colcon_core.package_identification:_identify(src/cpp_topic) by extensions ['ros']
[2.122s] Level 1:colcon.colcon_core.package_identification:_identify(src/cpp_topic) by extension 'ros'
[2.124s] DEBUG:colcon.colcon_core.package_identification:Package 'src/cpp_topic' with type 'ros.ament_cmake' and name 'cpp_topic'
[2.124s] Level 1:colcon.colcon_core.package_discovery:discover_packages(recursive) using defaults
[2.124s] Level 1:colcon.colcon_core.package_discovery:discover_packages(ignore) discover
[2.124s] Level 1:colcon.colcon_core.package_discovery:discover_packages(ignore) using defaults
[2.124s] Level 1:colcon.colcon_core.package_discovery:discover_packages(path) discover
[2.125s] Level 1:colcon.colcon_core.package_discovery:discover_packages(path) using defaults
[2.306s] Level 1:colcon.colcon_core.package_discovery:discover_packages(prefix_path) check parameters
[2.306s] Level 1:colcon.colcon_core.package_discovery:discover_packages(prefix_path) discover
[2.388s] DEBUG:colcon.colcon_installed_package_information.package_discovery:Found 2 installed packages in /home/xcy/ros2_ws3/install
[2.421s] DEBUG:colcon.colcon_installed_package_information.package_discovery:Found 1 installed packages in /home/xcy/ros2_ws/install
[2.457s] DEBUG:colcon.colcon_installed_package_information.package_discovery:Found 258 installed packages in /opt/ros/foxy
[2.458s] Level 1:colcon.colcon_core.package_discovery:discover_packages(prefix_path) using defaults
[2.589s] Level 5:colcon.colcon_core.verb:set package 'cpp_topic' build argument 'cmake_args' from command line to 'None'
[2.589s] Level 5:colcon.colcon_core.verb:set package 'cpp_topic' build argument 'cmake_target' from command line to 'None'
[2.589s] Level 5:colcon.colcon_core.verb:set package 'cpp_topic' build argument 'cmake_target_skip_unavailable' from command line to 'False'
[2.589s] Level 5:colcon.colcon_core.verb:set package 'cpp_topic' build argument 'cmake_clean_cache' from command line to 'False'
[2.589s] Level 5:colcon.colcon_core.verb:set package 'cpp_topic' build argument 'cmake_clean_first' from command line to 'False'
[2.589s] Level 5:colcon.colcon_core.verb:set package 'cpp_topic' build argument 'cmake_force_configure' from command line to 'False'
[2.589s] Level 5:colcon.colcon_core.verb:set package 'cpp_topic' build argument 'ament_cmake_args' from command line to 'None'
[2.589s] Level 5:colcon.colcon_core.verb:set package 'cpp_topic' build argument 'catkin_cmake_args' from command line to 'None'
[2.589s] Level 5:colcon.colcon_core.verb:set package 'cpp_topic' build argument 'catkin_skip_building_tests' from command line to 'False'
[2.589s] DEBUG:colcon.colcon_core.verb:Building package 'cpp_topic' with the following arguments: {'ament_cmake_args': None, 'build_base': '/home/xcy/ros2_ws/build/cpp_topic', 'catkin_cmake_args': None, 'catkin_skip_building_tests': False, 'cmake_args': None, 'cmake_clean_cache': False, 'cmake_clean_first': False, 'cmake_force_configure': False, 'cmake_target': None, 'cmake_target_skip_unavailable': False, 'install_base': '/home/xcy/ros2_ws/install/cpp_topic', 'merge_install': False, 'path': '/home/xcy/ros2_ws/src/cpp_topic', 'symlink_install': False, 'test_result_base': None}
[2.621s] INFO:colcon.colcon_core.executor:Executing jobs using 'parallel' executor
[2.654s] DEBUG:colcon.colcon_parallel_executor.executor.parallel:run_until_complete
[2.654s] INFO:colcon.colcon_ros.task.ament_cmake.build:Building ROS package in '/home/xcy/ros2_ws/src/cpp_topic' with build type 'ament_cmake'
[2.654s] INFO:colcon.colcon_cmake.task.cmake.build:Building CMake package in '/home/xcy/ros2_ws/src/cpp_topic'
[2.692s] INFO:colcon.colcon_core.plugin_system:Skipping extension 'colcon_core.shell.bat': Not used on non-Windows systems
[2.692s] INFO:colcon.colcon_core.shell:Skip shell extension 'powershell' for command environment: Not usable outside of PowerShell
[2.692s] DEBUG:colcon.colcon_core.shell:Skip shell extension 'dsv' for command environment
[2.839s] DEBUG:colcon.colcon_core.event_handler.log_command:Invoking command in '/home/xcy/ros2_ws/build/cpp_topic': CMAKE_PREFIX_PATH=${CMAKE_PREFIX_PATH}:/home/xcy/ros2_ws3/install/py_topic:/opt/ros/foxy /usr/bin/cmake --build /home/xcy/ros2_ws/build/cpp_topic -- -j8 -l8
[10.406s] DEBUG:colcon.colcon_core.event_handler.log_command:Invoked command in '/home/xcy/ros2_ws/build/cpp_topic' returned '0': CMAKE_PREFIX_PATH=${CMAKE_PREFIX_PATH}:/home/xcy/ros2_ws3/install/py_topic:/opt/ros/foxy /usr/bin/cmake --build /home/xcy/ros2_ws/build/cpp_topic -- -j8 -l8
[10.440s] DEBUG:colcon.colcon_core.event_handler.log_command:Invoking command in '/home/xcy/ros2_ws/build/cpp_topic': CMAKE_PREFIX_PATH=${CMAKE_PREFIX_PATH}:/home/xcy/ros2_ws3/install/py_topic:/opt/ros/foxy /usr/bin/cmake --install /home/xcy/ros2_ws/build/cpp_topic
[10.464s] Level 1:colcon.colcon_core.environment:create_environment_scripts_only(cpp_topic)
[10.464s] DEBUG:colcon.colcon_core.event_handler.log_command:Invoked command in '/home/xcy/ros2_ws/build/cpp_topic' returned '0': CMAKE_PREFIX_PATH=${CMAKE_PREFIX_PATH}:/home/xcy/ros2_ws3/install/py_topic:/opt/ros/foxy /usr/bin/cmake --install /home/xcy/ros2_ws/build/cpp_topic
[10.518s] Level 1:colcon.colcon_core.environment:checking '/home/xcy/ros2_ws/install/cpp_topic' for CMake module files
[10.518s] Level 1:colcon.colcon_core.environment:checking '/home/xcy/ros2_ws/install/cpp_topic' for CMake config files
[10.519s] Level 1:colcon.colcon_core.shell:create_environment_hook('cpp_topic', 'cmake_prefix_path')
[10.554s] INFO:colcon.colcon_core.shell:Creating environment hook '/home/xcy/ros2_ws/install/cpp_topic/share/cpp_topic/hook/cmake_prefix_path.ps1'
[10.555s] INFO:colcon.colcon_core.shell:Creating environment descriptor '/home/xcy/ros2_ws/install/cpp_topic/share/cpp_topic/hook/cmake_prefix_path.dsv'
[10.555s] INFO:colcon.colcon_core.shell:Creating environment hook '/home/xcy/ros2_ws/install/cpp_topic/share/cpp_topic/hook/cmake_prefix_path.sh'
[10.556s] Level 1:colcon.colcon_core.environment:checking '/home/xcy/ros2_ws/install/cpp_topic/lib'
[10.556s] Level 1:colcon.colcon_core.environment:checking '/home/xcy/ros2_ws/install/cpp_topic/bin'
[10.556s] Level 1:colcon.colcon_core.environment:checking '/home/xcy/ros2_ws/install/cpp_topic/lib/pkgconfig/cpp_topic.pc'
[10.557s] Level 1:colcon.colcon_core.environment:checking '/home/xcy/ros2_ws/install/cpp_topic/lib/python3.8/site-packages'
[10.557s] Level 1:colcon.colcon_core.environment:checking '/home/xcy/ros2_ws/install/cpp_topic/bin'
[10.591s] INFO:colcon.colcon_core.shell:Creating package script '/home/xcy/ros2_ws/install/cpp_topic/share/cpp_topic/package.ps1'
[10.592s] INFO:colcon.colcon_core.shell:Creating package descriptor '/home/xcy/ros2_ws/install/cpp_topic/share/cpp_topic/package.dsv'
[10.593s] INFO:colcon.colcon_core.shell:Creating package script '/home/xcy/ros2_ws/install/cpp_topic/share/cpp_topic/package.sh'
[10.594s] INFO:colcon.colcon_core.shell:Creating package script '/home/xcy/ros2_ws/install/cpp_topic/share/cpp_topic/package.bash'
[10.595s] INFO:colcon.colcon_core.shell:Creating package script '/home/xcy/ros2_ws/install/cpp_topic/share/cpp_topic/package.zsh'
[10.595s] Level 1:colcon.colcon_core.environment:create_file_with_runtime_dependencies(/home/xcy/ros2_ws/install/cpp_topic/share/colcon-core/packages/cpp_topic)
[10.651s] Level 1:colcon.colcon_core.environment:create_environment_scripts_only(cpp_topic)
[10.684s] Level 1:colcon.colcon_core.environment:checking '/home/xcy/ros2_ws/install/cpp_topic' for CMake module files
[10.684s] Level 1:colcon.colcon_core.environment:checking '/home/xcy/ros2_ws/install/cpp_topic' for CMake config files
[10.684s] Level 1:colcon.colcon_core.shell:create_environment_hook('cpp_topic', 'cmake_prefix_path')
[10.718s] INFO:colcon.colcon_core.shell:Creating environment hook '/home/xcy/ros2_ws/install/cpp_topic/share/cpp_topic/hook/cmake_prefix_path.ps1'
[10.718s] INFO:colcon.colcon_core.shell:Creating environment descriptor '/home/xcy/ros2_ws/install/cpp_topic/share/cpp_topic/hook/cmake_prefix_path.dsv'
[10.719s] INFO:colcon.colcon_core.shell:Creating environment hook '/home/xcy/ros2_ws/install/cpp_topic/share/cpp_topic/hook/cmake_prefix_path.sh'
[10.719s] Level 1:colcon.colcon_core.environment:checking '/home/xcy/ros2_ws/install/cpp_topic/lib'
[10.719s] Level 1:colcon.colcon_core.environment:checking '/home/xcy/ros2_ws/install/cpp_topic/bin'
[10.719s] Level 1:colcon.colcon_core.environment:checking '/home/xcy/ros2_ws/install/cpp_topic/lib/pkgconfig/cpp_topic.pc'
[10.719s] Level 1:colcon.colcon_core.environment:checking '/home/xcy/ros2_ws/install/cpp_topic/lib/python3.8/site-packages'
[10.719s] Level 1:colcon.colcon_core.environment:checking '/home/xcy/ros2_ws/install/cpp_topic/bin'
[10.754s] INFO:colcon.colcon_core.shell:Creating package script '/home/xcy/ros2_ws/install/cpp_topic/share/cpp_topic/package.ps1'
[10.754s] INFO:colcon.colcon_core.shell:Creating package descriptor '/home/xcy/ros2_ws/install/cpp_topic/share/cpp_topic/package.dsv'
[10.755s] INFO:colcon.colcon_core.shell:Creating package script '/home/xcy/ros2_ws/install/cpp_topic/share/cpp_topic/package.sh'
[10.755s] INFO:colcon.colcon_core.shell:Creating package script '/home/xcy/ros2_ws/install/cpp_topic/share/cpp_topic/package.bash'
[10.756s] INFO:colcon.colcon_core.shell:Creating package script '/home/xcy/ros2_ws/install/cpp_topic/share/cpp_topic/package.zsh'
[10.756s] Level 1:colcon.colcon_core.environment:create_file_with_runtime_dependencies(/home/xcy/ros2_ws/install/cpp_topic/share/colcon-core/packages/cpp_topic)
[10.756s] DEBUG:colcon.colcon_parallel_executor.executor.parallel:closing loop
[10.757s] DEBUG:colcon.colcon_parallel_executor.executor.parallel:loop closed
[10.757s] DEBUG:colcon.colcon_parallel_executor.executor.parallel:run_until_complete finished with '0'
[10.757s] DEBUG:colcon.colcon_core.event_reactor:joining thread
[10.798s] INFO:colcon.colcon_core.plugin_system:Skipping extension 'colcon_notification.desktop_notification.terminal_notifier': Not used on non-Darwin systems
[10.798s] INFO:colcon.colcon_core.plugin_system:Skipping extension 'colcon_notification.desktop_notification.win32': Not used on non-Windows systems
[10.798s] INFO:colcon.colcon_notification.desktop_notification:Sending desktop notification using 'notify2'
[10.809s] DEBUG:colcon.colcon_core.event_reactor:joined thread
[10.845s] INFO:colcon.colcon_core.shell:Creating prefix script '/home/xcy/ros2_ws/install/local_setup.ps1'
[10.846s] INFO:colcon.colcon_core.shell:Creating prefix util module '/home/xcy/ros2_ws/install/_local_setup_util_ps1.py'
[10.848s] INFO:colcon.colcon_core.shell:Creating prefix chain script '/home/xcy/ros2_ws/install/setup.ps1'
[10.884s] INFO:colcon.colcon_core.shell:Creating prefix script '/home/xcy/ros2_ws/install/local_setup.sh'
[10.884s] INFO:colcon.colcon_core.shell:Creating prefix util module '/home/xcy/ros2_ws/install/_local_setup_util_sh.py'
[10.885s] INFO:colcon.colcon_core.shell:Creating prefix chain script '/home/xcy/ros2_ws/install/setup.sh'
[10.920s] INFO:colcon.colcon_core.shell:Creating prefix script '/home/xcy/ros2_ws/install/local_setup.bash'
[10.921s] INFO:colcon.colcon_core.shell:Creating prefix chain script '/home/xcy/ros2_ws/install/setup.bash'
[10.958s] INFO:colcon.colcon_core.shell:Creating prefix script '/home/xcy/ros2_ws/install/local_setup.zsh'
[10.959s] INFO:colcon.colcon_core.shell:Creating prefix chain script '/home/xcy/ros2_ws/install/setup.zsh'
