[0.179s] Invoking command in '/home/xcy/ros2_ws/build/cpp_topic': CMAKE_PREFIX_PATH=${CMAKE_PREFIX_PATH}:/home/xcy/ros2_ws3/install/py_topic:/opt/ros/foxy /usr/bin/cmake --build /home/xcy/ros2_ws/build/cpp_topic -- -j8 -l8
[0.214s] [35m[1mScanning dependencies of target cpp_pub_spiral[0m
[0.230s] [ 50%] Built target cpp_sub_spiral
[0.240s] [ 75%] [32mBuilding CXX object CMakeFiles/cpp_pub_spiral.dir/src/cpp_pub_spiral.cpp.o[0m
[1.668s] [01m[K/home/xcy/ros2_ws/src/cpp_topic/src/cpp_pub_spiral.cpp:[m[K In member function ‘[01m[Kvoid StatusDataPublisher::topic_callback(onix_backend_messages::msg::StatusData_<std::allocator<void> >::SharedPtr)[m[K’:
[1.668s] [01m[K/home/xcy/ros2_ws/src/cpp_topic/src/cpp_pub_spiral.cpp:22:63:[m[K [01;31m[Kerror: [m[Kno match for ‘[01m[Koperator<<[m[K’ (operand types are ‘[01m[Kconst char [36][m[K’ and ‘[01m[Konix_backend_messages::msg::StatusData_<std::allocator<void> >::_mac_address_type[m[K’ {aka ‘[01m[Kstd::__cxx11::basic_string<char>[m[K’})
[1.669s]    22 |         ROS_INFO_STREAM([32m[K"Received StatusData - mac_address: "[m[K [01;31m[K<<[m[K [34m[Kmsg->mac_address[m[K
[1.669s]       |                         [32m[K~~~~~~~~~~~~~~~~~~~~~~~~~~~~~~~~~~~~~[m[K [01;31m[K^~[m[K [34m[K~~~~~~~~~~~~~~~~[m[K
[1.670s]       |                         [32m[K|[m[K                                             [34m[K|[m[K
[1.670s]       |                         [32m[Kconst char [36][m[K                               [34m[Konix_backend_messages::msg::StatusData_<std::allocator<void> >::_mac_address_type {aka std::__cxx11::basic_string<char>}[m[K
[1.670s] In file included from [01m[K/usr/include/c++/9/bits/basic_string.h:48[m[K,
[1.670s]                  from [01m[K/usr/include/c++/9/string:55[m[K,
[1.670s]                  from [01m[K/usr/include/c++/9/stdexcept:39[m[K,
[1.670s]                  from [01m[K/usr/include/c++/9/array:39[m[K,
[1.670s]                  from [01m[K/usr/include/c++/9/tuple:39[m[K,
[1.670s]                  from [01m[K/usr/include/c++/9/bits/unique_ptr.h:37[m[K,
[1.670s]                  from [01m[K/usr/include/c++/9/memory:80[m[K,
[1.670s]                  from [01m[K/home/xcy/ros2_ws/src/cpp_topic/src/cpp_pub_spiral.cpp:1[m[K:
[1.670s] [01m[K/usr/include/c++/9/string_view:580:5:[m[K [01;36m[Knote: [m[Kcandidate: ‘[01m[Ktemplate<class _CharT, class _Traits> std::basic_ostream<_CharT, _Traits>& std::operator<<(std::basic_ostream<_CharT, _Traits>&, std::basic_string_view<_CharT, _Traits>)[m[K’
[1.670s]   580 |     [01;36m[Koperator[m[K<<(basic_ostream<_CharT, _Traits>& __os,
[1.671s]       |     [01;36m[K^~~~~~~~[m[K
[1.671s] [01m[K/usr/include/c++/9/string_view:580:5:[m[K [01;36m[Knote: [m[K  template argument deduction/substitution failed:
[1.671s] [01m[K/home/xcy/ros2_ws/src/cpp_topic/src/cpp_pub_spiral.cpp:22:71:[m[K [01;36m[Knote: [m[K  mismatched types ‘[01m[Kstd::basic_ostream<_CharT, _Traits>[m[K’ and ‘[01m[Kconst char [36][m[K’
[1.671s]    22 |         ROS_INFO_STREAM("Received StatusData - mac_address: " << msg->[01;36m[Kmac_address[m[K
[1.671s]       |                                                                       [01;36m[K^~~~~~~~~~~[m[K
[1.671s] In file included from [01m[K/usr/include/c++/9/string:55[m[K,
[1.671s]                  from [01m[K/usr/include/c++/9/stdexcept:39[m[K,
[1.671s]                  from [01m[K/usr/include/c++/9/array:39[m[K,
[1.671s]                  from [01m[K/usr/include/c++/9/tuple:39[m[K,
[1.671s]                  from [01m[K/usr/include/c++/9/bits/unique_ptr.h:37[m[K,
[1.671s]                  from [01m[K/usr/include/c++/9/memory:80[m[K,
[1.671s]                  from [01m[K/home/xcy/ros2_ws/src/cpp_topic/src/cpp_pub_spiral.cpp:1[m[K:
[1.671s] [01m[K/usr/include/c++/9/bits/basic_string.h:6419:5:[m[K [01;36m[Knote: [m[Kcandidate: ‘[01m[Ktemplate<class _CharT, class _Traits, class _Alloc> std::basic_ostream<_CharT, _Traits>& std::operator<<(std::basic_ostream<_CharT, _Traits>&, const std::__cxx11::basic_string<_CharT, _Traits, _Allocator>&)[m[K’
[1.671s]  6419 |     [01;36m[Koperator[m[K<<(basic_ostream<_CharT, _Traits>& __os,
[1.671s]       |     [01;36m[K^~~~~~~~[m[K
[1.671s] [01m[K/usr/include/c++/9/bits/basic_string.h:6419:5:[m[K [01;36m[Knote: [m[K  template argument deduction/substitution failed:
[1.671s] [01m[K/home/xcy/ros2_ws/src/cpp_topic/src/cpp_pub_spiral.cpp:22:71:[m[K [01;36m[Knote: [m[K  mismatched types ‘[01m[Kstd::basic_ostream<_CharT, _Traits>[m[K’ and ‘[01m[Kconst char [36][m[K’
[1.672s]    22 |         ROS_INFO_STREAM("Received StatusData - mac_address: " << msg->[01;36m[Kmac_address[m[K
[1.672s]       |                                                                       [01;36m[K^~~~~~~~~~~[m[K
[1.672s] In file included from [01m[K/usr/include/c++/9/memory:81[m[K,
[1.672s]                  from [01m[K/home/xcy/ros2_ws/src/cpp_topic/src/cpp_pub_spiral.cpp:1[m[K:
[1.672s] [01m[K/usr/include/c++/9/bits/shared_ptr.h:66:5:[m[K [01;36m[Knote: [m[Kcandidate: ‘[01m[Ktemplate<class _Ch, class _Tr, class _Tp, __gnu_cxx::_Lock_policy _Lp> std::basic_ostream<_CharT, _Traits>& std::operator<<(std::basic_ostream<_CharT, _Traits>&, const std::__shared_ptr<_Tp, _Lp>&)[m[K’
[1.672s]    66 |     [01;36m[Koperator[m[K<<(std::basic_ostream<_Ch, _Tr>& __os,
[1.672s]       |     [01;36m[K^~~~~~~~[m[K
[1.672s] [01m[K/usr/include/c++/9/bits/shared_ptr.h:66:5:[m[K [01;36m[Knote: [m[K  template argument deduction/substitution failed:
[1.672s] [01m[K/home/xcy/ros2_ws/src/cpp_topic/src/cpp_pub_spiral.cpp:22:71:[m[K [01;36m[Knote: [m[K  mismatched types ‘[01m[Kstd::basic_ostream<_CharT, _Traits>[m[K’ and ‘[01m[Kconst char [36][m[K’
[1.672s]    22 |         ROS_INFO_STREAM("Received StatusData - mac_address: " << msg->[01;36m[Kmac_address[m[K
[1.672s]       |                                                                       [01;36m[K^~~~~~~~~~~[m[K
[1.672s] In file included from [01m[K/usr/include/c++/9/mutex:42[m[K,
[1.672s]                  from [01m[K/usr/include/c++/9/future:38[m[K,
[1.672s]                  from [01m[K/opt/ros/foxy/include/rclcpp/executors.hpp:18[m[K,
[1.673s]                  from [01m[K/opt/ros/foxy/include/rclcpp/rclcpp.hpp:146[m[K,
[1.673s]                  from [01m[K/home/xcy/ros2_ws/src/cpp_topic/src/cpp_pub_spiral.cpp:2[m[K:
[1.673s] [01m[K/usr/include/c++/9/system_error:217:5:[m[K [01;36m[Knote: [m[Kcandidate: ‘[01m[Ktemplate<class _CharT, class _Traits> std::basic_ostream<_CharT, _Traits>& std::operator<<(std::basic_ostream<_CharT, _Traits>&, const std::error_code&)[m[K’
[1.673s]   217 |     [01;36m[Koperator[m[K<<(basic_ostream<_CharT, _Traits>& __os, const error_code& __e)
[1.673s]       |     [01;36m[K^~~~~~~~[m[K
[1.673s] [01m[K/usr/include/c++/9/system_error:217:5:[m[K [01;36m[Knote: [m[K  template argument deduction/substitution failed:
[1.673s] [01m[K/home/xcy/ros2_ws/src/cpp_topic/src/cpp_pub_spiral.cpp:22:71:[m[K [01;36m[Knote: [m[K  mismatched types ‘[01m[Kstd::basic_ostream<_CharT, _Traits>[m[K’ and ‘[01m[Kconst char [36][m[K’
[1.673s]    22 |         ROS_INFO_STREAM("Received StatusData - mac_address: " << msg->[01;36m[Kmac_address[m[K
[1.673s]       |                                                                       [01;36m[K^~~~~~~~~~~[m[K
[1.673s] In file included from [01m[K/usr/include/c++/9/future:39[m[K,
[1.673s]                  from [01m[K/opt/ros/foxy/include/rclcpp/executors.hpp:18[m[K,
[1.673s]                  from [01m[K/opt/ros/foxy/include/rclcpp/rclcpp.hpp:146[m[K,
[1.673s]                  from [01m[K/home/xcy/ros2_ws/src/cpp_topic/src/cpp_pub_spiral.cpp:2[m[K:
[1.674s] [01m[K/usr/include/c++/9/thread:322:5:[m[K [01;36m[Knote: [m[Kcandidate: ‘[01m[Ktemplate<class _CharT, class _Traits> std::basic_ostream<_CharT, _Traits>& std::operator<<(std::basic_ostream<_CharT, _Traits>&, std::thread::id)[m[K’
[1.674s]   322 |     [01;36m[Koperator[m[K<<(basic_ostream<_CharT, _Traits>& __out, thread::id __id)
[1.674s]       |     [01;36m[K^~~~~~~~[m[K
[1.674s] [01m[K/usr/include/c++/9/thread:322:5:[m[K [01;36m[Knote: [m[K  template argument deduction/substitution failed:
[1.674s] [01m[K/home/xcy/ros2_ws/src/cpp_topic/src/cpp_pub_spiral.cpp:22:71:[m[K [01;36m[Knote: [m[K  mismatched types ‘[01m[Kstd::basic_ostream<_CharT, _Traits>[m[K’ and ‘[01m[Kconst char [36][m[K’
[1.674s]    22 |         ROS_INFO_STREAM("Received StatusData - mac_address: " << msg->[01;36m[Kmac_address[m[K
[1.674s]       |                                                                       [01;36m[K^~~~~~~~~~~[m[K
[1.674s] In file included from [01m[K/usr/include/c++/9/iostream:39[m[K,
[1.674s]                  from [01m[K/opt/ros/foxy/include/rclcpp/executor.hpp:22[m[K,
[1.674s]                  from [01m[K/opt/ros/foxy/include/rclcpp/executors/multi_threaded_executor.hpp:26[m[K,
[1.674s]                  from [01m[K/opt/ros/foxy/include/rclcpp/executors.hpp:21[m[K,
[1.674s]                  from [01m[K/opt/ros/foxy/include/rclcpp/rclcpp.hpp:146[m[K,
[1.674s]                  from [01m[K/home/xcy/ros2_ws/src/cpp_topic/src/cpp_pub_spiral.cpp:2[m[K:
[1.674s] [01m[K/usr/include/c++/9/ostream:506:5:[m[K [01;36m[Knote: [m[Kcandidate: ‘[01m[Ktemplate<class _CharT, class _Traits> std::basic_ostream<_CharT, _Traits>& std::operator<<(std::basic_ostream<_CharT, _Traits>&, _CharT)[m[K’
[1.675s]   506 |     [01;36m[Koperator[m[K<<(basic_ostream<_CharT, _Traits>& __out, _CharT __c)
[1.675s]       |     [01;36m[K^~~~~~~~[m[K
[1.675s] [01m[K/usr/include/c++/9/ostream:506:5:[m[K [01;36m[Knote: [m[K  template argument deduction/substitution failed:
[1.675s] [01m[K/home/xcy/ros2_ws/src/cpp_topic/src/cpp_pub_spiral.cpp:22:71:[m[K [01;36m[Knote: [m[K  mismatched types ‘[01m[Kstd::basic_ostream<_CharT, _Traits>[m[K’ and ‘[01m[Kconst char [36][m[K’
[1.675s]    22 |         ROS_INFO_STREAM("Received StatusData - mac_address: " << msg->[01;36m[Kmac_address[m[K
[1.675s]       |                                                                       [01;36m[K^~~~~~~~~~~[m[K
[1.675s] In file included from [01m[K/usr/include/c++/9/iostream:39[m[K,
[1.675s]                  from [01m[K/opt/ros/foxy/include/rclcpp/executor.hpp:22[m[K,
[1.675s]                  from [01m[K/opt/ros/foxy/include/rclcpp/executors/multi_threaded_executor.hpp:26[m[K,
[1.675s]                  from [01m[K/opt/ros/foxy/include/rclcpp/executors.hpp:21[m[K,
[1.675s]                  from [01m[K/opt/ros/foxy/include/rclcpp/rclcpp.hpp:146[m[K,
[1.675s]                  from [01m[K/home/xcy/ros2_ws/src/cpp_topic/src/cpp_pub_spiral.cpp:2[m[K:
[1.675s] [01m[K/usr/include/c++/9/ostream:511:5:[m[K [01;36m[Knote: [m[Kcandidate: ‘[01m[Ktemplate<class _CharT, class _Traits> std::basic_ostream<_CharT, _Traits>& std::operator<<(std::basic_ostream<_CharT, _Traits>&, char)[m[K’
[1.675s]   511 |     [01;36m[Koperator[m[K<<(basic_ostream<_CharT, _Traits>& __out, char __c)
[1.676s]       |     [01;36m[K^~~~~~~~[m[K
[1.676s] [01m[K/usr/include/c++/9/ostream:511:5:[m[K [01;36m[Knote: [m[K  template argument deduction/substitution failed:
[1.676s] [01m[K/home/xcy/ros2_ws/src/cpp_topic/src/cpp_pub_spiral.cpp:22:71:[m[K [01;36m[Knote: [m[K  mismatched types ‘[01m[Kstd::basic_ostream<_CharT, _Traits>[m[K’ and ‘[01m[Kconst char [36][m[K’
[1.676s]    22 |         ROS_INFO_STREAM("Received StatusData - mac_address: " << msg->[01;36m[Kmac_address[m[K
[1.676s]       |                                                                       [01;36m[K^~~~~~~~~~~[m[K
[1.676s] In file included from [01m[K/usr/include/c++/9/iostream:39[m[K,
[1.676s]                  from [01m[K/opt/ros/foxy/include/rclcpp/executor.hpp:22[m[K,
[1.676s]                  from [01m[K/opt/ros/foxy/include/rclcpp/executors/multi_threaded_executor.hpp:26[m[K,
[1.676s]                  from [01m[K/opt/ros/foxy/include/rclcpp/executors.hpp:21[m[K,
[1.676s]                  from [01m[K/opt/ros/foxy/include/rclcpp/rclcpp.hpp:146[m[K,
[1.676s]                  from [01m[K/home/xcy/ros2_ws/src/cpp_topic/src/cpp_pub_spiral.cpp:2[m[K:
[1.676s] [01m[K/usr/include/c++/9/ostream:517:5:[m[K [01;36m[Knote: [m[Kcandidate: ‘[01m[Ktemplate<class _Traits> std::basic_ostream<char, _Traits>& std::operator<<(std::basic_ostream<char, _Traits>&, char)[m[K’
[1.677s]   517 |     [01;36m[Koperator[m[K<<(basic_ostream<char, _Traits>& __out, char __c)
[1.677s]       |     [01;36m[K^~~~~~~~[m[K
[1.677s] [01m[K/usr/include/c++/9/ostream:517:5:[m[K [01;36m[Knote: [m[K  template argument deduction/substitution failed:
[1.677s] [01m[K/home/xcy/ros2_ws/src/cpp_topic/src/cpp_pub_spiral.cpp:22:71:[m[K [01;36m[Knote: [m[K  mismatched types ‘[01m[Kstd::basic_ostream<char, _Traits>[m[K’ and ‘[01m[Kconst char [36][m[K’
[1.677s]    22 |         ROS_INFO_STREAM("Received StatusData - mac_address: " << msg->[01;36m[Kmac_address[m[K
[1.677s]       |                                                                       [01;36m[K^~~~~~~~~~~[m[K
[1.677s] In file included from [01m[K/usr/include/c++/9/iostream:39[m[K,
[1.677s]                  from [01m[K/opt/ros/foxy/include/rclcpp/executor.hpp:22[m[K,
[1.677s]                  from [01m[K/opt/ros/foxy/include/rclcpp/executors/multi_threaded_executor.hpp:26[m[K,
[1.677s]                  from [01m[K/opt/ros/foxy/include/rclcpp/executors.hpp:21[m[K,
[1.677s]                  from [01m[K/opt/ros/foxy/include/rclcpp/rclcpp.hpp:146[m[K,
[1.677s]                  from [01m[K/home/xcy/ros2_ws/src/cpp_topic/src/cpp_pub_spiral.cpp:2[m[K:
[1.678s] [01m[K/usr/include/c++/9/ostream:523:5:[m[K [01;36m[Knote: [m[Kcandidate: ‘[01m[Ktemplate<class _Traits> std::basic_ostream<char, _Traits>& std::operator<<(std::basic_ostream<char, _Traits>&, signed char)[m[K’
[1.678s]   523 |     [01;36m[Koperator[m[K<<(basic_ostream<char, _Traits>& __out, signed char __c)
[1.678s]       |     [01;36m[K^~~~~~~~[m[K
[1.678s] [01m[K/usr/include/c++/9/ostream:523:5:[m[K [01;36m[Knote: [m[K  template argument deduction/substitution failed:
[1.678s] [01m[K/home/xcy/ros2_ws/src/cpp_topic/src/cpp_pub_spiral.cpp:22:71:[m[K [01;36m[Knote: [m[K  mismatched types ‘[01m[Kstd::basic_ostream<char, _Traits>[m[K’ and ‘[01m[Kconst char [36][m[K’
[1.678s]    22 |         ROS_INFO_STREAM("Received StatusData - mac_address: " << msg->[01;36m[Kmac_address[m[K
[1.678s]       |                                                                       [01;36m[K^~~~~~~~~~~[m[K
[1.678s] In file included from [01m[K/usr/include/c++/9/iostream:39[m[K,
[1.678s]                  from [01m[K/opt/ros/foxy/include/rclcpp/executor.hpp:22[m[K,
[1.678s]                  from [01m[K/opt/ros/foxy/include/rclcpp/executors/multi_threaded_executor.hpp:26[m[K,
[1.678s]                  from [01m[K/opt/ros/foxy/include/rclcpp/executors.hpp:21[m[K,
[1.678s]                  from [01m[K/opt/ros/foxy/include/rclcpp/rclcpp.hpp:146[m[K,
[1.678s]                  from [01m[K/home/xcy/ros2_ws/src/cpp_topic/src/cpp_pub_spiral.cpp:2[m[K:
[1.678s] [01m[K/usr/include/c++/9/ostream:528:5:[m[K [01;36m[Knote: [m[Kcandidate: ‘[01m[Ktemplate<class _Traits> std::basic_ostream<char, _Traits>& std::operator<<(std::basic_ostream<char, _Traits>&, unsigned char)[m[K’
[1.679s]   528 |     [01;36m[Koperator[m[K<<(basic_ostream<char, _Traits>& __out, unsigned char __c)
[1.679s]       |     [01;36m[K^~~~~~~~[m[K
[1.679s] [01m[K/usr/include/c++/9/ostream:528:5:[m[K [01;36m[Knote: [m[K  template argument deduction/substitution failed:
[1.679s] [01m[K/home/xcy/ros2_ws/src/cpp_topic/src/cpp_pub_spiral.cpp:22:71:[m[K [01;36m[Knote: [m[K  mismatched types ‘[01m[Kstd::basic_ostream<char, _Traits>[m[K’ and ‘[01m[Kconst char [36][m[K’
[1.679s]    22 |         ROS_INFO_STREAM("Received StatusData - mac_address: " << msg->[01;36m[Kmac_address[m[K
[1.679s]       |                                                                       [01;36m[K^~~~~~~~~~~[m[K
[1.679s] In file included from [01m[K/usr/include/c++/9/iostream:39[m[K,
[1.679s]                  from [01m[K/opt/ros/foxy/include/rclcpp/executor.hpp:22[m[K,
[1.679s]                  from [01m[K/opt/ros/foxy/include/rclcpp/executors/multi_threaded_executor.hpp:26[m[K,
[1.679s]                  from [01m[K/opt/ros/foxy/include/rclcpp/executors.hpp:21[m[K,
[1.679s]                  from [01m[K/opt/ros/foxy/include/rclcpp/rclcpp.hpp:146[m[K,
[1.679s]                  from [01m[K/home/xcy/ros2_ws/src/cpp_topic/src/cpp_pub_spiral.cpp:2[m[K:
[1.679s] [01m[K/usr/include/c++/9/ostream:548:5:[m[K [01;36m[Knote: [m[Kcandidate: ‘[01m[Ktemplate<class _CharT, class _Traits> std::basic_ostream<_CharT, _Traits>& std::operator<<(std::basic_ostream<_CharT, _Traits>&, const _CharT*)[m[K’
[1.679s]   548 |     [01;36m[Koperator[m[K<<(basic_ostream<_CharT, _Traits>& __out, const _CharT* __s)
[1.680s]       |     [01;36m[K^~~~~~~~[m[K
[1.680s] [01m[K/usr/include/c++/9/ostream:548:5:[m[K [01;36m[Knote: [m[K  template argument deduction/substitution failed:
[1.680s] [01m[K/home/xcy/ros2_ws/src/cpp_topic/src/cpp_pub_spiral.cpp:22:71:[m[K [01;36m[Knote: [m[K  mismatched types ‘[01m[Kstd::basic_ostream<_CharT, _Traits>[m[K’ and ‘[01m[Kconst char [36][m[K’
[1.680s]    22 |         ROS_INFO_STREAM("Received StatusData - mac_address: " << msg->[01;36m[Kmac_address[m[K
[1.680s]       |                                                                       [01;36m[K^~~~~~~~~~~[m[K
[1.680s] In file included from [01m[K/usr/include/c++/9/ostream:702[m[K,
[1.680s]                  from [01m[K/usr/include/c++/9/iostream:39[m[K,
[1.680s]                  from [01m[K/opt/ros/foxy/include/rclcpp/executor.hpp:22[m[K,
[1.680s]                  from [01m[K/opt/ros/foxy/include/rclcpp/executors/multi_threaded_executor.hpp:26[m[K,
[1.680s]                  from [01m[K/opt/ros/foxy/include/rclcpp/executors.hpp:21[m[K,
[1.680s]                  from [01m[K/opt/ros/foxy/include/rclcpp/rclcpp.hpp:146[m[K,
[1.680s]                  from [01m[K/home/xcy/ros2_ws/src/cpp_topic/src/cpp_pub_spiral.cpp:2[m[K:
[1.680s] [01m[K/usr/include/c++/9/bits/ostream.tcc:321:5:[m[K [01;36m[Knote: [m[Kcandidate: ‘[01m[Ktemplate<class _CharT, class _Traits> std::basic_ostream<_CharT, _Traits>& std::operator<<(std::basic_ostream<_CharT, _Traits>&, const char*)[m[K’
[1.680s]   321 |     [01;36m[Koperator[m[K<<(basic_ostream<_CharT, _Traits>& __out, const char* __s)
[1.681s]       |     [01;36m[K^~~~~~~~[m[K
[1.681s] [01m[K/usr/include/c++/9/bits/ostream.tcc:321:5:[m[K [01;36m[Knote: [m[K  template argument deduction/substitution failed:
[1.681s] [01m[K/home/xcy/ros2_ws/src/cpp_topic/src/cpp_pub_spiral.cpp:22:71:[m[K [01;36m[Knote: [m[K  mismatched types ‘[01m[Kstd::basic_ostream<_CharT, _Traits>[m[K’ and ‘[01m[Kconst char [36][m[K’
[1.681s]    22 |         ROS_INFO_STREAM("Received StatusData - mac_address: " << msg->[01;36m[Kmac_address[m[K
[1.681s]       |                                                                       [01;36m[K^~~~~~~~~~~[m[K
[1.681s] In file included from [01m[K/usr/include/c++/9/iostream:39[m[K,
[1.681s]                  from [01m[K/opt/ros/foxy/include/rclcpp/executor.hpp:22[m[K,
[1.681s]                  from [01m[K/opt/ros/foxy/include/rclcpp/executors/multi_threaded_executor.hpp:26[m[K,
[1.681s]                  from [01m[K/opt/ros/foxy/include/rclcpp/executors.hpp:21[m[K,
[1.681s]                  from [01m[K/opt/ros/foxy/include/rclcpp/rclcpp.hpp:146[m[K,
[1.681s]                  from [01m[K/home/xcy/ros2_ws/src/cpp_topic/src/cpp_pub_spiral.cpp:2[m[K:
[1.681s] [01m[K/usr/include/c++/9/ostream:565:5:[m[K [01;36m[Knote: [m[Kcandidate: ‘[01m[Ktemplate<class _Traits> std::basic_ostream<char, _Traits>& std::operator<<(std::basic_ostream<char, _Traits>&, const char*)[m[K’
[1.681s]   565 |     [01;36m[Koperator[m[K<<(basic_ostream<char, _Traits>& __out, const char* __s)
[1.681s]       |     [01;36m[K^~~~~~~~[m[K
[1.681s] [01m[K/usr/include/c++/9/ostream:565:5:[m[K [01;36m[Knote: [m[K  template argument deduction/substitution failed:
[1.682s] [01m[K/home/xcy/ros2_ws/src/cpp_topic/src/cpp_pub_spiral.cpp:22:71:[m[K [01;36m[Knote: [m[K  mismatched types ‘[01m[Kstd::basic_ostream<char, _Traits>[m[K’ and ‘[01m[Kconst char [36][m[K’
[1.682s]    22 |         ROS_INFO_STREAM("Received StatusData - mac_address: " << msg->[01;36m[Kmac_address[m[K
[1.682s]       |                                                                       [01;36m[K^~~~~~~~~~~[m[K
[1.682s] In file included from [01m[K/usr/include/c++/9/iostream:39[m[K,
[1.682s]                  from [01m[K/opt/ros/foxy/include/rclcpp/executor.hpp:22[m[K,
[1.682s]                  from [01m[K/opt/ros/foxy/include/rclcpp/executors/multi_threaded_executor.hpp:26[m[K,
[1.682s]                  from [01m[K/opt/ros/foxy/include/rclcpp/executors.hpp:21[m[K,
[1.682s]                  from [01m[K/opt/ros/foxy/include/rclcpp/rclcpp.hpp:146[m[K,
[1.682s]                  from [01m[K/home/xcy/ros2_ws/src/cpp_topic/src/cpp_pub_spiral.cpp:2[m[K:
[1.682s] [01m[K/usr/include/c++/9/ostream:578:5:[m[K [01;36m[Knote: [m[Kcandidate: ‘[01m[Ktemplate<class _Traits> std::basic_ostream<char, _Traits>& std::operator<<(std::basic_ostream<char, _Traits>&, const signed char*)[m[K’
[1.682s]   578 |     [01;36m[Koperator[m[K<<(basic_ostream<char, _Traits>& __out, const signed char* __s)
[1.682s]       |     [01;36m[K^~~~~~~~[m[K
[1.682s] [01m[K/usr/include/c++/9/ostream:578:5:[m[K [01;36m[Knote: [m[K  template argument deduction/substitution failed:
[1.682s] [01m[K/home/xcy/ros2_ws/src/cpp_topic/src/cpp_pub_spiral.cpp:22:71:[m[K [01;36m[Knote: [m[K  mismatched types ‘[01m[Kstd::basic_ostream<char, _Traits>[m[K’ and ‘[01m[Kconst char [36][m[K’
[1.683s]    22 |         ROS_INFO_STREAM("Received StatusData - mac_address: " << msg->[01;36m[Kmac_address[m[K
[1.683s]       |                                                                       [01;36m[K^~~~~~~~~~~[m[K
[1.683s] In file included from [01m[K/usr/include/c++/9/iostream:39[m[K,
[1.683s]                  from [01m[K/opt/ros/foxy/include/rclcpp/executor.hpp:22[m[K,
[1.683s]                  from [01m[K/opt/ros/foxy/include/rclcpp/executors/multi_threaded_executor.hpp:26[m[K,
[1.683s]                  from [01m[K/opt/ros/foxy/include/rclcpp/executors.hpp:21[m[K,
[1.683s]                  from [01m[K/opt/ros/foxy/include/rclcpp/rclcpp.hpp:146[m[K,
[1.683s]                  from [01m[K/home/xcy/ros2_ws/src/cpp_topic/src/cpp_pub_spiral.cpp:2[m[K:
[1.683s] [01m[K/usr/include/c++/9/ostream:583:5:[m[K [01;36m[Knote: [m[Kcandidate: ‘[01m[Ktemplate<class _Traits> std::basic_ostream<char, _Traits>& std::operator<<(std::basic_ostream<char, _Traits>&, const unsigned char*)[m[K’
[1.683s]   583 |     [01;36m[Koperator[m[K<<(basic_ostream<char, _Traits>& __out, const unsigned char* __s)
[1.683s]       |     [01;36m[K^~~~~~~~[m[K
[1.683s] [01m[K/usr/include/c++/9/ostream:583:5:[m[K [01;36m[Knote: [m[K  template argument deduction/substitution failed:
[1.683s] [01m[K/home/xcy/ros2_ws/src/cpp_topic/src/cpp_pub_spiral.cpp:22:71:[m[K [01;36m[Knote: [m[K  mismatched types ‘[01m[Kstd::basic_ostream<char, _Traits>[m[K’ and ‘[01m[Kconst char [36][m[K’
[1.683s]    22 |         ROS_INFO_STREAM("Received StatusData - mac_address: " << msg->[01;36m[Kmac_address[m[K
[1.684s]       |                                                                       [01;36m[K^~~~~~~~~~~[m[K
[1.684s] In file included from [01m[K/usr/include/c++/9/iostream:39[m[K,
[1.684s]                  from [01m[K/opt/ros/foxy/include/rclcpp/executor.hpp:22[m[K,
[1.684s]                  from [01m[K/opt/ros/foxy/include/rclcpp/executors/multi_threaded_executor.hpp:26[m[K,
[1.684s]                  from [01m[K/opt/ros/foxy/include/rclcpp/executors.hpp:21[m[K,
[1.684s]                  from [01m[K/opt/ros/foxy/include/rclcpp/rclcpp.hpp:146[m[K,
[1.684s]                  from [01m[K/home/xcy/ros2_ws/src/cpp_topic/src/cpp_pub_spiral.cpp:2[m[K:
[1.684s] [01m[K/usr/include/c++/9/ostream:691:5:[m[K [01;36m[Knote: [m[Kcandidate: ‘[01m[Ktemplate<class _Ostream, class _Tp> typename std::enable_if<std::__and_<std::__not_<std::is_lvalue_reference<_Tp> >, std::__is_convertible_to_basic_ostream<_Ostream>, std::__is_insertable<typename std::__is_convertible_to_basic_ostream<_Tp>::__ostream_type, const _Tp&, void> >::value, typename std::__is_convertible_to_basic_ostream<_Tp>::__ostream_type>::type std::operator<<(_Ostream&&, const _Tp&)[m[K’
[1.684s]   691 |     [01;36m[Koperator[m[K<<(_Ostream&& __os, const _Tp& __x)
[1.684s]       |     [01;36m[K^~~~~~~~[m[K
[1.684s] [01m[K/usr/include/c++/9/ostream:691:5:[m[K [01;36m[Knote: [m[K  template argument deduction/substitution failed:
[1.684s] /usr/include/c++/9/ostream: In substitution of ‘[01m[Ktemplate<class _Ostream, class _Tp> typename std::enable_if<std::__and_<std::__not_<std::is_lvalue_reference<_Tp> >, std::__is_convertible_to_basic_ostream<_Ostream>, std::__is_insertable<typename std::__is_convertible_to_basic_ostream<_Tp>::__ostream_type, const _Tp&, void> >::value, typename std::__is_convertible_to_basic_ostream<_Tp>::__ostream_type>::type std::operator<<(_Ostream&&, const _Tp&) [with _Ostream = const char (&)[36]; _Tp = std::__cxx11::basic_string<char>][m[K’:
[1.684s] [01m[K/home/xcy/ros2_ws/src/cpp_topic/src/cpp_pub_spiral.cpp:22:71:[m[K   required from here
[1.684s] [01m[K/usr/include/c++/9/ostream:691:5:[m[K [01;31m[Kerror: [m[Kno type named ‘[01m[Ktype[m[K’ in ‘[01m[Kstruct std::enable_if<false, void>[m[K’
[1.685s] In file included from [01m[K/opt/ros/foxy/include/rclcpp/experimental/buffers/ring_buffer_implementation.hpp:19[m[K,
[1.685s]                  from [01m[K/opt/ros/foxy/include/rclcpp/experimental/create_intra_process_buffer.hpp:25[m[K,
[1.685s]                  from [01m[K/opt/ros/foxy/include/rclcpp/experimental/subscription_intra_process.hpp:29[m[K,
[1.685s]                  from [01m[K/opt/ros/foxy/include/rclcpp/experimental/intra_process_manager.hpp:34[m[K,
[1.685s]                  from [01m[K/opt/ros/foxy/include/rclcpp/subscription_base.hpp:30[m[K,
[1.685s]                  from [01m[K/opt/ros/foxy/include/rclcpp/callback_group.hpp:26[m[K,
[1.685s]                  from [01m[K/opt/ros/foxy/include/rclcpp/any_executable.hpp:20[m[K,
[1.685s]                  from [01m[K/opt/ros/foxy/include/rclcpp/memory_strategy.hpp:24[m[K,
[1.685s]                  from [01m[K/opt/ros/foxy/include/rclcpp/memory_strategies.hpp:18[m[K,
[1.685s]                  from [01m[K/opt/ros/foxy/include/rclcpp/executor_options.hpp:20[m[K,
[1.685s]                  from [01m[K/opt/ros/foxy/include/rclcpp/executor.hpp:33[m[K,
[1.685s]                  from [01m[K/opt/ros/foxy/include/rclcpp/executors/multi_threaded_executor.hpp:26[m[K,
[1.685s]                  from [01m[K/opt/ros/foxy/include/rclcpp/executors.hpp:21[m[K,
[1.686s]                  from [01m[K/opt/ros/foxy/include/rclcpp/rclcpp.hpp:146[m[K,
[1.686s]                  from [01m[K/home/xcy/ros2_ws/src/cpp_topic/src/cpp_pub_spiral.cpp:2[m[K:
[1.686s] [01m[K/usr/include/c++/9/cstddef:130:5:[m[K [01;36m[Knote: [m[Kcandidate: ‘[01m[Ktemplate<class _IntegerType> constexpr std::__byte_op_t<_IntegerType> std::operator<<(std::byte, _IntegerType)[m[K’
[1.686s]   130 |     [01;36m[Koperator[m[K<<(byte __b, _IntegerType __shift) noexcept
[1.686s]       |     [01;36m[K^~~~~~~~[m[K
[1.686s] [01m[K/usr/include/c++/9/cstddef:130:5:[m[K [01;36m[Knote: [m[K  template argument deduction/substitution failed:
[1.686s] [01m[K/home/xcy/ros2_ws/src/cpp_topic/src/cpp_pub_spiral.cpp:22:25:[m[K [01;36m[Knote: [m[K  cannot convert ‘[01m[K"Received StatusData - mac_address: "[m[K’ (type ‘[01m[Kconst char [36][m[K’) to type ‘[01m[Kstd::byte[m[K’
[1.686s]    22 |         ROS_INFO_STREAM([01;36m[K"Received StatusData - mac_address: "[m[K << msg->mac_address
[1.686s]       |                         [01;36m[K^~~~~~~~~~~~~~~~~~~~~~~~~~~~~~~~~~~~~[m[K
[1.686s] [01m[K/home/xcy/ros2_ws/src/cpp_topic/src/cpp_pub_spiral.cpp:22:9:[m[K [01;31m[Kerror: [m[K‘[01m[KROS_INFO_STREAM[m[K’ was not declared in this scope; did you mean ‘[01m[KRCLCPP_INFO_STREAM[m[K’?
[1.686s]    22 |         [01;31m[KROS_INFO_STREAM[m[K("Received StatusData - mac_address: " << msg->mac_address
[1.686s]       |         [01;31m[K^~~~~~~~~~~~~~~[m[K
[1.686s]       |         [32m[KRCLCPP_INFO_STREAM[m[K
[3.137s] make[2]: *** [CMakeFiles/cpp_pub_spiral.dir/build.make:63: CMakeFiles/cpp_pub_spiral.dir/src/cpp_pub_spiral.cpp.o] Error 1
[3.138s] make[1]: *** [CMakeFiles/Makefile2:107: CMakeFiles/cpp_pub_spiral.dir/all] Error 2
[3.138s] make: *** [Makefile:141: all] Error 2
[3.140s] Invoked command in '/home/xcy/ros2_ws/build/cpp_topic' returned '2': CMAKE_PREFIX_PATH=${CMAKE_PREFIX_PATH}:/home/xcy/ros2_ws3/install/py_topic:/opt/ros/foxy /usr/bin/cmake --build /home/xcy/ros2_ws/build/cpp_topic -- -j8 -l8
